[ 2015-08-21T18:48:37+08:00 ] 127.0.0.1 /yaheng/Wap/product/catelist/cid/74/sid/catelist
INFO: [ app_init ] --START--
INFO: Run Behavior\BuildLiteBehavior [ RunTime:0.000000s ]
INFO: [ app_init ] --END-- [ RunTime:0.012001s ]
INFO: [ app_begin ] --START--
INFO: Run Behavior\ReadHtmlCacheBehavior [ RunTime:0.001000s ]
INFO: [ app_begin ] --END-- [ RunTime:0.002000s ]
NOTIC: [8192] mysql_connect(): The mysql extension is deprecated and will be removed in the future: use mysqli or PDO instead D:\www\yaheng\include\Library\Think\Db\Driver\Mysql.class.php 第 52 行.
SQL: SHOW COLUMNS FROM `jkd_company` [ RunTime:0.013001s ]
ERR: 1146:Table 'yaheng.jkd_company' doesn't exist
 [ SQL语句 ] : SHOW COLUMNS FROM `jkd_company`
SQL: SELECT * FROM `jkd_company`  [ RunTime:0.001000s ]
ERR: 1146:Table 'yaheng.jkd_company' doesn't exist
 [ SQL语句 ] : SELECT * FROM `jkd_company` 
SQL: SHOW COLUMNS FROM `jkd_nav` [ RunTime:0.012001s ]
SQL: SELECT `id`,`nav_name`,`link`,`action` FROM `jkd_nav` WHERE ( type="top" ) ORDER BY sort desc  [ RunTime:0.000000s ]
SQL: SELECT `nav_name` FROM `jkd_nav` WHERE ( action='Product' ) LIMIT 1   [ RunTime:0.000000s ]
SQL: SHOW COLUMNS FROM `jkd_category` [ RunTime:0.011001s ]
SQL: SHOW COLUMNS FROM `jkd_product` [ RunTime:0.014000s ]
SQL: SELECT * FROM `jkd_product` WHERE ( `status` = 1 ) LIMIT 8,4   [ RunTime:0.001000s ]
SQL: SHOW COLUMNS FROM `jkd_images` [ RunTime:0.009000s ]
SQL: SELECT `savepath` FROM `jkd_images` WHERE ( `id` = 221 ) LIMIT 1   [ RunTime:0.001000s ]
SQL: SELECT `savepath` FROM `jkd_images` WHERE ( `id` = 221 ) LIMIT 1   [ RunTime:0.000000s ]
SQL: SELECT `savepath` FROM `jkd_images` WHERE ( `id` = 221 ) LIMIT 1   [ RunTime:0.001000s ]
SQL: SELECT `savepath` FROM `jkd_images` WHERE ( `id` = 221 ) LIMIT 1   [ RunTime:0.000000s ]

[ 2015-08-21T18:49:54+08:00 ] 127.0.0.1 /yaheng/Wap/product/catelist/cid/74/sid/90.html
INFO: [ app_init ] --START--
INFO: Run Behavior\BuildLiteBehavior [ RunTime:0.000000s ]
INFO: [ app_init ] --END-- [ RunTime:0.001000s ]
INFO: [ app_begin ] --START--
INFO: Run Behavior\ReadHtmlCacheBehavior [ RunTime:0.001000s ]
INFO: [ app_begin ] --END-- [ RunTime:0.001000s ]
NOTIC: [8192] mysql_connect(): The mysql extension is deprecated and will be removed in the future: use mysqli or PDO instead D:\www\yaheng\include\Library\Think\Db\Driver\Mysql.class.php 第 52 行.
SQL: SHOW COLUMNS FROM `jkd_company` [ RunTime:0.011001s ]
ERR: 1146:Table 'yaheng.jkd_company' doesn't exist
 [ SQL语句 ] : SHOW COLUMNS FROM `jkd_company`
SQL: SELECT * FROM `jkd_company`  [ RunTime:0.001000s ]
ERR: 1146:Table 'yaheng.jkd_company' doesn't exist
 [ SQL语句 ] : SELECT * FROM `jkd_company` 
SQL: SHOW COLUMNS FROM `jkd_nav` [ RunTime:0.014001s ]
SQL: SELECT `id`,`nav_name`,`link`,`action` FROM `jkd_nav` WHERE ( type="top" ) ORDER BY sort desc  [ RunTime:0.001000s ]
SQL: SELECT `nav_name` FROM `jkd_nav` WHERE ( action='Product' ) LIMIT 1   [ RunTime:0.001000s ]
SQL: SHOW COLUMNS FROM `jkd_category` [ RunTime:0.013001s ]
SQL: SHOW COLUMNS FROM `jkd_product` [ RunTime:0.013001s ]
SQL: SELECT `name` FROM `jkd_category` WHERE ( cid=74 ) LIMIT 1   [ RunTime:0.000000s ]
SQL: SELECT * FROM `jkd_category` WHERE ( type='s' ) ORDER BY cid desc  [ RunTime:0.002000s ]
SQL: SELECT * FROM `jkd_product` WHERE ( status=1 and sid=90 and cid=74 ) ORDER BY id desc LIMIT 8   [ RunTime:0.001000s ]
SQL: SELECT COUNT(*) AS tp_count FROM `jkd_product` WHERE ( status=1 and sid=90 and cid=74 ) ORDER BY id desc LIMIT 1   [ RunTime:0.001000s ]
INFO: [ view_parse ] --START--
NOTIC: [2] explode() expects parameter 2 to be string, array given D:\www\yaheng\include\Library\Think\Template.class.php 第 169 行.
NOTIC: [2] Invalid argument supplied for foreach() D:\www\yaheng\include\Library\Think\Template.class.php 第 170 行.
NOTIC: [2] explode() expects parameter 2 to be string, array given D:\www\yaheng\include\Library\Think\Template.class.php 第 169 行.
NOTIC: [2] Invalid argument supplied for foreach() D:\www\yaheng\include\Library\Think\Template.class.php 第 170 行.
NOTIC: [2] explode() expects parameter 2 to be string, array given D:\www\yaheng\include\Library\Think\Template.class.php 第 169 行.
NOTIC: [2] Invalid argument supplied for foreach() D:\www\yaheng\include\Library\Think\Template.class.php 第 170 行.
NOTIC: [2] explode() expects parameter 2 to be string, array given D:\www\yaheng\include\Library\Think\Template.class.php 第 169 行.
NOTIC: [2] Invalid argument supplied for foreach() D:\www\yaheng\include\Library\Think\Template.class.php 第 170 行.
INFO: [ template_filter ] --START--
INFO: Run Behavior\ContentReplaceBehavior [ RunTime:0.001000s ]
INFO: [ template_filter ] --END-- [ RunTime:0.001000s ]
NOTIC: [8] Undefined variable: info D:\www\yaheng\Application\Runtime\Cache\Wap\5f63913d13131536155c1c0ca6e465ba.php 第 21 行.
NOTIC: [8] Undefined variable: info D:\www\yaheng\Application\Runtime\Cache\Wap\5f63913d13131536155c1c0ca6e465ba.php 第 22 行.
NOTIC: [8] Undefined variable: total D:\www\yaheng\Application\Runtime\Cache\Wap\5f63913d13131536155c1c0ca6e465ba.php 第 125 行.
SQL: SHOW COLUMNS FROM `jkd_images` [ RunTime:0.014001s ]
SQL: SELECT `savepath` FROM `jkd_images` WHERE ( `id` = 221 ) LIMIT 1   [ RunTime:0.001000s ]
SQL: SELECT `savepath` FROM `jkd_images` WHERE ( `id` = 221 ) LIMIT 1   [ RunTime:0.001000s ]
SQL: SELECT `savepath` FROM `jkd_images` WHERE ( `id` = 221 ) LIMIT 1   [ RunTime:0.001000s ]
SQL: SELECT `savepath` FROM `jkd_images` WHERE ( `id` = 221 ) LIMIT 1   [ RunTime:0.001000s ]
SQL: SELECT `savepath` FROM `jkd_images` WHERE ( `id` = 221 ) LIMIT 1   [ RunTime:0.001000s ]
SQL: SELECT `savepath` FROM `jkd_images` WHERE ( `id` = 221 ) LIMIT 1   [ RunTime:0.001000s ]
SQL: SELECT `savepath` FROM `jkd_images` WHERE ( `id` = 221 ) LIMIT 1   [ RunTime:0.000000s ]
SQL: SELECT `savepath` FROM `jkd_images` WHERE ( `id` = 221 ) LIMIT 1   [ RunTime:0.000000s ]
INFO: Run Behavior\ParseTemplateBehavior [ RunTime:0.082005s ]
INFO: [ view_parse ] --END-- [ RunTime:0.083005s ]
INFO: [ view_filter ] --START--
INFO: Run Behavior\WriteHtmlCacheBehavior [ RunTime:0.001000s ]
INFO: Run Behavior\TokenBuildBehavior [ RunTime:0.001000s ]
INFO: [ view_filter ] --END-- [ RunTime:0.002000s ]
INFO: [ app_end ] --START--
INFO: Run Behavior\ShowPageTraceBehavior [ RunTime:0.002000s ]
INFO: [ app_end ] --END-- [ RunTime:0.002000s ]

[ 2015-08-21T18:49:54+08:00 ] 127.0.0.1 /yaheng/Public/Wap/js/maps/swiper.min.js.map
INFO: [ app_init ] --START--
INFO: Run Behavior\BuildLiteBehavior [ RunTime:0.000000s ]
INFO: [ app_init ] --END-- [ RunTime:0.001000s ]
INFO: [ app_begin ] --START--
INFO: Run Behavior\ReadHtmlCacheBehavior [ RunTime:0.001000s ]
INFO: Run Behavior\CheckLangBehavior [ RunTime:0.003000s ]
INFO: [ app_begin ] --END-- [ RunTime:0.005000s ]
NOTIC: [8192] mysql_connect(): The mysql extension is deprecated and will be removed in the future: use mysqli or PDO instead D:\www\yaheng\include\Library\Think\Db\Driver\Mysql.class.php 第 52 行.
SQL: SHOW COLUMNS FROM `jkd_company` [ RunTime:0.014001s ]
ERR: 1146:Table 'yaheng.jkd_company' doesn't exist
 [ SQL语句 ] : SHOW COLUMNS FROM `jkd_company`
SQL: SELECT * FROM `jkd_company`  [ RunTime:0.001000s ]
ERR: 1146:Table 'yaheng.jkd_company' doesn't exist
 [ SQL语句 ] : SELECT * FROM `jkd_company` 
SQL: SHOW COLUMNS FROM `jkd_nav` [ RunTime:0.014001s ]
SQL: SELECT `nav_name` FROM `jkd_nav` WHERE ( action='public' ) LIMIT 1   [ RunTime:0.000000s ]
SQL: SHOW COLUMNS FROM `jkd_ad` [ RunTime:0.016001s ]
SQL: SELECT * FROM `jkd_ad` WHERE ( `lang` = 'zh-cn' ) AND ( `position` = 'wxqr' ) ORDER BY sort DESC  [ RunTime:0.002001s ]
INFO: [ view_parse ] --START--
NOTIC: [2] explode() expects parameter 2 to be string, array given D:\www\yaheng\include\Library\Think\Template.class.php 第 169 行.
NOTIC: [2] Invalid argument supplied for foreach() D:\www\yaheng\include\Library\Think\Template.class.php 第 170 行.
INFO: [ template_filter ] --START--
INFO: Run Behavior\ContentReplaceBehavior [ RunTime:0.001000s ]
INFO: [ template_filter ] --END-- [ RunTime:0.001000s ]
INFO: Run Behavior\ParseTemplateBehavior [ RunTime:0.024001s ]
INFO: [ view_parse ] --END-- [ RunTime:0.024001s ]
INFO: [ view_filter ] --START--
INFO: Run Behavior\WriteHtmlCacheBehavior [ RunTime:0.002000s ]
INFO: [ view_filter ] --END-- [ RunTime:0.002000s ]

[ 2015-08-21T18:49:55+08:00 ] 127.0.0.1 /yaheng/favicon.ico
INFO: [ app_init ] --START--
INFO: Run Behavior\BuildLiteBehavior [ RunTime:0.000000s ]
INFO: [ app_init ] --END-- [ RunTime:0.002000s ]
INFO: [ app_begin ] --START--
INFO: Run Behavior\ReadHtmlCacheBehavior [ RunTime:0.002000s ]
INFO: Run Behavior\CheckLangBehavior [ RunTime:0.003000s ]
INFO: [ app_begin ] --END-- [ RunTime:0.006001s ]
NOTIC: [8192] mysql_connect(): The mysql extension is deprecated and will be removed in the future: use mysqli or PDO instead D:\www\yaheng\include\Library\Think\Db\Driver\Mysql.class.php 第 52 行.
SQL: SHOW COLUMNS FROM `jkd_company` [ RunTime:0.010001s ]
ERR: 1146:Table 'yaheng.jkd_company' doesn't exist
 [ SQL语句 ] : SHOW COLUMNS FROM `jkd_company`
SQL: SELECT * FROM `jkd_company`  [ RunTime:0.000000s ]
ERR: 1146:Table 'yaheng.jkd_company' doesn't exist
 [ SQL语句 ] : SELECT * FROM `jkd_company` 
SQL: SHOW COLUMNS FROM `jkd_nav` [ RunTime:0.010000s ]
SQL: SELECT `nav_name` FROM `jkd_nav` WHERE ( action='favicon.ico' ) LIMIT 1   [ RunTime:0.001000s ]
SQL: SHOW COLUMNS FROM `jkd_ad` [ RunTime:0.010001s ]
SQL: SELECT * FROM `jkd_ad` WHERE ( `lang` = 'zh-cn' ) AND ( `position` = 'wxqr' ) ORDER BY sort DESC  [ RunTime:0.001000s ]
INFO: [ view_parse ] --START--
NOTIC: [2] explode() expects parameter 2 to be string, array given D:\www\yaheng\include\Library\Think\Template.class.php 第 169 行.
NOTIC: [2] Invalid argument supplied for foreach() D:\www\yaheng\include\Library\Think\Template.class.php 第 170 行.
INFO: [ template_filter ] --START--
INFO: Run Behavior\ContentReplaceBehavior [ RunTime:0.000000s ]
INFO: [ template_filter ] --END-- [ RunTime:0.001000s ]
INFO: Run Behavior\ParseTemplateBehavior [ RunTime:0.017001s ]
INFO: [ view_parse ] --END-- [ RunTime:0.017001s ]
INFO: [ view_filter ] --START--
INFO: Run Behavior\WriteHtmlCacheBehavior [ RunTime:0.001000s ]
INFO: [ view_filter ] --END-- [ RunTime:0.001000s ]
INFO: [ app_end ] --START--
INFO: Run Behavior\ShowPageTraceBehavior [ RunTime:0.001000s ]
INFO: [ app_end ] --END-- [ RunTime:0.002000s ]

[ 2015-08-21T18:49:55+08:00 ] 127.0.0.1 /yaheng/wap
INFO: [ app_init ] --START--
INFO: Run Behavior\BuildLiteBehavior [ RunTime:0.000000s ]
INFO: [ app_init ] --END-- [ RunTime:0.002000s ]
INFO: [ app_begin ] --START--
INFO: Run Behavior\ReadHtmlCacheBehavior [ RunTime:0.001000s ]
INFO: [ app_begin ] --END-- [ RunTime:0.001000s ]
NOTIC: [8192] mysql_connect(): The mysql extension is deprecated and will be removed in the future: use mysqli or PDO instead D:\www\yaheng\include\Library\Think\Db\Driver\Mysql.class.php 第 52 行.
SQL: SHOW COLUMNS FROM `jkd_company` [ RunTime:0.009001s ]
ERR: 1146:Table 'yaheng.jkd_company' doesn't exist
 [ SQL语句 ] : SHOW COLUMNS FROM `jkd_company`
SQL: SELECT * FROM `jkd_company`  [ RunTime:0.001000s ]
ERR: 1146:Table 'yaheng.jkd_company' doesn't exist
 [ SQL语句 ] : SELECT * FROM `jkd_company` 
SQL: SHOW COLUMNS FROM `jkd_nav` [ RunTime:0.013001s ]
SQL: SELECT `id`,`nav_name`,`link`,`action` FROM `jkd_nav` WHERE ( type="top" ) ORDER BY sort desc  [ RunTime:0.001000s ]
SQL: SELECT `nav_name` FROM `jkd_nav` WHERE ( action='Index' ) LIMIT 1   [ RunTime:0.001000s ]
SQL: SELECT `id`,`nav_name`,`link`,`action` FROM `jkd_nav` WHERE ( type="top" ) ORDER BY sort desc  [ RunTime:0.000000s ]
INFO: [ view_parse ] --START--
NOTIC: [2] explode() expects parameter 2 to be string, array given D:\www\yaheng\include\Library\Think\Template.class.php 第 169 行.
NOTIC: [2] Invalid argument supplied for foreach() D:\www\yaheng\include\Library\Think\Template.class.php 第 170 行.
NOTIC: [2] explode() expects parameter 2 to be string, array given D:\www\yaheng\include\Library\Think\Template.class.php 第 169 行.
NOTIC: [2] Invalid argument supplied for foreach() D:\www\yaheng\include\Library\Think\Template.class.php 第 170 行.
INFO: [ template_filter ] --START--
INFO: Run Behavior\ContentReplaceBehavior [ RunTime:0.001000s ]
INFO: [ template_filter ] --END-- [ RunTime:0.001000s ]
NOTIC: [8] Undefined variable: info D:\www\yaheng\Application\Runtime\Cache\Wap\72ce0aa59ea099606b7d8fd91a906396.php 第 22 行.
NOTIC: [8] Undefined variable: info D:\www\yaheng\Application\Runtime\Cache\Wap\72ce0aa59ea099606b7d8fd91a906396.php 第 23 行.
INFO: Run Behavior\ParseTemplateBehavior [ RunTime:0.032002s ]
INFO: [ view_parse ] --END-- [ RunTime:0.032002s ]
INFO: [ view_filter ] --START--
INFO: Run Behavior\WriteHtmlCacheBehavior [ RunTime:0.001000s ]
INFO: Run Behavior\TokenBuildBehavior [ RunTime:0.001000s ]
INFO: [ view_filter ] --END-- [ RunTime:0.003000s ]
INFO: [ app_end ] --START--
INFO: Run Behavior\ShowPageTraceBehavior [ RunTime:0.001000s ]
INFO: [ app_end ] --END-- [ RunTime:0.001000s ]

[ 2015-08-21T18:49:56+08:00 ] 127.0.0.1 /yaheng/Wap/product/catelist/cid/74/sid/catelist
INFO: [ app_init ] --START--
INFO: Run Behavior\BuildLiteBehavior [ RunTime:0.001000s ]
INFO: [ app_init ] --END-- [ RunTime:0.001000s ]
INFO: [ app_begin ] --START--
INFO: Run Behavior\ReadHtmlCacheBehavior [ RunTime:0.003000s ]
INFO: [ app_begin ] --END-- [ RunTime:0.003000s ]
NOTIC: [8192] mysql_connect(): The mysql extension is deprecated and will be removed in the future: use mysqli or PDO instead D:\www\yaheng\include\Library\Think\Db\Driver\Mysql.class.php 第 52 行.
SQL: SHOW COLUMNS FROM `jkd_company` [ RunTime:0.012000s ]
ERR: 1146:Table 'yaheng.jkd_company' doesn't exist
 [ SQL语句 ] : SHOW COLUMNS FROM `jkd_company`
SQL: SELECT * FROM `jkd_company`  [ RunTime:0.000000s ]
ERR: 1146:Table 'yaheng.jkd_company' doesn't exist
 [ SQL语句 ] : SELECT * FROM `jkd_company` 
SQL: SHOW COLUMNS FROM `jkd_nav` [ RunTime:0.014000s ]
SQL: SELECT `id`,`nav_name`,`link`,`action` FROM `jkd_nav` WHERE ( type="top" ) ORDER BY sort desc  [ RunTime:0.001000s ]
SQL: SELECT `nav_name` FROM `jkd_nav` WHERE ( action='Product' ) LIMIT 1   [ RunTime:0.001000s ]
SQL: SHOW COLUMNS FROM `jkd_category` [ RunTime:0.012000s ]
SQL: SHOW COLUMNS FROM `jkd_product` [ RunTime:0.013000s ]
SQL: SELECT * FROM `jkd_product` WHERE ( `status` = 1 ) LIMIT 8,4   [ RunTime:0.001001s ]
SQL: SHOW COLUMNS FROM `jkd_images` [ RunTime:0.008000s ]
SQL: SELECT `savepath` FROM `jkd_images` WHERE ( `id` = 221 ) LIMIT 1   [ RunTime:0.001000s ]
SQL: SELECT `savepath` FROM `jkd_images` WHERE ( `id` = 221 ) LIMIT 1   [ RunTime:0.000000s ]
SQL: SELECT `savepath` FROM `jkd_images` WHERE ( `id` = 221 ) LIMIT 1   [ RunTime:0.000000s ]
SQL: SELECT `savepath` FROM `jkd_images` WHERE ( `id` = 221 ) LIMIT 1   [ RunTime:0.002001s ]

[ 2015-08-21T18:49:56+08:00 ] 127.0.0.1 /yaheng/Wap/product/catelist/cid/74/sid/news/ajax?page=1
INFO: [ app_init ] --START--
INFO: Run Behavior\BuildLiteBehavior [ RunTime:0.000000s ]
INFO: [ app_init ] --END-- [ RunTime:0.001000s ]
INFO: [ app_begin ] --START--
INFO: Run Behavior\ReadHtmlCacheBehavior [ RunTime:0.001000s ]
INFO: [ app_begin ] --END-- [ RunTime:0.001000s ]
NOTIC: [8192] mysql_connect(): The mysql extension is deprecated and will be removed in the future: use mysqli or PDO instead D:\www\yaheng\include\Library\Think\Db\Driver\Mysql.class.php 第 52 行.
SQL: SHOW COLUMNS FROM `jkd_company` [ RunTime:0.012000s ]
ERR: 1146:Table 'yaheng.jkd_company' doesn't exist
 [ SQL语句 ] : SHOW COLUMNS FROM `jkd_company`
SQL: SELECT * FROM `jkd_company`  [ RunTime:0.000000s ]
ERR: 1146:Table 'yaheng.jkd_company' doesn't exist
 [ SQL语句 ] : SELECT * FROM `jkd_company` 
SQL: SHOW COLUMNS FROM `jkd_nav` [ RunTime:0.014000s ]
SQL: SELECT `id`,`nav_name`,`link`,`action` FROM `jkd_nav` WHERE ( type="top" ) ORDER BY sort desc  [ RunTime:0.000000s ]
SQL: SELECT `nav_name` FROM `jkd_nav` WHERE ( action='Product' ) LIMIT 1   [ RunTime:0.001000s ]
SQL: SHOW COLUMNS FROM `jkd_category` [ RunTime:0.010000s ]
SQL: SHOW COLUMNS FROM `jkd_product` [ RunTime:0.013001s ]
SQL: SELECT `name` FROM `jkd_category` WHERE ( cid=74 ) LIMIT 1   [ RunTime:0.000000s ]
SQL: SELECT * FROM `jkd_category` WHERE ( type='s' ) ORDER BY cid desc  [ RunTime:0.001000s ]
SQL: SELECT * FROM `jkd_product` WHERE ( status=1 and sid=news and cid=74 ) ORDER BY id desc LIMIT 8   [ RunTime:0.001001s ]
ERR: 1054:Unknown column 'news' in 'where clause'
 [ SQL语句 ] : SELECT * FROM `jkd_product` WHERE ( status=1 and sid=news and cid=74 ) ORDER BY id desc LIMIT 8  
SQL: SELECT COUNT(*) AS tp_count FROM `jkd_product` WHERE ( status=1 and sid=news and cid=74 ) ORDER BY id desc LIMIT 1   [ RunTime:0.001000s ]
ERR: 1054:Unknown column 'news' in 'where clause'
 [ SQL语句 ] : SELECT COUNT(*) AS tp_count FROM `jkd_product` WHERE ( status=1 and sid=news and cid=74 ) ORDER BY id desc LIMIT 1  
INFO: [ view_parse ] --START--
NOTIC: [2] explode() expects parameter 2 to be string, array given D:\www\yaheng\include\Library\Think\Template.class.php 第 169 行.
NOTIC: [2] Invalid argument supplied for foreach() D:\www\yaheng\include\Library\Think\Template.class.php 第 170 行.
NOTIC: [2] explode() expects parameter 2 to be string, array given D:\www\yaheng\include\Library\Think\Template.class.php 第 169 行.
NOTIC: [2] Invalid argument supplied for foreach() D:\www\yaheng\include\Library\Think\Template.class.php 第 170 行.
NOTIC: [2] explode() expects parameter 2 to be string, array given D:\www\yaheng\include\Library\Think\Template.class.php 第 169 行.
NOTIC: [2] Invalid argument supplied for foreach() D:\www\yaheng\include\Library\Think\Template.class.php 第 170 行.
NOTIC: [2] explode() expects parameter 2 to be string, array given D:\www\yaheng\include\Library\Think\Template.class.php 第 169 行.
NOTIC: [2] Invalid argument supplied for foreach() D:\www\yaheng\include\Library\Think\Template.class.php 第 170 行.
INFO: [ template_filter ] --START--
INFO: Run Behavior\ContentReplaceBehavior [ RunTime:0.001000s ]
INFO: [ template_filter ] --END-- [ RunTime:0.001000s ]
NOTIC: [8] Undefined variable: info D:\www\yaheng\Application\Runtime\Cache\Wap\5f63913d13131536155c1c0ca6e465ba.php 第 21 行.
NOTIC: [8] Undefined variable: info D:\www\yaheng\Application\Runtime\Cache\Wap\5f63913d13131536155c1c0ca6e465ba.php 第 22 行.
NOTIC: [8] Undefined variable: total D:\www\yaheng\Application\Runtime\Cache\Wap\5f63913d13131536155c1c0ca6e465ba.php 第 125 行.
INFO: Run Behavior\ParseTemplateBehavior [ RunTime:0.052003s ]
INFO: [ view_parse ] --END-- [ RunTime:0.052003s ]
INFO: [ view_filter ] --START--
INFO: Run Behavior\WriteHtmlCacheBehavior [ RunTime:0.002000s ]
INFO: Run Behavior\TokenBuildBehavior [ RunTime:0.001000s ]
INFO: [ view_filter ] --END-- [ RunTime:0.004000s ]
INFO: [ app_end ] --START--
INFO: Run Behavior\ShowPageTraceBehavior [ RunTime:0.001000s ]
INFO: [ app_end ] --END-- [ RunTime:0.001000s ]

