[ 2015-09-02T09:19:21+08:00 ] 192.168.16.71 /yaheng/
INFO: [ app_init ] --START--
INFO: Run Behavior\BuildLiteBehavior [ RunTime:0.000000s ]
INFO: [ app_init ] --END-- [ RunTime:0.010000s ]
INFO: [ app_begin ] --START--
INFO: Run Behavior\ReadHtmlCacheBehavior [ RunTime:0.010000s ]
INFO: Run Behavior\CheckLangBehavior [ RunTime:0.000000s ]
INFO: [ app_begin ] --END-- [ RunTime:0.010000s ]
NOTIC: [8192] mysql_connect(): The mysql extension is deprecated and will be removed in the future: use mysqli or PDO instead D:\www\yaheng\include\Library\Think\Db\Driver\Mysql.class.php 第 52 行.
SQL: SHOW COLUMNS FROM `jkd_company` [ RunTime:0.030000s ]
ERR: 1146:Table 'yaheng.jkd_company' doesn't exist
 [ SQL语句 ] : SHOW COLUMNS FROM `jkd_company`
SQL: SELECT * FROM `jkd_company`  [ RunTime:0.000000s ]
ERR: 1146:Table 'yaheng.jkd_company' doesn't exist
 [ SQL语句 ] : SELECT * FROM `jkd_company` 
SQL: SHOW COLUMNS FROM `jkd_nav` [ RunTime:0.020000s ]
SQL: SELECT `nav_name` FROM `jkd_nav` WHERE ( action='index' ) LIMIT 1   [ RunTime:0.000000s ]
SQL: SHOW COLUMNS FROM `jkd_ad` [ RunTime:0.030000s ]
SQL: SELECT * FROM `jkd_ad` WHERE ( `lang` = 'zh-cn' ) AND ( `position` = 'wxqr' ) ORDER BY sort DESC  [ RunTime:0.010000s ]
SQL: SELECT * FROM `jkd_ad` WHERE ( `lang` = 'zh-cn' ) AND ( `position` = 'index' ) ORDER BY sort DESC  [ RunTime:0.000000s ]
SQL: SELECT * FROM `jkd_ad` WHERE ( `lang` = 'zh-cn' ) AND ( `position` = 'bottom' ) ORDER BY sort DESC  [ RunTime:0.000000s ]
SQL: SHOW COLUMNS FROM `jkd_news` [ RunTime:0.010000s ]
SQL: SELECT * FROM `jkd_news` WHERE ( status=1 ) ORDER BY id desc LIMIT 8   [ RunTime:0.030000s ]
SQL: SHOW COLUMNS FROM `jkd_gif` [ RunTime:0.061000s ]
SQL: SELECT `image_id` FROM `jkd_gif` WHERE ( id=1 ) LIMIT 1   [ RunTime:0.000000s ]
SQL: SHOW COLUMNS FROM `jkd_images` [ RunTime:0.050000s ]
SQL: SELECT `savepath` FROM `jkd_images` WHERE ( `id` IN ('321','322','323','324','325','326','327','328') )  [ RunTime:0.020000s ]
INFO: [ view_parse ] --START--
NOTIC: [2] explode() expects parameter 2 to be string, array given D:\www\yaheng\include\Library\Think\Template.class.php 第 169 行.
NOTIC: [2] Invalid argument supplied for foreach() D:\www\yaheng\include\Library\Think\Template.class.php 第 170 行.
NOTIC: [2] explode() expects parameter 2 to be string, array given D:\www\yaheng\include\Library\Think\Template.class.php 第 169 行.
NOTIC: [2] Invalid argument supplied for foreach() D:\www\yaheng\include\Library\Think\Template.class.php 第 170 行.
NOTIC: [2] explode() expects parameter 2 to be string, array given D:\www\yaheng\include\Library\Think\Template.class.php 第 169 行.
NOTIC: [2] Invalid argument supplied for foreach() D:\www\yaheng\include\Library\Think\Template.class.php 第 170 行.
NOTIC: [8] Undefined index: limit D:\www\yaheng\include\Library\Think\Template\TagLib\Weblock.class.php 第 88 行.
INFO: [ template_filter ] --START--
INFO: Run Behavior\ContentReplaceBehavior [ RunTime:0.000000s ]
INFO: [ template_filter ] --END-- [ RunTime:0.000000s ]
NOTIC: [8] Undefined variable: info D:\www\yaheng\Application\Runtime\Cache\Home\4c169d1beb682410761268f13d1beb68.php 第 16 行.
NOTIC: [8] Undefined variable: info D:\www\yaheng\Application\Runtime\Cache\Home\4c169d1beb682410761268f13d1beb68.php 第 17 行.
SQL: SHOW COLUMNS FROM `jkd_nav` [ RunTime:0.010000s ]
SQL: SELECT * FROM `jkd_nav` WHERE ( lang='zh-cn'  AND type='top' AND parent_id=0 ) ORDER BY sort DESC  [ RunTime:0.000000s ]
SQL: SELECT * FROM `jkd_nav` WHERE ( parent_id=71 ) ORDER BY sort DESC  [ RunTime:0.000000s ]
SQL: SELECT * FROM `jkd_nav` WHERE ( parent_id=70 ) ORDER BY sort DESC  [ RunTime:0.000000s ]
SQL: SELECT * FROM `jkd_nav` WHERE ( parent_id=69 ) ORDER BY sort DESC  [ RunTime:0.000000s ]
SQL: SELECT * FROM `jkd_nav` WHERE ( parent_id=67 ) ORDER BY sort DESC  [ RunTime:0.000000s ]
SQL: SELECT * FROM `jkd_nav` WHERE ( parent_id=61 ) ORDER BY sort DESC  [ RunTime:0.000000s ]
SQL: SELECT * FROM `jkd_nav` WHERE ( parent_id=57 ) ORDER BY sort DESC  [ RunTime:0.000000s ]
SQL: SELECT * FROM `jkd_nav` WHERE ( parent_id=56 ) ORDER BY sort DESC  [ RunTime:0.000000s ]
INFO: Run Behavior\ParseTemplateBehavior [ RunTime:0.200001s ]
INFO: [ view_parse ] --END-- [ RunTime:0.200001s ]
INFO: [ view_filter ] --START--
INFO: Run Behavior\WriteHtmlCacheBehavior [ RunTime:0.020000s ]
INFO: [ view_filter ] --END-- [ RunTime:0.020000s ]
INFO: [ app_end ] --START--
INFO: Run Behavior\ShowPageTraceBehavior [ RunTime:0.000000s ]
INFO: [ app_end ] --END-- [ RunTime:0.000000s ]

[ 2015-09-02T09:19:22+08:00 ] 192.168.16.71 /yaheng/favicon.ico
INFO: [ app_init ] --START--
INFO: Run Behavior\BuildLiteBehavior [ RunTime:0.000000s ]
INFO: [ app_init ] --END-- [ RunTime:0.000000s ]
INFO: [ app_begin ] --START--
INFO: Run Behavior\ReadHtmlCacheBehavior [ RunTime:0.010000s ]
INFO: Run Behavior\CheckLangBehavior [ RunTime:0.000000s ]
INFO: [ app_begin ] --END-- [ RunTime:0.010000s ]
NOTIC: [8192] mysql_connect(): The mysql extension is deprecated and will be removed in the future: use mysqli or PDO instead D:\www\yaheng\include\Library\Think\Db\Driver\Mysql.class.php 第 52 行.
SQL: SHOW COLUMNS FROM `jkd_company` [ RunTime:0.010000s ]
ERR: 1146:Table 'yaheng.jkd_company' doesn't exist
 [ SQL语句 ] : SHOW COLUMNS FROM `jkd_company`
SQL: SELECT * FROM `jkd_company`  [ RunTime:0.000000s ]
ERR: 1146:Table 'yaheng.jkd_company' doesn't exist
 [ SQL语句 ] : SELECT * FROM `jkd_company` 
SQL: SHOW COLUMNS FROM `jkd_nav` [ RunTime:0.010001s ]
SQL: SELECT `nav_name` FROM `jkd_nav` WHERE ( action='favicon.ico' ) LIMIT 1   [ RunTime:0.000000s ]
SQL: SHOW COLUMNS FROM `jkd_ad` [ RunTime:0.010000s ]
SQL: SELECT * FROM `jkd_ad` WHERE ( `lang` = 'zh-cn' ) AND ( `position` = 'wxqr' ) ORDER BY sort DESC  [ RunTime:0.000000s ]
INFO: [ view_parse ] --START--
NOTIC: [2] explode() expects parameter 2 to be string, array given D:\www\yaheng\include\Library\Think\Template.class.php 第 169 行.
NOTIC: [2] Invalid argument supplied for foreach() D:\www\yaheng\include\Library\Think\Template.class.php 第 170 行.
INFO: [ template_filter ] --START--
INFO: Run Behavior\ContentReplaceBehavior [ RunTime:0.000000s ]
INFO: [ template_filter ] --END-- [ RunTime:0.000000s ]
INFO: Run Behavior\ParseTemplateBehavior [ RunTime:0.030000s ]
INFO: [ view_parse ] --END-- [ RunTime:0.030000s ]
INFO: [ view_filter ] --START--
INFO: Run Behavior\WriteHtmlCacheBehavior [ RunTime:0.000000s ]
INFO: [ view_filter ] --END-- [ RunTime:0.000000s ]
INFO: [ app_end ] --START--
INFO: Run Behavior\ShowPageTraceBehavior [ RunTime:0.000000s ]
INFO: [ app_end ] --END-- [ RunTime:0.000000s ]

[ 2015-09-02T09:19:28+08:00 ] 192.168.16.71 /yaheng/favicon.ico
INFO: [ app_init ] --START--
INFO: Run Behavior\BuildLiteBehavior [ RunTime:0.000000s ]
INFO: [ app_init ] --END-- [ RunTime:0.000000s ]
INFO: [ app_begin ] --START--
INFO: Run Behavior\ReadHtmlCacheBehavior [ RunTime:0.000000s ]
INFO: Run Behavior\CheckLangBehavior [ RunTime:0.000000s ]
INFO: [ app_begin ] --END-- [ RunTime:0.000000s ]
NOTIC: [8192] mysql_connect(): The mysql extension is deprecated and will be removed in the future: use mysqli or PDO instead D:\www\yaheng\include\Library\Think\Db\Driver\Mysql.class.php 第 52 行.
SQL: SHOW COLUMNS FROM `jkd_company` [ RunTime:0.000000s ]
ERR: 1146:Table 'yaheng.jkd_company' doesn't exist
 [ SQL语句 ] : SHOW COLUMNS FROM `jkd_company`
SQL: SELECT * FROM `jkd_company`  [ RunTime:0.000000s ]
ERR: 1146:Table 'yaheng.jkd_company' doesn't exist
 [ SQL语句 ] : SELECT * FROM `jkd_company` 
SQL: SHOW COLUMNS FROM `jkd_nav` [ RunTime:0.010000s ]
SQL: SELECT `nav_name` FROM `jkd_nav` WHERE ( action='favicon.ico' ) LIMIT 1   [ RunTime:0.000000s ]
SQL: SHOW COLUMNS FROM `jkd_ad` [ RunTime:0.010000s ]
SQL: SELECT * FROM `jkd_ad` WHERE ( `lang` = 'zh-cn' ) AND ( `position` = 'wxqr' ) ORDER BY sort DESC  [ RunTime:0.000000s ]
INFO: [ view_parse ] --START--
NOTIC: [2] explode() expects parameter 2 to be string, array given D:\www\yaheng\include\Library\Think\Template.class.php 第 169 行.
NOTIC: [2] Invalid argument supplied for foreach() D:\www\yaheng\include\Library\Think\Template.class.php 第 170 行.
INFO: [ template_filter ] --START--
INFO: Run Behavior\ContentReplaceBehavior [ RunTime:0.000000s ]
INFO: [ template_filter ] --END-- [ RunTime:0.000000s ]
INFO: Run Behavior\ParseTemplateBehavior [ RunTime:0.020000s ]
INFO: [ view_parse ] --END-- [ RunTime:0.020000s ]
INFO: [ view_filter ] --START--
INFO: Run Behavior\WriteHtmlCacheBehavior [ RunTime:0.000000s ]
INFO: [ view_filter ] --END-- [ RunTime:0.000000s ]
INFO: [ app_end ] --START--
INFO: Run Behavior\ShowPageTraceBehavior [ RunTime:0.000000s ]
INFO: [ app_end ] --END-- [ RunTime:0.000000s ]

[ 2015-09-02T09:19:29+08:00 ] 192.168.16.71 /yaheng/favicon.ico
INFO: [ app_init ] --START--
INFO: Run Behavior\BuildLiteBehavior [ RunTime:0.000000s ]
INFO: [ app_init ] --END-- [ RunTime:0.000000s ]
INFO: [ app_begin ] --START--
INFO: Run Behavior\ReadHtmlCacheBehavior [ RunTime:0.000000s ]
INFO: Run Behavior\CheckLangBehavior [ RunTime:0.000000s ]
INFO: [ app_begin ] --END-- [ RunTime:0.000000s ]
NOTIC: [8192] mysql_connect(): The mysql extension is deprecated and will be removed in the future: use mysqli or PDO instead D:\www\yaheng\include\Library\Think\Db\Driver\Mysql.class.php 第 52 行.
SQL: SHOW COLUMNS FROM `jkd_company` [ RunTime:0.000000s ]
ERR: 1146:Table 'yaheng.jkd_company' doesn't exist
 [ SQL语句 ] : SHOW COLUMNS FROM `jkd_company`
SQL: SELECT * FROM `jkd_company`  [ RunTime:0.000000s ]
ERR: 1146:Table 'yaheng.jkd_company' doesn't exist
 [ SQL语句 ] : SELECT * FROM `jkd_company` 
SQL: SHOW COLUMNS FROM `jkd_nav` [ RunTime:0.010000s ]
SQL: SELECT `nav_name` FROM `jkd_nav` WHERE ( action='favicon.ico' ) LIMIT 1   [ RunTime:0.000000s ]
SQL: SHOW COLUMNS FROM `jkd_ad` [ RunTime:0.010000s ]
SQL: SELECT * FROM `jkd_ad` WHERE ( `lang` = 'zh-cn' ) AND ( `position` = 'wxqr' ) ORDER BY sort DESC  [ RunTime:0.000000s ]
INFO: [ view_parse ] --START--
NOTIC: [2] explode() expects parameter 2 to be string, array given D:\www\yaheng\include\Library\Think\Template.class.php 第 169 行.
NOTIC: [2] Invalid argument supplied for foreach() D:\www\yaheng\include\Library\Think\Template.class.php 第 170 行.
INFO: [ template_filter ] --START--
INFO: Run Behavior\ContentReplaceBehavior [ RunTime:0.000000s ]
INFO: [ template_filter ] --END-- [ RunTime:0.000000s ]
INFO: Run Behavior\ParseTemplateBehavior [ RunTime:0.010000s ]
INFO: [ view_parse ] --END-- [ RunTime:0.010000s ]
INFO: [ view_filter ] --START--
INFO: Run Behavior\WriteHtmlCacheBehavior [ RunTime:0.000000s ]
INFO: [ view_filter ] --END-- [ RunTime:0.000000s ]
INFO: [ app_end ] --START--
INFO: Run Behavior\ShowPageTraceBehavior [ RunTime:0.000000s ]
INFO: [ app_end ] --END-- [ RunTime:0.010000s ]

[ 2015-09-02T09:19:29+08:00 ] 192.168.16.71 /yaheng/favicon.ico
INFO: [ app_init ] --START--
INFO: Run Behavior\BuildLiteBehavior [ RunTime:0.000000s ]
INFO: [ app_init ] --END-- [ RunTime:0.000000s ]
INFO: [ app_begin ] --START--
INFO: Run Behavior\ReadHtmlCacheBehavior [ RunTime:0.000000s ]
INFO: Run Behavior\CheckLangBehavior [ RunTime:0.000000s ]
INFO: [ app_begin ] --END-- [ RunTime:0.000000s ]
NOTIC: [8192] mysql_connect(): The mysql extension is deprecated and will be removed in the future: use mysqli or PDO instead D:\www\yaheng\include\Library\Think\Db\Driver\Mysql.class.php 第 52 行.
SQL: SHOW COLUMNS FROM `jkd_company` [ RunTime:0.010000s ]
ERR: 1146:Table 'yaheng.jkd_company' doesn't exist
 [ SQL语句 ] : SHOW COLUMNS FROM `jkd_company`
SQL: SELECT * FROM `jkd_company`  [ RunTime:0.000000s ]
ERR: 1146:Table 'yaheng.jkd_company' doesn't exist
 [ SQL语句 ] : SELECT * FROM `jkd_company` 
SQL: SHOW COLUMNS FROM `jkd_nav` [ RunTime:0.010000s ]
SQL: SELECT `nav_name` FROM `jkd_nav` WHERE ( action='favicon.ico' ) LIMIT 1   [ RunTime:0.000000s ]
SQL: SHOW COLUMNS FROM `jkd_ad` [ RunTime:0.000000s ]
SQL: SELECT * FROM `jkd_ad` WHERE ( `lang` = 'zh-cn' ) AND ( `position` = 'wxqr' ) ORDER BY sort DESC  [ RunTime:0.000000s ]
INFO: [ view_parse ] --START--
NOTIC: [2] explode() expects parameter 2 to be string, array given D:\www\yaheng\include\Library\Think\Template.class.php 第 169 行.
NOTIC: [2] Invalid argument supplied for foreach() D:\www\yaheng\include\Library\Think\Template.class.php 第 170 行.
INFO: [ template_filter ] --START--
INFO: Run Behavior\ContentReplaceBehavior [ RunTime:0.000000s ]
INFO: [ template_filter ] --END-- [ RunTime:0.000000s ]
INFO: Run Behavior\ParseTemplateBehavior [ RunTime:0.010000s ]
INFO: [ view_parse ] --END-- [ RunTime:0.010000s ]
INFO: [ view_filter ] --START--
INFO: Run Behavior\WriteHtmlCacheBehavior [ RunTime:0.000000s ]
INFO: [ view_filter ] --END-- [ RunTime:0.000000s ]
INFO: [ app_end ] --START--
INFO: Run Behavior\ShowPageTraceBehavior [ RunTime:0.000000s ]
INFO: [ app_end ] --END-- [ RunTime:0.000000s ]

[ 2015-09-02T14:11:38+08:00 ] 192.168.16.27 /yaheng/
INFO: [ app_init ] --START--
INFO: Run Behavior\BuildLiteBehavior [ RunTime:0.000000s ]
INFO: [ app_init ] --END-- [ RunTime:0.010000s ]
INFO: [ app_begin ] --START--
INFO: Run Behavior\ReadHtmlCacheBehavior [ RunTime:0.000000s ]
INFO: Run Behavior\CheckLangBehavior [ RunTime:0.000000s ]
INFO: [ app_begin ] --END-- [ RunTime:0.000000s ]
NOTIC: [8192] mysql_connect(): The mysql extension is deprecated and will be removed in the future: use mysqli or PDO instead D:\www\yaheng\include\Library\Think\Db\Driver\Mysql.class.php 第 52 行.
SQL: SHOW COLUMNS FROM `jkd_company` [ RunTime:0.010000s ]
ERR: 1146:Table 'yaheng.jkd_company' doesn't exist
 [ SQL语句 ] : SHOW COLUMNS FROM `jkd_company`
SQL: SELECT * FROM `jkd_company`  [ RunTime:0.001000s ]
ERR: 1146:Table 'yaheng.jkd_company' doesn't exist
 [ SQL语句 ] : SELECT * FROM `jkd_company` 
SQL: SHOW COLUMNS FROM `jkd_nav` [ RunTime:0.007001s ]
SQL: SELECT `nav_name` FROM `jkd_nav` WHERE ( action='index' ) LIMIT 1   [ RunTime:0.001000s ]
SQL: SHOW COLUMNS FROM `jkd_ad` [ RunTime:0.008000s ]
SQL: SELECT * FROM `jkd_ad` WHERE ( `lang` = 'zh-cn' ) AND ( `position` = 'wxqr' ) ORDER BY sort DESC  [ RunTime:0.001000s ]
SQL: SELECT * FROM `jkd_ad` WHERE ( `lang` = 'zh-cn' ) AND ( `position` = 'index' ) ORDER BY sort DESC  [ RunTime:0.000000s ]
SQL: SELECT * FROM `jkd_ad` WHERE ( `lang` = 'zh-cn' ) AND ( `position` = 'bottom' ) ORDER BY sort DESC  [ RunTime:0.001000s ]
SQL: SHOW COLUMNS FROM `jkd_news` [ RunTime:0.008000s ]
SQL: SELECT * FROM `jkd_news` WHERE ( status=1 ) ORDER BY id desc LIMIT 8   [ RunTime:0.047003s ]
SQL: SHOW COLUMNS FROM `jkd_gif` [ RunTime:0.014001s ]
SQL: SELECT `image_id` FROM `jkd_gif` WHERE ( id=1 ) LIMIT 1   [ RunTime:0.001000s ]
SQL: SHOW COLUMNS FROM `jkd_images` [ RunTime:0.012001s ]
SQL: SELECT `savepath` FROM `jkd_images` WHERE ( `id` IN ('321','322','323','324','325','326','327','328') )  [ RunTime:0.029001s ]
INFO: [ view_parse ] --START--
NOTIC: [2] explode() expects parameter 2 to be string, array given D:\www\yaheng\include\Library\Think\Template.class.php 第 169 行.
NOTIC: [2] Invalid argument supplied for foreach() D:\www\yaheng\include\Library\Think\Template.class.php 第 170 行.
NOTIC: [2] explode() expects parameter 2 to be string, array given D:\www\yaheng\include\Library\Think\Template.class.php 第 169 行.
NOTIC: [2] Invalid argument supplied for foreach() D:\www\yaheng\include\Library\Think\Template.class.php 第 170 行.
NOTIC: [2] explode() expects parameter 2 to be string, array given D:\www\yaheng\include\Library\Think\Template.class.php 第 169 行.
NOTIC: [2] Invalid argument supplied for foreach() D:\www\yaheng\include\Library\Think\Template.class.php 第 170 行.
NOTIC: [8] Undefined index: limit D:\www\yaheng\include\Library\Think\Template\TagLib\Weblock.class.php 第 88 行.
INFO: [ template_filter ] --START--
INFO: Run Behavior\ContentReplaceBehavior [ RunTime:0.001000s ]
INFO: [ template_filter ] --END-- [ RunTime:0.001000s ]
NOTIC: [8] Undefined variable: info D:\www\yaheng\Application\Runtime\Cache\Home\4c169d1beb682410761268f13d1beb68.php 第 16 行.
NOTIC: [8] Undefined variable: info D:\www\yaheng\Application\Runtime\Cache\Home\4c169d1beb682410761268f13d1beb68.php 第 17 行.
SQL: SHOW COLUMNS FROM `jkd_nav` [ RunTime:0.007000s ]
SQL: SELECT * FROM `jkd_nav` WHERE ( lang='zh-cn'  AND type='top' AND parent_id=0 ) ORDER BY sort DESC  [ RunTime:0.001000s ]
SQL: SELECT * FROM `jkd_nav` WHERE ( parent_id=71 ) ORDER BY sort DESC  [ RunTime:0.001000s ]
SQL: SELECT * FROM `jkd_nav` WHERE ( parent_id=70 ) ORDER BY sort DESC  [ RunTime:0.000000s ]
SQL: SELECT * FROM `jkd_nav` WHERE ( parent_id=69 ) ORDER BY sort DESC  [ RunTime:0.001000s ]
SQL: SELECT * FROM `jkd_nav` WHERE ( parent_id=67 ) ORDER BY sort DESC  [ RunTime:0.000000s ]
SQL: SELECT * FROM `jkd_nav` WHERE ( parent_id=61 ) ORDER BY sort DESC  [ RunTime:0.001000s ]
SQL: SELECT * FROM `jkd_nav` WHERE ( parent_id=57 ) ORDER BY sort DESC  [ RunTime:0.001000s ]
SQL: SELECT * FROM `jkd_nav` WHERE ( parent_id=56 ) ORDER BY sort DESC  [ RunTime:0.000000s ]
INFO: Run Behavior\ParseTemplateBehavior [ RunTime:0.094005s ]
INFO: [ view_parse ] --END-- [ RunTime:0.094005s ]
INFO: [ view_filter ] --START--
INFO: Run Behavior\WriteHtmlCacheBehavior [ RunTime:0.001000s ]
INFO: [ view_filter ] --END-- [ RunTime:0.002000s ]
INFO: [ app_end ] --START--
INFO: Run Behavior\ShowPageTraceBehavior [ RunTime:0.001000s ]
INFO: [ app_end ] --END-- [ RunTime:0.002000s ]

[ 2015-09-02T14:11:39+08:00 ] 192.168.16.27 /yaheng/favicon.ico
INFO: [ app_init ] --START--
INFO: Run Behavior\BuildLiteBehavior [ RunTime:0.000000s ]
INFO: [ app_init ] --END-- [ RunTime:0.000000s ]
INFO: [ app_begin ] --START--
INFO: Run Behavior\ReadHtmlCacheBehavior [ RunTime:0.001000s ]
INFO: Run Behavior\CheckLangBehavior [ RunTime:0.002000s ]
INFO: [ app_begin ] --END-- [ RunTime:0.004000s ]
NOTIC: [8192] mysql_connect(): The mysql extension is deprecated and will be removed in the future: use mysqli or PDO instead D:\www\yaheng\include\Library\Think\Db\Driver\Mysql.class.php 第 52 行.
SQL: SHOW COLUMNS FROM `jkd_company` [ RunTime:0.007001s ]
ERR: 1146:Table 'yaheng.jkd_company' doesn't exist
 [ SQL语句 ] : SHOW COLUMNS FROM `jkd_company`
SQL: SELECT * FROM `jkd_company`  [ RunTime:0.001000s ]
ERR: 1146:Table 'yaheng.jkd_company' doesn't exist
 [ SQL语句 ] : SELECT * FROM `jkd_company` 
SQL: SHOW COLUMNS FROM `jkd_nav` [ RunTime:0.007000s ]
SQL: SELECT `nav_name` FROM `jkd_nav` WHERE ( action='favicon.ico' ) LIMIT 1   [ RunTime:0.000000s ]
SQL: SHOW COLUMNS FROM `jkd_ad` [ RunTime:0.011000s ]
SQL: SELECT * FROM `jkd_ad` WHERE ( `lang` = 'zh-cn' ) AND ( `position` = 'wxqr' ) ORDER BY sort DESC  [ RunTime:0.001001s ]
INFO: [ view_parse ] --START--
NOTIC: [2] explode() expects parameter 2 to be string, array given D:\www\yaheng\include\Library\Think\Template.class.php 第 169 行.
NOTIC: [2] Invalid argument supplied for foreach() D:\www\yaheng\include\Library\Think\Template.class.php 第 170 行.
INFO: [ template_filter ] --START--
INFO: Run Behavior\ContentReplaceBehavior [ RunTime:0.000000s ]
INFO: [ template_filter ] --END-- [ RunTime:0.000000s ]
INFO: Run Behavior\ParseTemplateBehavior [ RunTime:0.019001s ]
INFO: [ view_parse ] --END-- [ RunTime:0.019001s ]
INFO: [ view_filter ] --START--
INFO: Run Behavior\WriteHtmlCacheBehavior [ RunTime:0.001000s ]
INFO: [ view_filter ] --END-- [ RunTime:0.001000s ]
INFO: [ app_end ] --START--
INFO: Run Behavior\ShowPageTraceBehavior [ RunTime:0.001000s ]
INFO: [ app_end ] --END-- [ RunTime:0.002000s ]

[ 2015-09-02T14:11:39+08:00 ] 192.168.16.27 /yaheng/favicon.ico
INFO: [ app_init ] --START--
INFO: Run Behavior\BuildLiteBehavior [ RunTime:0.000000s ]
INFO: [ app_init ] --END-- [ RunTime:0.001000s ]
INFO: [ app_begin ] --START--
INFO: Run Behavior\ReadHtmlCacheBehavior [ RunTime:0.001000s ]
INFO: Run Behavior\CheckLangBehavior [ RunTime:0.003000s ]
INFO: [ app_begin ] --END-- [ RunTime:0.005000s ]
NOTIC: [8192] mysql_connect(): The mysql extension is deprecated and will be removed in the future: use mysqli or PDO instead D:\www\yaheng\include\Library\Think\Db\Driver\Mysql.class.php 第 52 行.
SQL: SHOW COLUMNS FROM `jkd_company` [ RunTime:0.006001s ]
ERR: 1146:Table 'yaheng.jkd_company' doesn't exist
 [ SQL语句 ] : SHOW COLUMNS FROM `jkd_company`
SQL: SELECT * FROM `jkd_company`  [ RunTime:0.001000s ]
ERR: 1146:Table 'yaheng.jkd_company' doesn't exist
 [ SQL语句 ] : SELECT * FROM `jkd_company` 
SQL: SHOW COLUMNS FROM `jkd_nav` [ RunTime:0.008000s ]
SQL: SELECT `nav_name` FROM `jkd_nav` WHERE ( action='favicon.ico' ) LIMIT 1   [ RunTime:0.001000s ]
SQL: SHOW COLUMNS FROM `jkd_ad` [ RunTime:0.007001s ]
SQL: SELECT * FROM `jkd_ad` WHERE ( `lang` = 'zh-cn' ) AND ( `position` = 'wxqr' ) ORDER BY sort DESC  [ RunTime:0.000000s ]
INFO: [ view_parse ] --START--
NOTIC: [2] explode() expects parameter 2 to be string, array given D:\www\yaheng\include\Library\Think\Template.class.php 第 169 行.
NOTIC: [2] Invalid argument supplied for foreach() D:\www\yaheng\include\Library\Think\Template.class.php 第 170 行.
INFO: [ template_filter ] --START--
INFO: Run Behavior\ContentReplaceBehavior [ RunTime:0.000000s ]
INFO: [ template_filter ] --END-- [ RunTime:0.000000s ]
INFO: Run Behavior\ParseTemplateBehavior [ RunTime:0.008000s ]
INFO: [ view_parse ] --END-- [ RunTime:0.009000s ]
INFO: [ view_filter ] --START--
INFO: Run Behavior\WriteHtmlCacheBehavior [ RunTime:0.010001s ]
INFO: [ view_filter ] --END-- [ RunTime:0.011001s ]
INFO: [ app_end ] --START--
INFO: Run Behavior\ShowPageTraceBehavior [ RunTime:0.001000s ]
INFO: [ app_end ] --END-- [ RunTime:0.001000s ]

[ 2015-09-02T15:33:12+08:00 ] 192.168.16.27 /yaheng/
INFO: [ app_init ] --START--
INFO: Run Behavior\BuildLiteBehavior [ RunTime:0.000000s ]
INFO: [ app_init ] --END-- [ RunTime:0.001000s ]
INFO: [ app_begin ] --START--
INFO: Run Behavior\ReadHtmlCacheBehavior [ RunTime:0.003000s ]
INFO: Run Behavior\CheckLangBehavior [ RunTime:0.004001s ]
INFO: [ app_begin ] --END-- [ RunTime:0.007001s ]
NOTIC: [8192] mysql_connect(): The mysql extension is deprecated and will be removed in the future: use mysqli or PDO instead D:\www\yaheng\include\Library\Think\Db\Driver\Mysql.class.php 第 52 行.
SQL: SHOW COLUMNS FROM `jkd_company` [ RunTime:0.011001s ]
ERR: 1146:Table 'yaheng.jkd_company' doesn't exist
 [ SQL语句 ] : SHOW COLUMNS FROM `jkd_company`
SQL: SELECT * FROM `jkd_company`  [ RunTime:0.001000s ]
ERR: 1146:Table 'yaheng.jkd_company' doesn't exist
 [ SQL语句 ] : SELECT * FROM `jkd_company` 
SQL: SHOW COLUMNS FROM `jkd_nav` [ RunTime:0.010000s ]
SQL: SELECT `nav_name` FROM `jkd_nav` WHERE ( action='index' ) LIMIT 1   [ RunTime:0.001000s ]
SQL: SHOW COLUMNS FROM `jkd_ad` [ RunTime:0.009000s ]
SQL: SELECT * FROM `jkd_ad` WHERE ( `lang` = 'zh-cn' ) AND ( `position` = 'wxqr' ) ORDER BY sort DESC  [ RunTime:0.001000s ]
SQL: SELECT * FROM `jkd_ad` WHERE ( `lang` = 'zh-cn' ) AND ( `position` = 'index' ) ORDER BY sort DESC  [ RunTime:0.001000s ]
SQL: SELECT * FROM `jkd_ad` WHERE ( `lang` = 'zh-cn' ) AND ( `position` = 'bottom' ) ORDER BY sort DESC  [ RunTime:0.001001s ]
SQL: SHOW COLUMNS FROM `jkd_news` [ RunTime:0.009000s ]
SQL: SELECT * FROM `jkd_news` WHERE ( status=1 ) ORDER BY id desc LIMIT 8   [ RunTime:0.001000s ]
SQL: SHOW COLUMNS FROM `jkd_gif` [ RunTime:0.008001s ]
SQL: SELECT `image_id` FROM `jkd_gif` WHERE ( id=1 ) LIMIT 1   [ RunTime:0.001000s ]
SQL: SHOW COLUMNS FROM `jkd_images` [ RunTime:0.008000s ]
SQL: SELECT `savepath` FROM `jkd_images` WHERE ( `id` IN ('321','322','323','324','325','326','327','328') )  [ RunTime:0.001000s ]
INFO: [ view_parse ] --START--
NOTIC: [2] explode() expects parameter 2 to be string, array given D:\www\yaheng\include\Library\Think\Template.class.php 第 169 行.
NOTIC: [2] Invalid argument supplied for foreach() D:\www\yaheng\include\Library\Think\Template.class.php 第 170 行.
NOTIC: [2] explode() expects parameter 2 to be string, array given D:\www\yaheng\include\Library\Think\Template.class.php 第 169 行.
NOTIC: [2] Invalid argument supplied for foreach() D:\www\yaheng\include\Library\Think\Template.class.php 第 170 行.
NOTIC: [2] explode() expects parameter 2 to be string, array given D:\www\yaheng\include\Library\Think\Template.class.php 第 169 行.
NOTIC: [2] Invalid argument supplied for foreach() D:\www\yaheng\include\Library\Think\Template.class.php 第 170 行.
NOTIC: [8] Undefined index: limit D:\www\yaheng\include\Library\Think\Template\TagLib\Weblock.class.php 第 88 行.
INFO: [ template_filter ] --START--
INFO: Run Behavior\ContentReplaceBehavior [ RunTime:0.000000s ]
INFO: [ template_filter ] --END-- [ RunTime:0.001000s ]
NOTIC: [8] Undefined variable: info D:\www\yaheng\Application\Runtime\Cache\Home\4c169d1beb682410761268f13d1beb68.php 第 16 行.
NOTIC: [8] Undefined variable: info D:\www\yaheng\Application\Runtime\Cache\Home\4c169d1beb682410761268f13d1beb68.php 第 17 行.
SQL: SHOW COLUMNS FROM `jkd_nav` [ RunTime:0.009001s ]
SQL: SELECT * FROM `jkd_nav` WHERE ( lang='zh-cn'  AND type='top' AND parent_id=0 ) ORDER BY sort DESC  [ RunTime:0.001000s ]
SQL: SELECT * FROM `jkd_nav` WHERE ( parent_id=71 ) ORDER BY sort DESC  [ RunTime:0.001000s ]
SQL: SELECT * FROM `jkd_nav` WHERE ( parent_id=70 ) ORDER BY sort DESC  [ RunTime:0.001000s ]
SQL: SELECT * FROM `jkd_nav` WHERE ( parent_id=69 ) ORDER BY sort DESC  [ RunTime:0.000000s ]
SQL: SELECT * FROM `jkd_nav` WHERE ( parent_id=67 ) ORDER BY sort DESC  [ RunTime:0.000000s ]
SQL: SELECT * FROM `jkd_nav` WHERE ( parent_id=61 ) ORDER BY sort DESC  [ RunTime:0.000000s ]
SQL: SELECT * FROM `jkd_nav` WHERE ( parent_id=57 ) ORDER BY sort DESC  [ RunTime:0.001000s ]
SQL: SELECT * FROM `jkd_nav` WHERE ( parent_id=56 ) ORDER BY sort DESC  [ RunTime:0.001000s ]
INFO: Run Behavior\ParseTemplateBehavior [ RunTime:0.071004s ]
INFO: [ view_parse ] --END-- [ RunTime:0.071004s ]
INFO: [ view_filter ] --START--
INFO: Run Behavior\WriteHtmlCacheBehavior [ RunTime:0.002000s ]
INFO: [ view_filter ] --END-- [ RunTime:0.002000s ]
INFO: [ app_end ] --START--
INFO: Run Behavior\ShowPageTraceBehavior [ RunTime:0.001000s ]
INFO: [ app_end ] --END-- [ RunTime:0.002000s ]

[ 2015-09-02T15:33:36+08:00 ] 192.168.16.27 /yaheng/product.html
INFO: [ app_init ] --START--
INFO: Run Behavior\BuildLiteBehavior [ RunTime:0.001000s ]
INFO: [ app_init ] --END-- [ RunTime:0.001000s ]
INFO: [ app_begin ] --START--
INFO: Run Behavior\ReadHtmlCacheBehavior [ RunTime:0.001000s ]
INFO: Run Behavior\CheckLangBehavior [ RunTime:0.002000s ]
INFO: [ app_begin ] --END-- [ RunTime:0.003000s ]
NOTIC: [8192] mysql_connect(): The mysql extension is deprecated and will be removed in the future: use mysqli or PDO instead D:\www\yaheng\include\Library\Think\Db\Driver\Mysql.class.php 第 52 行.
SQL: SHOW COLUMNS FROM `jkd_company` [ RunTime:0.007000s ]
ERR: 1146:Table 'yaheng.jkd_company' doesn't exist
 [ SQL语句 ] : SHOW COLUMNS FROM `jkd_company`
SQL: SELECT * FROM `jkd_company`  [ RunTime:0.001000s ]
ERR: 1146:Table 'yaheng.jkd_company' doesn't exist
 [ SQL语句 ] : SELECT * FROM `jkd_company` 
SQL: SHOW COLUMNS FROM `jkd_nav` [ RunTime:0.009001s ]
SQL: SELECT `nav_name` FROM `jkd_nav` WHERE ( action='product' ) LIMIT 1   [ RunTime:0.001000s ]
SQL: SHOW COLUMNS FROM `jkd_ad` [ RunTime:0.009001s ]
SQL: SELECT * FROM `jkd_ad` WHERE ( `lang` = 'zh-cn' ) AND ( `position` = 'wxqr' ) ORDER BY sort DESC  [ RunTime:0.002000s ]
SQL: SHOW COLUMNS FROM `jkd_product` [ RunTime:0.009000s ]
SQL: SHOW COLUMNS FROM `jkd_category` [ RunTime:0.009001s ]
SQL: SELECT `cid` FROM `jkd_category` WHERE ( type='s' ) ORDER BY cid desc LIMIT 1   [ RunTime:0.037002s ]
SQL: SELECT `cid`,`pid`,`name` FROM `jkd_category` WHERE ( type='p' and pid='0' ) ORDER BY cid asc  [ RunTime:0.001000s ]
SQL: SELECT * FROM `jkd_category` WHERE ( pid=61 )  [ RunTime:0.001000s ]
SQL: SELECT * FROM `jkd_category` WHERE ( pid=62 )  [ RunTime:0.000000s ]
SQL: SELECT * FROM `jkd_category` WHERE ( type='s' ) ORDER BY cid desc  [ RunTime:0.001000s ]
SQL: SHOW COLUMNS FROM `jkd_product` [ RunTime:0.009001s ]
SQL: SELECT COUNT(*) AS tp_count FROM jkd_product p WHERE ( `sid` = 90 ) AND ( `status` = 1 ) AND ( `lang` = 'zh-cn' ) LIMIT 1   [ RunTime:0.019001s ]
NOTIC: [8] Undefined index: m D:\www\yaheng\include\Common\functions.php 第 885 行.
NOTIC: [8] Undefined index: header D:\www\yaheng\include\Library\Think\Page.class.php 第 140 行.
SQL: SELECT COUNT(*) AS tp_count FROM `jkd_product` WHERE ( status=1 ) LIMIT 1   [ RunTime:0.001000s ]
SQL: SELECT * FROM `jkd_product` WHERE ( `sid` = 90 ) AND ( `status` = 1 ) AND ( `lang` = 'zh-cn' ) ORDER BY id desc LIMIT 0, 9   [ RunTime:0.002001s ]
INFO: [ view_parse ] --START--
NOTIC: [2] explode() expects parameter 2 to be string, array given D:\www\yaheng\include\Library\Think\Template.class.php 第 169 行.
NOTIC: [2] Invalid argument supplied for foreach() D:\www\yaheng\include\Library\Think\Template.class.php 第 170 行.
NOTIC: [2] explode() expects parameter 2 to be string, array given D:\www\yaheng\include\Library\Think\Template.class.php 第 169 行.
NOTIC: [2] Invalid argument supplied for foreach() D:\www\yaheng\include\Library\Think\Template.class.php 第 170 行.
NOTIC: [2] explode() expects parameter 2 to be string, array given D:\www\yaheng\include\Library\Think\Template.class.php 第 169 行.
NOTIC: [2] Invalid argument supplied for foreach() D:\www\yaheng\include\Library\Think\Template.class.php 第 170 行.
NOTIC: [2] explode() expects parameter 2 to be string, array given D:\www\yaheng\include\Library\Think\Template.class.php 第 169 行.
NOTIC: [2] Invalid argument supplied for foreach() D:\www\yaheng\include\Library\Think\Template.class.php 第 170 行.
NOTIC: [2] explode() expects parameter 2 to be string, array given D:\www\yaheng\include\Library\Think\Template.class.php 第 169 行.
NOTIC: [2] Invalid argument supplied for foreach() D:\www\yaheng\include\Library\Think\Template.class.php 第 170 行.
NOTIC: [8] Undefined index: limit D:\www\yaheng\include\Library\Think\Template\TagLib\Weblock.class.php 第 88 行.
INFO: [ template_filter ] --START--
INFO: Run Behavior\ContentReplaceBehavior [ RunTime:0.000000s ]
INFO: [ template_filter ] --END-- [ RunTime:0.001000s ]
NOTIC: [8] Undefined variable: info D:\www\yaheng\Application\Runtime\Cache\Home\63d04b2457d39665cb8c7862975639b3.php 第 15 行.
NOTIC: [8] Undefined variable: info D:\www\yaheng\Application\Runtime\Cache\Home\63d04b2457d39665cb8c7862975639b3.php 第 16 行.
SQL: SHOW COLUMNS FROM `jkd_nav` [ RunTime:0.008000s ]
SQL: SELECT * FROM `jkd_nav` WHERE ( lang='zh-cn'  AND type='top' AND parent_id=0 ) ORDER BY sort DESC  [ RunTime:0.000000s ]
SQL: SELECT * FROM `jkd_nav` WHERE ( parent_id=71 ) ORDER BY sort DESC  [ RunTime:0.001000s ]
SQL: SELECT * FROM `jkd_nav` WHERE ( parent_id=70 ) ORDER BY sort DESC  [ RunTime:0.001000s ]
SQL: SELECT * FROM `jkd_nav` WHERE ( parent_id=69 ) ORDER BY sort DESC  [ RunTime:0.001000s ]
SQL: SELECT * FROM `jkd_nav` WHERE ( parent_id=67 ) ORDER BY sort DESC  [ RunTime:0.001000s ]
SQL: SELECT * FROM `jkd_nav` WHERE ( parent_id=61 ) ORDER BY sort DESC  [ RunTime:0.000000s ]
SQL: SELECT * FROM `jkd_nav` WHERE ( parent_id=57 ) ORDER BY sort DESC  [ RunTime:0.000000s ]
SQL: SELECT * FROM `jkd_nav` WHERE ( parent_id=56 ) ORDER BY sort DESC  [ RunTime:0.001000s ]
NOTIC: [8] Undefined variable: details D:\www\yaheng\Application\Runtime\Cache\Home\63d04b2457d39665cb8c7862975639b3.php 第 51 行.
NOTIC: [8] Undefined index: cid D:\www\yaheng\Application\Runtime\Cache\Home\63d04b2457d39665cb8c7862975639b3.php 第 70 行.
NOTIC: [8] Undefined index: sid D:\www\yaheng\Application\Runtime\Cache\Home\63d04b2457d39665cb8c7862975639b3.php 第 70 行.
NOTIC: [8] Undefined index: m D:\www\yaheng\include\Common\functions.php 第 885 行.
NOTIC: [8] Undefined index: id D:\www\yaheng\Application\Runtime\Cache\Home\63d04b2457d39665cb8c7862975639b3.php 第 70 行.
NOTIC: [8] Use of undefined constant voo - assumed 'voo' D:\www\yaheng\Application\Runtime\Cache\Home\63d04b2457d39665cb8c7862975639b3.php 第 73 行.
NOTIC: [8] Undefined index: cid D:\www\yaheng\Application\Runtime\Cache\Home\63d04b2457d39665cb8c7862975639b3.php 第 70 行.
NOTIC: [8] Undefined index: sid D:\www\yaheng\Application\Runtime\Cache\Home\63d04b2457d39665cb8c7862975639b3.php 第 70 行.
NOTIC: [8] Undefined index: m D:\www\yaheng\include\Common\functions.php 第 885 行.
NOTIC: [8] Undefined index: id D:\www\yaheng\Application\Runtime\Cache\Home\63d04b2457d39665cb8c7862975639b3.php 第 70 行.
NOTIC: [8] Use of undefined constant voo - assumed 'voo' D:\www\yaheng\Application\Runtime\Cache\Home\63d04b2457d39665cb8c7862975639b3.php 第 73 行.
NOTIC: [8] Use of undefined constant voo - assumed 'voo' D:\www\yaheng\Application\Runtime\Cache\Home\63d04b2457d39665cb8c7862975639b3.php 第 73 行.
NOTIC: [8] Undefined index: cid D:\www\yaheng\Application\Runtime\Cache\Home\63d04b2457d39665cb8c7862975639b3.php 第 73 行.
NOTIC: [8] Undefined index: sid D:\www\yaheng\Application\Runtime\Cache\Home\63d04b2457d39665cb8c7862975639b3.php 第 73 行.
NOTIC: [8] Undefined index: m D:\www\yaheng\include\Common\functions.php 第 885 行.
NOTIC: [8] Undefined index: id D:\www\yaheng\Application\Runtime\Cache\Home\63d04b2457d39665cb8c7862975639b3.php 第 73 行.
NOTIC: [8] Undefined index: cid D:\www\yaheng\Application\Runtime\Cache\Home\63d04b2457d39665cb8c7862975639b3.php 第 73 行.
NOTIC: [8] Undefined index: sid D:\www\yaheng\Application\Runtime\Cache\Home\63d04b2457d39665cb8c7862975639b3.php 第 73 行.
NOTIC: [8] Undefined index: m D:\www\yaheng\include\Common\functions.php 第 885 行.
NOTIC: [8] Undefined index: id D:\www\yaheng\Application\Runtime\Cache\Home\63d04b2457d39665cb8c7862975639b3.php 第 73 行.
NOTIC: [8] Undefined index: cid D:\www\yaheng\Application\Runtime\Cache\Home\63d04b2457d39665cb8c7862975639b3.php 第 73 行.
NOTIC: [8] Undefined index: sid D:\www\yaheng\Application\Runtime\Cache\Home\63d04b2457d39665cb8c7862975639b3.php 第 73 行.
NOTIC: [8] Undefined index: m D:\www\yaheng\include\Common\functions.php 第 885 行.
NOTIC: [8] Undefined index: id D:\www\yaheng\Application\Runtime\Cache\Home\63d04b2457d39665cb8c7862975639b3.php 第 73 行.
NOTIC: [8] Undefined index: cid D:\www\yaheng\Application\Runtime\Cache\Home\63d04b2457d39665cb8c7862975639b3.php 第 73 行.
NOTIC: [8] Undefined index: sid D:\www\yaheng\Application\Runtime\Cache\Home\63d04b2457d39665cb8c7862975639b3.php 第 73 行.
NOTIC: [8] Undefined index: m D:\www\yaheng\include\Common\functions.php 第 885 行.
NOTIC: [8] Undefined index: id D:\www\yaheng\Application\Runtime\Cache\Home\63d04b2457d39665cb8c7862975639b3.php 第 73 行.
NOTIC: [8] Undefined index: cid D:\www\yaheng\Application\Runtime\Cache\Home\63d04b2457d39665cb8c7862975639b3.php 第 73 行.
NOTIC: [8] Undefined index: sid D:\www\yaheng\Application\Runtime\Cache\Home\63d04b2457d39665cb8c7862975639b3.php 第 73 行.
NOTIC: [8] Undefined index: m D:\www\yaheng\include\Common\functions.php 第 885 行.
NOTIC: [8] Undefined index: id D:\www\yaheng\Application\Runtime\Cache\Home\63d04b2457d39665cb8c7862975639b3.php 第 73 行.
NOTIC: [8] Undefined index: cid D:\www\yaheng\Application\Runtime\Cache\Home\63d04b2457d39665cb8c7862975639b3.php 第 73 行.
NOTIC: [8] Undefined index: sid D:\www\yaheng\Application\Runtime\Cache\Home\63d04b2457d39665cb8c7862975639b3.php 第 73 行.
NOTIC: [8] Undefined index: m D:\www\yaheng\include\Common\functions.php 第 885 行.
NOTIC: [8] Undefined index: id D:\www\yaheng\Application\Runtime\Cache\Home\63d04b2457d39665cb8c7862975639b3.php 第 73 行.
NOTIC: [8] Undefined index: cid D:\www\yaheng\Application\Runtime\Cache\Home\63d04b2457d39665cb8c7862975639b3.php 第 91 行.
NOTIC: [8] Undefined index: m D:\www\yaheng\include\Common\functions.php 第 885 行.
NOTIC: [8] Undefined index: cid D:\www\yaheng\Application\Runtime\Cache\Home\63d04b2457d39665cb8c7862975639b3.php 第 91 行.
NOTIC: [8] Undefined index: m D:\www\yaheng\include\Common\functions.php 第 885 行.
NOTIC: [8] Undefined index: cid D:\www\yaheng\Application\Runtime\Cache\Home\63d04b2457d39665cb8c7862975639b3.php 第 91 行.
NOTIC: [8] Undefined index: m D:\www\yaheng\include\Common\functions.php 第 885 行.
NOTIC: [8] Undefined index: cid D:\www\yaheng\Application\Runtime\Cache\Home\63d04b2457d39665cb8c7862975639b3.php 第 91 行.
NOTIC: [8] Undefined index: m D:\www\yaheng\include\Common\functions.php 第 885 行.
NOTIC: [8] Undefined index: cid D:\www\yaheng\Application\Runtime\Cache\Home\63d04b2457d39665cb8c7862975639b3.php 第 91 行.
NOTIC: [8] Undefined index: m D:\www\yaheng\include\Common\functions.php 第 885 行.
NOTIC: [8] Undefined index: cid D:\www\yaheng\Application\Runtime\Cache\Home\63d04b2457d39665cb8c7862975639b3.php 第 91 行.
NOTIC: [8] Undefined index: m D:\www\yaheng\include\Common\functions.php 第 885 行.
NOTIC: [8] Undefined index: cid D:\www\yaheng\Application\Runtime\Cache\Home\63d04b2457d39665cb8c7862975639b3.php 第 91 行.
NOTIC: [8] Undefined index: m D:\www\yaheng\include\Common\functions.php 第 885 行.
NOTIC: [8] Undefined index: cid D:\www\yaheng\Application\Runtime\Cache\Home\63d04b2457d39665cb8c7862975639b3.php 第 91 行.
NOTIC: [8] Undefined index: m D:\www\yaheng\include\Common\functions.php 第 885 行.
NOTIC: [8] Undefined index: cid D:\www\yaheng\Application\Runtime\Cache\Home\63d04b2457d39665cb8c7862975639b3.php 第 93 行.
NOTIC: [8] Undefined index: m D:\www\yaheng\include\Common\functions.php 第 885 行.
SQL: SHOW COLUMNS FROM `jkd_images` [ RunTime:0.010001s ]
SQL: SELECT `savepath` FROM `jkd_images` WHERE ( `id` = 221 ) LIMIT 1   [ RunTime:0.032002s ]
NOTIC: [8] Undefined index: m D:\www\yaheng\include\Common\functions.php 第 885 行.
SQL: SELECT `savepath` FROM `jkd_images` WHERE ( `id` = 221 ) LIMIT 1   [ RunTime:0.001000s ]
NOTIC: [8] Undefined index: m D:\www\yaheng\include\Common\functions.php 第 885 行.
SQL: SELECT `savepath` FROM `jkd_images` WHERE ( `id` = 221 ) LIMIT 1   [ RunTime:0.000000s ]
NOTIC: [8] Undefined index: m D:\www\yaheng\include\Common\functions.php 第 885 行.
SQL: SELECT `savepath` FROM `jkd_images` WHERE ( `id` = 221 ) LIMIT 1   [ RunTime:0.001000s ]
NOTIC: [8] Undefined index: m D:\www\yaheng\include\Common\functions.php 第 885 行.
SQL: SELECT `savepath` FROM `jkd_images` WHERE ( `id` = 221 ) LIMIT 1   [ RunTime:0.000000s ]
NOTIC: [8] Undefined index: m D:\www\yaheng\include\Common\functions.php 第 885 行.
SQL: SELECT `savepath` FROM `jkd_images` WHERE ( `id` = 221 ) LIMIT 1   [ RunTime:0.000000s ]
NOTIC: [8] Undefined index: m D:\www\yaheng\include\Common\functions.php 第 885 行.
SQL: SELECT `savepath` FROM `jkd_images` WHERE ( `id` = 221 ) LIMIT 1   [ RunTime:0.001000s ]
NOTIC: [8] Undefined index: m D:\www\yaheng\include\Common\functions.php 第 885 行.
SQL: SELECT `savepath` FROM `jkd_images` WHERE ( `id` = 221 ) LIMIT 1   [ RunTime:0.001000s ]
NOTIC: [8] Undefined index: m D:\www\yaheng\include\Common\functions.php 第 885 行.
SQL: SELECT `savepath` FROM `jkd_images` WHERE ( `id` = 221 ) LIMIT 1   [ RunTime:0.001000s ]
INFO: Run Behavior\ParseTemplateBehavior [ RunTime:0.163009s ]
INFO: [ view_parse ] --END-- [ RunTime:0.163009s ]
INFO: [ view_filter ] --START--
INFO: Run Behavior\WriteHtmlCacheBehavior [ RunTime:0.001000s ]
INFO: [ view_filter ] --END-- [ RunTime:0.001000s ]
INFO: [ app_end ] --START--
INFO: Run Behavior\ShowPageTraceBehavior [ RunTime:0.002000s ]
INFO: [ app_end ] --END-- [ RunTime:0.002000s ]

[ 2015-09-02T15:33:41+08:00 ] 192.168.16.27 /yaheng/product/index/cid/74.html
INFO: [ app_init ] --START--
INFO: Run Behavior\BuildLiteBehavior [ RunTime:0.000000s ]
INFO: [ app_init ] --END-- [ RunTime:0.001000s ]
INFO: [ app_begin ] --START--
INFO: Run Behavior\ReadHtmlCacheBehavior [ RunTime:0.000000s ]
INFO: Run Behavior\CheckLangBehavior [ RunTime:0.002001s ]
INFO: [ app_begin ] --END-- [ RunTime:0.004001s ]
NOTIC: [8192] mysql_connect(): The mysql extension is deprecated and will be removed in the future: use mysqli or PDO instead D:\www\yaheng\include\Library\Think\Db\Driver\Mysql.class.php 第 52 行.
SQL: SHOW COLUMNS FROM `jkd_company` [ RunTime:0.008000s ]
ERR: 1146:Table 'yaheng.jkd_company' doesn't exist
 [ SQL语句 ] : SHOW COLUMNS FROM `jkd_company`
SQL: SELECT * FROM `jkd_company`  [ RunTime:0.001000s ]
ERR: 1146:Table 'yaheng.jkd_company' doesn't exist
 [ SQL语句 ] : SELECT * FROM `jkd_company` 
SQL: SHOW COLUMNS FROM `jkd_nav` [ RunTime:0.007000s ]
SQL: SELECT `nav_name` FROM `jkd_nav` WHERE ( action='product' ) LIMIT 1   [ RunTime:0.000000s ]
SQL: SHOW COLUMNS FROM `jkd_ad` [ RunTime:0.007001s ]
SQL: SELECT * FROM `jkd_ad` WHERE ( `lang` = 'zh-cn' ) AND ( `position` = 'wxqr' ) ORDER BY sort DESC  [ RunTime:0.001000s ]
SQL: SHOW COLUMNS FROM `jkd_product` [ RunTime:0.009000s ]
SQL: SHOW COLUMNS FROM `jkd_category` [ RunTime:0.009001s ]
SQL: SELECT `cid` FROM `jkd_category` WHERE ( type='s' ) ORDER BY cid desc LIMIT 1   [ RunTime:0.000000s ]
SQL: SELECT `cid`,`pid`,`name` FROM `jkd_category` WHERE ( type='p' and pid='0' ) ORDER BY cid asc  [ RunTime:0.001000s ]
SQL: SELECT * FROM `jkd_category` WHERE ( pid=61 )  [ RunTime:0.000000s ]
SQL: SELECT * FROM `jkd_category` WHERE ( pid=62 )  [ RunTime:0.001000s ]
SQL: SELECT * FROM `jkd_category` WHERE ( type='s' ) ORDER BY cid desc  [ RunTime:0.001000s ]
SQL: SHOW COLUMNS FROM `jkd_product` [ RunTime:0.011001s ]
SQL: SELECT COUNT(*) AS tp_count FROM jkd_product p WHERE ( `cid` = 74 ) AND ( `sid` = 90 ) AND ( `status` = 1 ) AND ( `lang` = 'zh-cn' ) LIMIT 1   [ RunTime:0.001000s ]
NOTIC: [8] Undefined index: m D:\www\yaheng\include\Common\functions.php 第 885 行.
NOTIC: [8] Undefined index: header D:\www\yaheng\include\Library\Think\Page.class.php 第 140 行.
SQL: SELECT COUNT(*) AS tp_count FROM `jkd_product` WHERE ( status=1 ) LIMIT 1   [ RunTime:0.000000s ]
SQL: SELECT * FROM `jkd_product` WHERE ( `cid` = 74 ) AND ( `sid` = 90 ) AND ( `status` = 1 ) AND ( `lang` = 'zh-cn' ) ORDER BY id desc LIMIT 0, 9   [ RunTime:0.001000s ]
INFO: [ view_parse ] --START--
NOTIC: [2] explode() expects parameter 2 to be string, array given D:\www\yaheng\include\Library\Think\Template.class.php 第 169 行.
NOTIC: [2] Invalid argument supplied for foreach() D:\www\yaheng\include\Library\Think\Template.class.php 第 170 行.
NOTIC: [2] explode() expects parameter 2 to be string, array given D:\www\yaheng\include\Library\Think\Template.class.php 第 169 行.
NOTIC: [2] Invalid argument supplied for foreach() D:\www\yaheng\include\Library\Think\Template.class.php 第 170 行.
NOTIC: [2] explode() expects parameter 2 to be string, array given D:\www\yaheng\include\Library\Think\Template.class.php 第 169 行.
NOTIC: [2] Invalid argument supplied for foreach() D:\www\yaheng\include\Library\Think\Template.class.php 第 170 行.
NOTIC: [2] explode() expects parameter 2 to be string, array given D:\www\yaheng\include\Library\Think\Template.class.php 第 169 行.
NOTIC: [2] Invalid argument supplied for foreach() D:\www\yaheng\include\Library\Think\Template.class.php 第 170 行.
NOTIC: [2] explode() expects parameter 2 to be string, array given D:\www\yaheng\include\Library\Think\Template.class.php 第 169 行.
NOTIC: [2] Invalid argument supplied for foreach() D:\www\yaheng\include\Library\Think\Template.class.php 第 170 行.
NOTIC: [8] Undefined index: limit D:\www\yaheng\include\Library\Think\Template\TagLib\Weblock.class.php 第 88 行.
INFO: [ template_filter ] --START--
INFO: Run Behavior\ContentReplaceBehavior [ RunTime:0.000000s ]
INFO: [ template_filter ] --END-- [ RunTime:0.000000s ]
NOTIC: [8] Undefined variable: info D:\www\yaheng\Application\Runtime\Cache\Home\63d04b2457d39665cb8c7862975639b3.php 第 15 行.
NOTIC: [8] Undefined variable: info D:\www\yaheng\Application\Runtime\Cache\Home\63d04b2457d39665cb8c7862975639b3.php 第 16 行.
SQL: SHOW COLUMNS FROM `jkd_nav` [ RunTime:0.009000s ]
SQL: SELECT * FROM `jkd_nav` WHERE ( lang='zh-cn'  AND type='top' AND parent_id=0 ) ORDER BY sort DESC  [ RunTime:0.000000s ]
SQL: SELECT * FROM `jkd_nav` WHERE ( parent_id=71 ) ORDER BY sort DESC  [ RunTime:0.002000s ]
SQL: SELECT * FROM `jkd_nav` WHERE ( parent_id=70 ) ORDER BY sort DESC  [ RunTime:0.000000s ]
SQL: SELECT * FROM `jkd_nav` WHERE ( parent_id=69 ) ORDER BY sort DESC  [ RunTime:0.000000s ]
SQL: SELECT * FROM `jkd_nav` WHERE ( parent_id=67 ) ORDER BY sort DESC  [ RunTime:0.001000s ]
SQL: SELECT * FROM `jkd_nav` WHERE ( parent_id=61 ) ORDER BY sort DESC  [ RunTime:0.001000s ]
SQL: SELECT * FROM `jkd_nav` WHERE ( parent_id=57 ) ORDER BY sort DESC  [ RunTime:0.001000s ]
SQL: SELECT * FROM `jkd_nav` WHERE ( parent_id=56 ) ORDER BY sort DESC  [ RunTime:0.000000s ]
NOTIC: [8] Undefined variable: details D:\www\yaheng\Application\Runtime\Cache\Home\63d04b2457d39665cb8c7862975639b3.php 第 51 行.
NOTIC: [8] Undefined index: sid D:\www\yaheng\Application\Runtime\Cache\Home\63d04b2457d39665cb8c7862975639b3.php 第 70 行.
NOTIC: [8] Undefined index: m D:\www\yaheng\include\Common\functions.php 第 885 行.
NOTIC: [8] Undefined index: id D:\www\yaheng\Application\Runtime\Cache\Home\63d04b2457d39665cb8c7862975639b3.php 第 70 行.
NOTIC: [8] Use of undefined constant voo - assumed 'voo' D:\www\yaheng\Application\Runtime\Cache\Home\63d04b2457d39665cb8c7862975639b3.php 第 73 行.
NOTIC: [8] Undefined index: sid D:\www\yaheng\Application\Runtime\Cache\Home\63d04b2457d39665cb8c7862975639b3.php 第 70 行.
NOTIC: [8] Undefined index: m D:\www\yaheng\include\Common\functions.php 第 885 行.
NOTIC: [8] Undefined index: id D:\www\yaheng\Application\Runtime\Cache\Home\63d04b2457d39665cb8c7862975639b3.php 第 70 行.
NOTIC: [8] Use of undefined constant voo - assumed 'voo' D:\www\yaheng\Application\Runtime\Cache\Home\63d04b2457d39665cb8c7862975639b3.php 第 73 行.
NOTIC: [8] Use of undefined constant voo - assumed 'voo' D:\www\yaheng\Application\Runtime\Cache\Home\63d04b2457d39665cb8c7862975639b3.php 第 73 行.
NOTIC: [8] Undefined index: sid D:\www\yaheng\Application\Runtime\Cache\Home\63d04b2457d39665cb8c7862975639b3.php 第 73 行.
NOTIC: [8] Undefined index: m D:\www\yaheng\include\Common\functions.php 第 885 行.
NOTIC: [8] Undefined index: id D:\www\yaheng\Application\Runtime\Cache\Home\63d04b2457d39665cb8c7862975639b3.php 第 73 行.
NOTIC: [8] Undefined index: sid D:\www\yaheng\Application\Runtime\Cache\Home\63d04b2457d39665cb8c7862975639b3.php 第 73 行.
NOTIC: [8] Undefined index: m D:\www\yaheng\include\Common\functions.php 第 885 行.
NOTIC: [8] Undefined index: id D:\www\yaheng\Application\Runtime\Cache\Home\63d04b2457d39665cb8c7862975639b3.php 第 73 行.
NOTIC: [8] Undefined index: sid D:\www\yaheng\Application\Runtime\Cache\Home\63d04b2457d39665cb8c7862975639b3.php 第 73 行.
NOTIC: [8] Undefined index: m D:\www\yaheng\include\Common\functions.php 第 885 行.
NOTIC: [8] Undefined index: id D:\www\yaheng\Application\Runtime\Cache\Home\63d04b2457d39665cb8c7862975639b3.php 第 73 行.
NOTIC: [8] Undefined index: sid D:\www\yaheng\Application\Runtime\Cache\Home\63d04b2457d39665cb8c7862975639b3.php 第 73 行.
NOTIC: [8] Undefined index: m D:\www\yaheng\include\Common\functions.php 第 885 行.
NOTIC: [8] Undefined index: id D:\www\yaheng\Application\Runtime\Cache\Home\63d04b2457d39665cb8c7862975639b3.php 第 73 行.
NOTIC: [8] Undefined index: sid D:\www\yaheng\Application\Runtime\Cache\Home\63d04b2457d39665cb8c7862975639b3.php 第 73 行.
NOTIC: [8] Undefined index: m D:\www\yaheng\include\Common\functions.php 第 885 行.
NOTIC: [8] Undefined index: id D:\www\yaheng\Application\Runtime\Cache\Home\63d04b2457d39665cb8c7862975639b3.php 第 73 行.
NOTIC: [8] Undefined index: sid D:\www\yaheng\Application\Runtime\Cache\Home\63d04b2457d39665cb8c7862975639b3.php 第 73 行.
NOTIC: [8] Undefined index: m D:\www\yaheng\include\Common\functions.php 第 885 行.
NOTIC: [8] Undefined index: id D:\www\yaheng\Application\Runtime\Cache\Home\63d04b2457d39665cb8c7862975639b3.php 第 73 行.
NOTIC: [8] Undefined index: m D:\www\yaheng\include\Common\functions.php 第 885 行.
NOTIC: [8] Undefined index: m D:\www\yaheng\include\Common\functions.php 第 885 行.
NOTIC: [8] Undefined index: m D:\www\yaheng\include\Common\functions.php 第 885 行.
NOTIC: [8] Undefined index: m D:\www\yaheng\include\Common\functions.php 第 885 行.
NOTIC: [8] Undefined index: m D:\www\yaheng\include\Common\functions.php 第 885 行.
NOTIC: [8] Undefined index: m D:\www\yaheng\include\Common\functions.php 第 885 行.
NOTIC: [8] Undefined index: m D:\www\yaheng\include\Common\functions.php 第 885 行.
NOTIC: [8] Undefined index: m D:\www\yaheng\include\Common\functions.php 第 885 行.
NOTIC: [8] Undefined index: m D:\www\yaheng\include\Common\functions.php 第 885 行.
SQL: SHOW COLUMNS FROM `jkd_images` [ RunTime:0.008001s ]
SQL: SELECT `savepath` FROM `jkd_images` WHERE ( `id` = 221 ) LIMIT 1   [ RunTime:0.000000s ]
NOTIC: [8] Undefined index: m D:\www\yaheng\include\Common\functions.php 第 885 行.
SQL: SELECT `savepath` FROM `jkd_images` WHERE ( `id` = 221 ) LIMIT 1   [ RunTime:0.000000s ]
NOTIC: [8] Undefined index: m D:\www\yaheng\include\Common\functions.php 第 885 行.
SQL: SELECT `savepath` FROM `jkd_images` WHERE ( `id` = 221 ) LIMIT 1   [ RunTime:0.001000s ]
NOTIC: [8] Undefined index: m D:\www\yaheng\include\Common\functions.php 第 885 行.
SQL: SELECT `savepath` FROM `jkd_images` WHERE ( `id` = 221 ) LIMIT 1   [ RunTime:0.001000s ]
NOTIC: [8] Undefined index: m D:\www\yaheng\include\Common\functions.php 第 885 行.
SQL: SELECT `savepath` FROM `jkd_images` WHERE ( `id` = 221 ) LIMIT 1   [ RunTime:0.000000s ]
NOTIC: [8] Undefined index: m D:\www\yaheng\include\Common\functions.php 第 885 行.
SQL: SELECT `savepath` FROM `jkd_images` WHERE ( `id` = 221 ) LIMIT 1   [ RunTime:0.000000s ]
NOTIC: [8] Undefined index: m D:\www\yaheng\include\Common\functions.php 第 885 行.
SQL: SELECT `savepath` FROM `jkd_images` WHERE ( `id` = 221 ) LIMIT 1   [ RunTime:0.001000s ]
NOTIC: [8] Undefined index: m D:\www\yaheng\include\Common\functions.php 第 885 行.
SQL: SELECT `savepath` FROM `jkd_images` WHERE ( `id` = 221 ) LIMIT 1   [ RunTime:0.000000s ]
NOTIC: [8] Undefined index: m D:\www\yaheng\include\Common\functions.php 第 885 行.
SQL: SELECT `savepath` FROM `jkd_images` WHERE ( `id` = 221 ) LIMIT 1   [ RunTime:0.000000s ]
INFO: Run Behavior\ParseTemplateBehavior [ RunTime:0.128007s ]
INFO: [ view_parse ] --END-- [ RunTime:0.129007s ]
INFO: [ view_filter ] --START--
INFO: Run Behavior\WriteHtmlCacheBehavior [ RunTime:0.001000s ]
INFO: [ view_filter ] --END-- [ RunTime:0.001000s ]
INFO: [ app_end ] --START--
INFO: Run Behavior\ShowPageTraceBehavior [ RunTime:0.001000s ]
INFO: [ app_end ] --END-- [ RunTime:0.002000s ]

[ 2015-09-02T15:33:43+08:00 ] 192.168.16.27 /yaheng/product/index/cid/72.html
INFO: [ app_init ] --START--
INFO: Run Behavior\BuildLiteBehavior [ RunTime:0.000000s ]
INFO: [ app_init ] --END-- [ RunTime:0.001000s ]
INFO: [ app_begin ] --START--
INFO: Run Behavior\ReadHtmlCacheBehavior [ RunTime:0.001000s ]
INFO: Run Behavior\CheckLangBehavior [ RunTime:0.002000s ]
INFO: [ app_begin ] --END-- [ RunTime:0.003000s ]
NOTIC: [8192] mysql_connect(): The mysql extension is deprecated and will be removed in the future: use mysqli or PDO instead D:\www\yaheng\include\Library\Think\Db\Driver\Mysql.class.php 第 52 行.
SQL: SHOW COLUMNS FROM `jkd_company` [ RunTime:0.007000s ]
ERR: 1146:Table 'yaheng.jkd_company' doesn't exist
 [ SQL语句 ] : SHOW COLUMNS FROM `jkd_company`
SQL: SELECT * FROM `jkd_company`  [ RunTime:0.001000s ]
ERR: 1146:Table 'yaheng.jkd_company' doesn't exist
 [ SQL语句 ] : SELECT * FROM `jkd_company` 
SQL: SHOW COLUMNS FROM `jkd_nav` [ RunTime:0.008001s ]
SQL: SELECT `nav_name` FROM `jkd_nav` WHERE ( action='product' ) LIMIT 1   [ RunTime:0.001000s ]
SQL: SHOW COLUMNS FROM `jkd_ad` [ RunTime:0.008001s ]
SQL: SELECT * FROM `jkd_ad` WHERE ( `lang` = 'zh-cn' ) AND ( `position` = 'wxqr' ) ORDER BY sort DESC  [ RunTime:0.000000s ]
SQL: SHOW COLUMNS FROM `jkd_product` [ RunTime:0.008000s ]
SQL: SHOW COLUMNS FROM `jkd_category` [ RunTime:0.008001s ]
SQL: SELECT `cid` FROM `jkd_category` WHERE ( type='s' ) ORDER BY cid desc LIMIT 1   [ RunTime:0.001000s ]
SQL: SELECT `cid`,`pid`,`name` FROM `jkd_category` WHERE ( type='p' and pid='0' ) ORDER BY cid asc  [ RunTime:0.001000s ]
SQL: SELECT * FROM `jkd_category` WHERE ( pid=61 )  [ RunTime:0.000000s ]
SQL: SELECT * FROM `jkd_category` WHERE ( pid=62 )  [ RunTime:0.001000s ]
SQL: SELECT * FROM `jkd_category` WHERE ( type='s' ) ORDER BY cid desc  [ RunTime:0.001000s ]
SQL: SHOW COLUMNS FROM `jkd_product` [ RunTime:0.009001s ]
SQL: SELECT COUNT(*) AS tp_count FROM jkd_product p WHERE ( `cid` = 72 ) AND ( `sid` = 90 ) AND ( `status` = 1 ) AND ( `lang` = 'zh-cn' ) LIMIT 1   [ RunTime:0.001000s ]
SQL: SELECT COUNT(*) AS tp_count FROM `jkd_product` WHERE ( status=1 ) LIMIT 1   [ RunTime:0.001000s ]
SQL: SELECT * FROM `jkd_product` WHERE ( `cid` = 72 ) AND ( `sid` = 90 ) AND ( `status` = 1 ) AND ( `lang` = 'zh-cn' ) ORDER BY id desc LIMIT 0, 9   [ RunTime:0.001000s ]
INFO: [ view_parse ] --START--
NOTIC: [2] explode() expects parameter 2 to be string, array given D:\www\yaheng\include\Library\Think\Template.class.php 第 169 行.
NOTIC: [2] Invalid argument supplied for foreach() D:\www\yaheng\include\Library\Think\Template.class.php 第 170 行.
NOTIC: [2] explode() expects parameter 2 to be string, array given D:\www\yaheng\include\Library\Think\Template.class.php 第 169 行.
NOTIC: [2] Invalid argument supplied for foreach() D:\www\yaheng\include\Library\Think\Template.class.php 第 170 行.
NOTIC: [2] explode() expects parameter 2 to be string, array given D:\www\yaheng\include\Library\Think\Template.class.php 第 169 行.
NOTIC: [2] Invalid argument supplied for foreach() D:\www\yaheng\include\Library\Think\Template.class.php 第 170 行.
NOTIC: [2] explode() expects parameter 2 to be string, array given D:\www\yaheng\include\Library\Think\Template.class.php 第 169 行.
NOTIC: [2] Invalid argument supplied for foreach() D:\www\yaheng\include\Library\Think\Template.class.php 第 170 行.
NOTIC: [2] explode() expects parameter 2 to be string, array given D:\www\yaheng\include\Library\Think\Template.class.php 第 169 行.
NOTIC: [2] Invalid argument supplied for foreach() D:\www\yaheng\include\Library\Think\Template.class.php 第 170 行.
NOTIC: [8] Undefined index: limit D:\www\yaheng\include\Library\Think\Template\TagLib\Weblock.class.php 第 88 行.
INFO: [ template_filter ] --START--
INFO: Run Behavior\ContentReplaceBehavior [ RunTime:0.001000s ]
INFO: [ template_filter ] --END-- [ RunTime:0.001000s ]
NOTIC: [8] Undefined variable: info D:\www\yaheng\Application\Runtime\Cache\Home\63d04b2457d39665cb8c7862975639b3.php 第 15 行.
NOTIC: [8] Undefined variable: info D:\www\yaheng\Application\Runtime\Cache\Home\63d04b2457d39665cb8c7862975639b3.php 第 16 行.
SQL: SHOW COLUMNS FROM `jkd_nav` [ RunTime:0.008001s ]
SQL: SELECT * FROM `jkd_nav` WHERE ( lang='zh-cn'  AND type='top' AND parent_id=0 ) ORDER BY sort DESC  [ RunTime:0.001000s ]
SQL: SELECT * FROM `jkd_nav` WHERE ( parent_id=71 ) ORDER BY sort DESC  [ RunTime:0.001000s ]
SQL: SELECT * FROM `jkd_nav` WHERE ( parent_id=70 ) ORDER BY sort DESC  [ RunTime:0.000000s ]
SQL: SELECT * FROM `jkd_nav` WHERE ( parent_id=69 ) ORDER BY sort DESC  [ RunTime:0.000000s ]
SQL: SELECT * FROM `jkd_nav` WHERE ( parent_id=67 ) ORDER BY sort DESC  [ RunTime:0.000000s ]
SQL: SELECT * FROM `jkd_nav` WHERE ( parent_id=61 ) ORDER BY sort DESC  [ RunTime:0.001000s ]
SQL: SELECT * FROM `jkd_nav` WHERE ( parent_id=57 ) ORDER BY sort DESC  [ RunTime:0.001001s ]
SQL: SELECT * FROM `jkd_nav` WHERE ( parent_id=56 ) ORDER BY sort DESC  [ RunTime:0.001000s ]
NOTIC: [8] Undefined variable: details D:\www\yaheng\Application\Runtime\Cache\Home\63d04b2457d39665cb8c7862975639b3.php 第 51 行.
NOTIC: [8] Undefined index: sid D:\www\yaheng\Application\Runtime\Cache\Home\63d04b2457d39665cb8c7862975639b3.php 第 70 行.
NOTIC: [8] Undefined index: m D:\www\yaheng\include\Common\functions.php 第 885 行.
NOTIC: [8] Undefined index: id D:\www\yaheng\Application\Runtime\Cache\Home\63d04b2457d39665cb8c7862975639b3.php 第 70 行.
NOTIC: [8] Use of undefined constant voo - assumed 'voo' D:\www\yaheng\Application\Runtime\Cache\Home\63d04b2457d39665cb8c7862975639b3.php 第 73 行.
NOTIC: [8] Undefined index: sid D:\www\yaheng\Application\Runtime\Cache\Home\63d04b2457d39665cb8c7862975639b3.php 第 70 行.
NOTIC: [8] Undefined index: m D:\www\yaheng\include\Common\functions.php 第 885 行.
NOTIC: [8] Undefined index: id D:\www\yaheng\Application\Runtime\Cache\Home\63d04b2457d39665cb8c7862975639b3.php 第 70 行.
NOTIC: [8] Use of undefined constant voo - assumed 'voo' D:\www\yaheng\Application\Runtime\Cache\Home\63d04b2457d39665cb8c7862975639b3.php 第 73 行.
NOTIC: [8] Use of undefined constant voo - assumed 'voo' D:\www\yaheng\Application\Runtime\Cache\Home\63d04b2457d39665cb8c7862975639b3.php 第 73 行.
NOTIC: [8] Undefined index: sid D:\www\yaheng\Application\Runtime\Cache\Home\63d04b2457d39665cb8c7862975639b3.php 第 73 行.
NOTIC: [8] Undefined index: m D:\www\yaheng\include\Common\functions.php 第 885 行.
NOTIC: [8] Undefined index: id D:\www\yaheng\Application\Runtime\Cache\Home\63d04b2457d39665cb8c7862975639b3.php 第 73 行.
NOTIC: [8] Undefined index: sid D:\www\yaheng\Application\Runtime\Cache\Home\63d04b2457d39665cb8c7862975639b3.php 第 73 行.
NOTIC: [8] Undefined index: m D:\www\yaheng\include\Common\functions.php 第 885 行.
NOTIC: [8] Undefined index: id D:\www\yaheng\Application\Runtime\Cache\Home\63d04b2457d39665cb8c7862975639b3.php 第 73 行.
NOTIC: [8] Undefined index: sid D:\www\yaheng\Application\Runtime\Cache\Home\63d04b2457d39665cb8c7862975639b3.php 第 73 行.
NOTIC: [8] Undefined index: m D:\www\yaheng\include\Common\functions.php 第 885 行.
NOTIC: [8] Undefined index: id D:\www\yaheng\Application\Runtime\Cache\Home\63d04b2457d39665cb8c7862975639b3.php 第 73 行.
NOTIC: [8] Undefined index: sid D:\www\yaheng\Application\Runtime\Cache\Home\63d04b2457d39665cb8c7862975639b3.php 第 73 行.
NOTIC: [8] Undefined index: m D:\www\yaheng\include\Common\functions.php 第 885 行.
NOTIC: [8] Undefined index: id D:\www\yaheng\Application\Runtime\Cache\Home\63d04b2457d39665cb8c7862975639b3.php 第 73 行.
NOTIC: [8] Undefined index: sid D:\www\yaheng\Application\Runtime\Cache\Home\63d04b2457d39665cb8c7862975639b3.php 第 73 行.
NOTIC: [8] Undefined index: m D:\www\yaheng\include\Common\functions.php 第 885 行.
NOTIC: [8] Undefined index: id D:\www\yaheng\Application\Runtime\Cache\Home\63d04b2457d39665cb8c7862975639b3.php 第 73 行.
NOTIC: [8] Undefined index: sid D:\www\yaheng\Application\Runtime\Cache\Home\63d04b2457d39665cb8c7862975639b3.php 第 73 行.
NOTIC: [8] Undefined index: m D:\www\yaheng\include\Common\functions.php 第 885 行.
NOTIC: [8] Undefined index: id D:\www\yaheng\Application\Runtime\Cache\Home\63d04b2457d39665cb8c7862975639b3.php 第 73 行.
NOTIC: [8] Undefined index: m D:\www\yaheng\include\Common\functions.php 第 885 行.
NOTIC: [8] Undefined index: m D:\www\yaheng\include\Common\functions.php 第 885 行.
NOTIC: [8] Undefined index: m D:\www\yaheng\include\Common\functions.php 第 885 行.
NOTIC: [8] Undefined index: m D:\www\yaheng\include\Common\functions.php 第 885 行.
NOTIC: [8] Undefined index: m D:\www\yaheng\include\Common\functions.php 第 885 行.
NOTIC: [8] Undefined index: m D:\www\yaheng\include\Common\functions.php 第 885 行.
NOTIC: [8] Undefined index: m D:\www\yaheng\include\Common\functions.php 第 885 行.
NOTIC: [8] Undefined index: m D:\www\yaheng\include\Common\functions.php 第 885 行.
INFO: Run Behavior\ParseTemplateBehavior [ RunTime:0.091006s ]
INFO: [ view_parse ] --END-- [ RunTime:0.091006s ]
INFO: [ view_filter ] --START--
INFO: Run Behavior\WriteHtmlCacheBehavior [ RunTime:0.001000s ]
INFO: [ view_filter ] --END-- [ RunTime:0.002000s ]
INFO: [ app_end ] --START--
INFO: Run Behavior\ShowPageTraceBehavior [ RunTime:0.001000s ]
INFO: [ app_end ] --END-- [ RunTime:0.001000s ]

[ 2015-09-02T15:33:45+08:00 ] 192.168.16.27 /yaheng/product/index/cid/72/sid/89.html
INFO: [ app_init ] --START--
INFO: Run Behavior\BuildLiteBehavior [ RunTime:0.000000s ]
INFO: [ app_init ] --END-- [ RunTime:0.000000s ]
INFO: [ app_begin ] --START--
INFO: Run Behavior\ReadHtmlCacheBehavior [ RunTime:0.001000s ]
INFO: Run Behavior\CheckLangBehavior [ RunTime:0.001001s ]
INFO: [ app_begin ] --END-- [ RunTime:0.003001s ]
NOTIC: [8192] mysql_connect(): The mysql extension is deprecated and will be removed in the future: use mysqli or PDO instead D:\www\yaheng\include\Library\Think\Db\Driver\Mysql.class.php 第 52 行.
SQL: SHOW COLUMNS FROM `jkd_company` [ RunTime:0.007001s ]
ERR: 1146:Table 'yaheng.jkd_company' doesn't exist
 [ SQL语句 ] : SHOW COLUMNS FROM `jkd_company`
SQL: SELECT * FROM `jkd_company`  [ RunTime:0.001000s ]
ERR: 1146:Table 'yaheng.jkd_company' doesn't exist
 [ SQL语句 ] : SELECT * FROM `jkd_company` 
SQL: SHOW COLUMNS FROM `jkd_nav` [ RunTime:0.008000s ]
SQL: SELECT `nav_name` FROM `jkd_nav` WHERE ( action='product' ) LIMIT 1   [ RunTime:0.000000s ]
SQL: SHOW COLUMNS FROM `jkd_ad` [ RunTime:0.012000s ]
SQL: SELECT * FROM `jkd_ad` WHERE ( `lang` = 'zh-cn' ) AND ( `position` = 'wxqr' ) ORDER BY sort DESC  [ RunTime:0.001000s ]
SQL: SHOW COLUMNS FROM `jkd_product` [ RunTime:0.010001s ]
SQL: SHOW COLUMNS FROM `jkd_category` [ RunTime:0.009001s ]
SQL: SELECT `cid`,`pid`,`name` FROM `jkd_category` WHERE ( type='p' and pid='0' ) ORDER BY cid asc  [ RunTime:0.000000s ]
SQL: SELECT * FROM `jkd_category` WHERE ( pid=61 )  [ RunTime:0.001000s ]
SQL: SELECT * FROM `jkd_category` WHERE ( pid=62 )  [ RunTime:0.000000s ]
SQL: SELECT * FROM `jkd_category` WHERE ( type='s' ) ORDER BY cid desc  [ RunTime:0.001000s ]
SQL: SHOW COLUMNS FROM `jkd_product` [ RunTime:0.009001s ]
SQL: SELECT COUNT(*) AS tp_count FROM jkd_product p WHERE ( `cid` = 72 ) AND ( `sid` = 89 ) AND ( `status` = 1 ) AND ( `lang` = 'zh-cn' ) LIMIT 1   [ RunTime:0.001000s ]
SQL: SELECT COUNT(*) AS tp_count FROM `jkd_product` WHERE ( status=1 ) LIMIT 1   [ RunTime:0.001000s ]
SQL: SELECT * FROM `jkd_product` WHERE ( `cid` = 72 ) AND ( `sid` = 89 ) AND ( `status` = 1 ) AND ( `lang` = 'zh-cn' ) ORDER BY id desc LIMIT 0, 9   [ RunTime:0.001000s ]
INFO: [ view_parse ] --START--
NOTIC: [2] explode() expects parameter 2 to be string, array given D:\www\yaheng\include\Library\Think\Template.class.php 第 169 行.
NOTIC: [2] Invalid argument supplied for foreach() D:\www\yaheng\include\Library\Think\Template.class.php 第 170 行.
NOTIC: [2] explode() expects parameter 2 to be string, array given D:\www\yaheng\include\Library\Think\Template.class.php 第 169 行.
NOTIC: [2] Invalid argument supplied for foreach() D:\www\yaheng\include\Library\Think\Template.class.php 第 170 行.
NOTIC: [2] explode() expects parameter 2 to be string, array given D:\www\yaheng\include\Library\Think\Template.class.php 第 169 行.
NOTIC: [2] Invalid argument supplied for foreach() D:\www\yaheng\include\Library\Think\Template.class.php 第 170 行.
NOTIC: [2] explode() expects parameter 2 to be string, array given D:\www\yaheng\include\Library\Think\Template.class.php 第 169 行.
NOTIC: [2] Invalid argument supplied for foreach() D:\www\yaheng\include\Library\Think\Template.class.php 第 170 行.
NOTIC: [2] explode() expects parameter 2 to be string, array given D:\www\yaheng\include\Library\Think\Template.class.php 第 169 行.
NOTIC: [2] Invalid argument supplied for foreach() D:\www\yaheng\include\Library\Think\Template.class.php 第 170 行.
NOTIC: [8] Undefined index: limit D:\www\yaheng\include\Library\Think\Template\TagLib\Weblock.class.php 第 88 行.
INFO: [ template_filter ] --START--
INFO: Run Behavior\ContentReplaceBehavior [ RunTime:0.001000s ]
INFO: [ template_filter ] --END-- [ RunTime:0.001000s ]
NOTIC: [8] Undefined variable: info D:\www\yaheng\Application\Runtime\Cache\Home\63d04b2457d39665cb8c7862975639b3.php 第 15 行.
NOTIC: [8] Undefined variable: info D:\www\yaheng\Application\Runtime\Cache\Home\63d04b2457d39665cb8c7862975639b3.php 第 16 行.
SQL: SHOW COLUMNS FROM `jkd_nav` [ RunTime:0.009001s ]
SQL: SELECT * FROM `jkd_nav` WHERE ( lang='zh-cn'  AND type='top' AND parent_id=0 ) ORDER BY sort DESC  [ RunTime:0.001000s ]
SQL: SELECT * FROM `jkd_nav` WHERE ( parent_id=71 ) ORDER BY sort DESC  [ RunTime:0.001000s ]
SQL: SELECT * FROM `jkd_nav` WHERE ( parent_id=70 ) ORDER BY sort DESC  [ RunTime:0.001000s ]
SQL: SELECT * FROM `jkd_nav` WHERE ( parent_id=69 ) ORDER BY sort DESC  [ RunTime:0.000000s ]
SQL: SELECT * FROM `jkd_nav` WHERE ( parent_id=67 ) ORDER BY sort DESC  [ RunTime:0.000000s ]
SQL: SELECT * FROM `jkd_nav` WHERE ( parent_id=61 ) ORDER BY sort DESC  [ RunTime:0.001001s ]
SQL: SELECT * FROM `jkd_nav` WHERE ( parent_id=57 ) ORDER BY sort DESC  [ RunTime:0.001000s ]
SQL: SELECT * FROM `jkd_nav` WHERE ( parent_id=56 ) ORDER BY sort DESC  [ RunTime:0.001000s ]
NOTIC: [8] Undefined variable: details D:\www\yaheng\Application\Runtime\Cache\Home\63d04b2457d39665cb8c7862975639b3.php 第 51 行.
NOTIC: [8] Undefined index: m D:\www\yaheng\include\Common\functions.php 第 885 行.
NOTIC: [8] Undefined index: id D:\www\yaheng\Application\Runtime\Cache\Home\63d04b2457d39665cb8c7862975639b3.php 第 70 行.
NOTIC: [8] Use of undefined constant voo - assumed 'voo' D:\www\yaheng\Application\Runtime\Cache\Home\63d04b2457d39665cb8c7862975639b3.php 第 73 行.
NOTIC: [8] Undefined index: m D:\www\yaheng\include\Common\functions.php 第 885 行.
NOTIC: [8] Undefined index: id D:\www\yaheng\Application\Runtime\Cache\Home\63d04b2457d39665cb8c7862975639b3.php 第 70 行.
NOTIC: [8] Use of undefined constant voo - assumed 'voo' D:\www\yaheng\Application\Runtime\Cache\Home\63d04b2457d39665cb8c7862975639b3.php 第 73 行.
NOTIC: [8] Use of undefined constant voo - assumed 'voo' D:\www\yaheng\Application\Runtime\Cache\Home\63d04b2457d39665cb8c7862975639b3.php 第 73 行.
NOTIC: [8] Undefined index: m D:\www\yaheng\include\Common\functions.php 第 885 行.
NOTIC: [8] Undefined index: id D:\www\yaheng\Application\Runtime\Cache\Home\63d04b2457d39665cb8c7862975639b3.php 第 73 行.
NOTIC: [8] Undefined index: m D:\www\yaheng\include\Common\functions.php 第 885 行.
NOTIC: [8] Undefined index: id D:\www\yaheng\Application\Runtime\Cache\Home\63d04b2457d39665cb8c7862975639b3.php 第 73 行.
NOTIC: [8] Undefined index: m D:\www\yaheng\include\Common\functions.php 第 885 行.
NOTIC: [8] Undefined index: id D:\www\yaheng\Application\Runtime\Cache\Home\63d04b2457d39665cb8c7862975639b3.php 第 73 行.
NOTIC: [8] Undefined index: m D:\www\yaheng\include\Common\functions.php 第 885 行.
NOTIC: [8] Undefined index: id D:\www\yaheng\Application\Runtime\Cache\Home\63d04b2457d39665cb8c7862975639b3.php 第 73 行.
NOTIC: [8] Undefined index: m D:\www\yaheng\include\Common\functions.php 第 885 行.
NOTIC: [8] Undefined index: id D:\www\yaheng\Application\Runtime\Cache\Home\63d04b2457d39665cb8c7862975639b3.php 第 73 行.
NOTIC: [8] Undefined index: m D:\www\yaheng\include\Common\functions.php 第 885 行.
NOTIC: [8] Undefined index: id D:\www\yaheng\Application\Runtime\Cache\Home\63d04b2457d39665cb8c7862975639b3.php 第 73 行.
NOTIC: [8] Undefined index: m D:\www\yaheng\include\Common\functions.php 第 885 行.
NOTIC: [8] Undefined index: m D:\www\yaheng\include\Common\functions.php 第 885 行.
NOTIC: [8] Undefined index: m D:\www\yaheng\include\Common\functions.php 第 885 行.
NOTIC: [8] Undefined index: m D:\www\yaheng\include\Common\functions.php 第 885 行.
NOTIC: [8] Undefined index: m D:\www\yaheng\include\Common\functions.php 第 885 行.
NOTIC: [8] Undefined index: m D:\www\yaheng\include\Common\functions.php 第 885 行.
NOTIC: [8] Undefined index: m D:\www\yaheng\include\Common\functions.php 第 885 行.
NOTIC: [8] Undefined index: m D:\www\yaheng\include\Common\functions.php 第 885 行.
INFO: Run Behavior\ParseTemplateBehavior [ RunTime:0.093005s ]
INFO: [ view_parse ] --END-- [ RunTime:0.094006s ]
INFO: [ view_filter ] --START--
INFO: Run Behavior\WriteHtmlCacheBehavior [ RunTime:0.001000s ]
INFO: [ view_filter ] --END-- [ RunTime:0.001000s ]
INFO: [ app_end ] --START--
INFO: Run Behavior\ShowPageTraceBehavior [ RunTime:0.001000s ]
INFO: [ app_end ] --END-- [ RunTime:0.002000s ]

[ 2015-09-02T17:41:42+08:00 ] 127.0.0.1 /yaheng/
INFO: [ app_init ] --START--
INFO: Run Behavior\BuildLiteBehavior [ RunTime:0.000000s ]
INFO: [ app_init ] --END-- [ RunTime:0.001000s ]
INFO: [ app_begin ] --START--
INFO: Run Behavior\ReadHtmlCacheBehavior [ RunTime:0.010001s ]
INFO: Run Behavior\CheckLangBehavior [ RunTime:0.005000s ]
INFO: [ app_begin ] --END-- [ RunTime:0.015001s ]
NOTIC: [8192] mysql_connect(): The mysql extension is deprecated and will be removed in the future: use mysqli or PDO instead D:\www\yaheng\include\Library\Think\Db\Driver\Mysql.class.php 第 52 行.
SQL: SHOW COLUMNS FROM `jkd_company` [ RunTime:0.006000s ]
ERR: 1146:Table 'yaheng.jkd_company' doesn't exist
 [ SQL语句 ] : SHOW COLUMNS FROM `jkd_company`
SQL: SELECT * FROM `jkd_company`  [ RunTime:0.001000s ]
ERR: 1146:Table 'yaheng.jkd_company' doesn't exist
 [ SQL语句 ] : SELECT * FROM `jkd_company` 
SQL: SHOW COLUMNS FROM `jkd_nav` [ RunTime:0.040003s ]
SQL: SELECT `nav_name` FROM `jkd_nav` WHERE ( action='index' ) LIMIT 1   [ RunTime:0.001000s ]
SQL: SHOW COLUMNS FROM `jkd_ad` [ RunTime:0.027001s ]
SQL: SELECT * FROM `jkd_ad` WHERE ( `lang` = 'zh-cn' ) AND ( `position` = 'wxqr' ) ORDER BY sort DESC  [ RunTime:0.001000s ]
SQL: SELECT * FROM `jkd_ad` WHERE ( `lang` = 'zh-cn' ) AND ( `position` = 'index' ) ORDER BY sort DESC  [ RunTime:0.000000s ]
SQL: SELECT * FROM `jkd_ad` WHERE ( `lang` = 'zh-cn' ) AND ( `position` = 'bottom' ) ORDER BY sort DESC  [ RunTime:0.000000s ]
SQL: SHOW COLUMNS FROM `jkd_news` [ RunTime:0.011000s ]
SQL: SELECT * FROM `jkd_news` WHERE ( status=1 ) ORDER BY id desc LIMIT 8   [ RunTime:0.037002s ]
SQL: SHOW COLUMNS FROM `jkd_gif` [ RunTime:0.055003s ]
SQL: SELECT `image_id` FROM `jkd_gif` WHERE ( id=1 ) LIMIT 1   [ RunTime:0.001000s ]
SQL: SHOW COLUMNS FROM `jkd_images` [ RunTime:0.028001s ]
SQL: SELECT `savepath` FROM `jkd_images` WHERE ( `id` IN ('321','322','323','324','325','326','327','328') )  [ RunTime:0.019001s ]
INFO: [ view_parse ] --START--
NOTIC: [2] explode() expects parameter 2 to be string, array given D:\www\yaheng\include\Library\Think\Template.class.php 第 169 行.
NOTIC: [2] Invalid argument supplied for foreach() D:\www\yaheng\include\Library\Think\Template.class.php 第 170 行.
NOTIC: [2] explode() expects parameter 2 to be string, array given D:\www\yaheng\include\Library\Think\Template.class.php 第 169 行.
NOTIC: [2] Invalid argument supplied for foreach() D:\www\yaheng\include\Library\Think\Template.class.php 第 170 行.
NOTIC: [2] explode() expects parameter 2 to be string, array given D:\www\yaheng\include\Library\Think\Template.class.php 第 169 行.
NOTIC: [2] Invalid argument supplied for foreach() D:\www\yaheng\include\Library\Think\Template.class.php 第 170 行.
NOTIC: [8] Undefined index: limit D:\www\yaheng\include\Library\Think\Template\TagLib\Weblock.class.php 第 88 行.
INFO: [ template_filter ] --START--
INFO: Run Behavior\ContentReplaceBehavior [ RunTime:0.001000s ]
INFO: [ template_filter ] --END-- [ RunTime:0.001000s ]
NOTIC: [8] Undefined variable: info D:\www\yaheng\Application\Runtime\Cache\Home\4c169d1beb682410761268f13d1beb68.php 第 16 行.
NOTIC: [8] Undefined variable: info D:\www\yaheng\Application\Runtime\Cache\Home\4c169d1beb682410761268f13d1beb68.php 第 17 行.
SQL: SHOW COLUMNS FROM `jkd_nav` [ RunTime:0.008000s ]
SQL: SELECT * FROM `jkd_nav` WHERE ( lang='zh-cn'  AND type='top' AND parent_id=0 ) ORDER BY sort DESC  [ RunTime:0.001000s ]
SQL: SELECT * FROM `jkd_nav` WHERE ( parent_id=71 ) ORDER BY sort DESC  [ RunTime:0.000000s ]
SQL: SELECT * FROM `jkd_nav` WHERE ( parent_id=70 ) ORDER BY sort DESC  [ RunTime:0.001000s ]
SQL: SELECT * FROM `jkd_nav` WHERE ( parent_id=69 ) ORDER BY sort DESC  [ RunTime:0.000000s ]
SQL: SELECT * FROM `jkd_nav` WHERE ( parent_id=67 ) ORDER BY sort DESC  [ RunTime:0.002000s ]
SQL: SELECT * FROM `jkd_nav` WHERE ( parent_id=61 ) ORDER BY sort DESC  [ RunTime:0.000000s ]
SQL: SELECT * FROM `jkd_nav` WHERE ( parent_id=57 ) ORDER BY sort DESC  [ RunTime:0.001000s ]
SQL: SELECT * FROM `jkd_nav` WHERE ( parent_id=56 ) ORDER BY sort DESC  [ RunTime:0.000000s ]
INFO: Run Behavior\ParseTemplateBehavior [ RunTime:0.158009s ]
INFO: [ view_parse ] --END-- [ RunTime:0.158009s ]
INFO: [ view_filter ] --START--
INFO: Run Behavior\WriteHtmlCacheBehavior [ RunTime:0.012001s ]
INFO: [ view_filter ] --END-- [ RunTime:0.012001s ]
INFO: [ app_end ] --START--
INFO: Run Behavior\ShowPageTraceBehavior [ RunTime:0.002000s ]
INFO: [ app_end ] --END-- [ RunTime:0.003000s ]

[ 2015-09-02T17:41:44+08:00 ] 127.0.0.1 /yaheng/favicon.ico
INFO: [ app_init ] --START--
INFO: Run Behavior\BuildLiteBehavior [ RunTime:0.000000s ]
INFO: [ app_init ] --END-- [ RunTime:0.001000s ]
INFO: [ app_begin ] --START--
INFO: Run Behavior\ReadHtmlCacheBehavior [ RunTime:0.001000s ]
INFO: Run Behavior\CheckLangBehavior [ RunTime:0.002000s ]
INFO: [ app_begin ] --END-- [ RunTime:0.005000s ]
NOTIC: [8192] mysql_connect(): The mysql extension is deprecated and will be removed in the future: use mysqli or PDO instead D:\www\yaheng\include\Library\Think\Db\Driver\Mysql.class.php 第 52 行.
SQL: SHOW COLUMNS FROM `jkd_company` [ RunTime:0.009001s ]
ERR: 1146:Table 'yaheng.jkd_company' doesn't exist
 [ SQL语句 ] : SHOW COLUMNS FROM `jkd_company`
SQL: SELECT * FROM `jkd_company`  [ RunTime:0.001000s ]
ERR: 1146:Table 'yaheng.jkd_company' doesn't exist
 [ SQL语句 ] : SELECT * FROM `jkd_company` 
SQL: SHOW COLUMNS FROM `jkd_nav` [ RunTime:0.011001s ]
SQL: SELECT `nav_name` FROM `jkd_nav` WHERE ( action='favicon.ico' ) LIMIT 1   [ RunTime:0.001000s ]
SQL: SHOW COLUMNS FROM `jkd_ad` [ RunTime:0.011001s ]
SQL: SELECT * FROM `jkd_ad` WHERE ( `lang` = 'zh-cn' ) AND ( `position` = 'wxqr' ) ORDER BY sort DESC  [ RunTime:0.001000s ]
INFO: [ view_parse ] --START--
NOTIC: [2] explode() expects parameter 2 to be string, array given D:\www\yaheng\include\Library\Think\Template.class.php 第 169 行.
NOTIC: [2] Invalid argument supplied for foreach() D:\www\yaheng\include\Library\Think\Template.class.php 第 170 行.
INFO: [ template_filter ] --START--
INFO: Run Behavior\ContentReplaceBehavior [ RunTime:0.000000s ]
INFO: [ template_filter ] --END-- [ RunTime:0.000000s ]
INFO: Run Behavior\ParseTemplateBehavior [ RunTime:0.064004s ]
INFO: [ view_parse ] --END-- [ RunTime:0.064004s ]
INFO: [ view_filter ] --START--
INFO: Run Behavior\WriteHtmlCacheBehavior [ RunTime:0.001000s ]
INFO: [ view_filter ] --END-- [ RunTime:0.001000s ]
INFO: [ app_end ] --START--
INFO: Run Behavior\ShowPageTraceBehavior [ RunTime:0.001000s ]
INFO: [ app_end ] --END-- [ RunTime:0.001000s ]

