[ 2015-09-07T16:28:16+08:00 ] 127.0.0.1 /yaheng/jkd
INFO: [ app_init ] --START--
INFO: Run Behavior\BuildLiteBehavior [ RunTime:0.000000s ]
INFO: [ app_init ] --END-- [ RunTime:0.001000s ]
INFO: [ app_begin ] --START--
INFO: Run Behavior\ReadHtmlCacheBehavior [ RunTime:0.001000s ]
INFO: [ app_begin ] --END-- [ RunTime:0.001000s ]

[ 2015-09-07T16:28:16+08:00 ] 127.0.0.1 /yaheng/jkd/Public/index.html
INFO: [ app_init ] --START--
INFO: Run Behavior\BuildLiteBehavior [ RunTime:0.001000s ]
INFO: [ app_init ] --END-- [ RunTime:0.001000s ]
INFO: [ app_begin ] --START--
INFO: Run Behavior\ReadHtmlCacheBehavior [ RunTime:0.001000s ]
INFO: [ app_begin ] --END-- [ RunTime:0.001000s ]
INFO: [ view_parse ] --START--
INFO: [ template_filter ] --START--
INFO: Run Behavior\ContentReplaceBehavior [ RunTime:0.000000s ]
INFO: [ template_filter ] --END-- [ RunTime:0.001000s ]
INFO: Run Behavior\ParseTemplateBehavior [ RunTime:0.339019s ]
INFO: [ view_parse ] --END-- [ RunTime:0.339019s ]
INFO: [ view_filter ] --START--
INFO: Run Behavior\WriteHtmlCacheBehavior [ RunTime:0.026001s ]
INFO: Run Behavior\TokenBuildBehavior [ RunTime:0.022002s ]
INFO: [ view_filter ] --END-- [ RunTime:0.048003s ]
INFO: [ app_end ] --START--
INFO: Run Behavior\ShowPageTraceBehavior [ RunTime:0.017001s ]
INFO: [ app_end ] --END-- [ RunTime:0.018001s ]

[ 2015-09-07T16:28:17+08:00 ] 127.0.0.1 /yaheng/jkd/Public/verify_code.html
INFO: [ app_init ] --START--
INFO: Run Behavior\BuildLiteBehavior [ RunTime:0.000000s ]
INFO: [ app_init ] --END-- [ RunTime:0.001000s ]
INFO: [ app_begin ] --START--
INFO: Run Behavior\ReadHtmlCacheBehavior [ RunTime:0.001000s ]
INFO: [ app_begin ] --END-- [ RunTime:0.002000s ]
INFO: [ app_end ] --START--
INFO: Run Behavior\ShowPageTraceBehavior [ RunTime:0.010001s ]
INFO: [ app_end ] --END-- [ RunTime:0.011001s ]

[ 2015-09-07T16:28:18+08:00 ] 127.0.0.1 /yaheng/
INFO: [ app_init ] --START--
INFO: Run Behavior\BuildLiteBehavior [ RunTime:0.000000s ]
INFO: [ app_init ] --END-- [ RunTime:0.025001s ]
INFO: [ app_begin ] --START--
INFO: Run Behavior\ReadHtmlCacheBehavior [ RunTime:0.010001s ]
INFO: Run Behavior\CheckLangBehavior [ RunTime:0.024001s ]
INFO: [ app_begin ] --END-- [ RunTime:0.034002s ]
NOTIC: [8192] mysql_connect(): The mysql extension is deprecated and will be removed in the future: use mysqli or PDO instead D:\www\yaheng\include\Library\Think\Db\Driver\Mysql.class.php 第 52 行.
SQL: SHOW COLUMNS FROM `jkd_company` [ RunTime:0.634036s ]
ERR: 1146:Table 'yaheng.jkd_company' doesn't exist
 [ SQL语句 ] : SHOW COLUMNS FROM `jkd_company`
SQL: SELECT * FROM `jkd_company`  [ RunTime:0.018001s ]
ERR: 1146:Table 'yaheng.jkd_company' doesn't exist
 [ SQL语句 ] : SELECT * FROM `jkd_company` 
SQL: SHOW COLUMNS FROM `jkd_nav` [ RunTime:0.258015s ]
SQL: SELECT `nav_name` FROM `jkd_nav` WHERE ( action='index' ) LIMIT 1   [ RunTime:0.030002s ]
SQL: SHOW COLUMNS FROM `jkd_ad` [ RunTime:0.118006s ]
SQL: SELECT * FROM `jkd_ad` WHERE ( `lang` = 'zh-cn' ) AND ( `position` = 'wxqr' ) ORDER BY sort DESC  [ RunTime:0.050003s ]
SQL: SELECT * FROM `jkd_ad` WHERE ( `lang` = 'zh-cn' ) AND ( `position` = 'index' ) ORDER BY sort DESC  [ RunTime:0.001000s ]
SQL: SELECT * FROM `jkd_ad` WHERE ( `lang` = 'zh-cn' ) AND ( `position` = 'bottom' ) ORDER BY sort DESC  [ RunTime:0.001000s ]
SQL: SHOW COLUMNS FROM `jkd_news` [ RunTime:0.025002s ]
SQL: SELECT * FROM `jkd_news` WHERE ( status=1 ) ORDER BY id desc LIMIT 8   [ RunTime:0.044002s ]
SQL: SHOW COLUMNS FROM `jkd_gif` [ RunTime:0.039003s ]
SQL: SELECT `image_id` FROM `jkd_gif` WHERE ( id=1 ) LIMIT 1   [ RunTime:0.001000s ]
SQL: SHOW COLUMNS FROM `jkd_images` [ RunTime:0.042002s ]
SQL: SELECT `savepath` FROM `jkd_images` WHERE ( `id` IN ('321','322','323','324','325','326','327','328') )  [ RunTime:0.180010s ]
INFO: [ view_parse ] --START--
NOTIC: [2] explode() expects parameter 2 to be string, array given D:\www\yaheng\include\Library\Think\Template.class.php 第 169 行.
NOTIC: [2] Invalid argument supplied for foreach() D:\www\yaheng\include\Library\Think\Template.class.php 第 170 行.
NOTIC: [2] explode() expects parameter 2 to be string, array given D:\www\yaheng\include\Library\Think\Template.class.php 第 169 行.
NOTIC: [2] Invalid argument supplied for foreach() D:\www\yaheng\include\Library\Think\Template.class.php 第 170 行.
NOTIC: [2] explode() expects parameter 2 to be string, array given D:\www\yaheng\include\Library\Think\Template.class.php 第 169 行.
NOTIC: [2] Invalid argument supplied for foreach() D:\www\yaheng\include\Library\Think\Template.class.php 第 170 行.
NOTIC: [8] Undefined index: limit D:\www\yaheng\include\Library\Think\Template\TagLib\Weblock.class.php 第 88 行.
INFO: [ template_filter ] --START--
INFO: Run Behavior\ContentReplaceBehavior [ RunTime:0.000000s ]
INFO: [ template_filter ] --END-- [ RunTime:0.000000s ]
NOTIC: [8] Undefined variable: info D:\www\yaheng\Application\Runtime\Cache\Home\4c169d1beb682410761268f13d1beb68.php 第 16 行.
NOTIC: [8] Undefined variable: info D:\www\yaheng\Application\Runtime\Cache\Home\4c169d1beb682410761268f13d1beb68.php 第 17 行.
SQL: SHOW COLUMNS FROM `jkd_nav` [ RunTime:0.012001s ]
SQL: SELECT * FROM `jkd_nav` WHERE ( lang='zh-cn'  AND type='top' AND parent_id=0 ) ORDER BY sort DESC  [ RunTime:0.002000s ]
SQL: SELECT * FROM `jkd_nav` WHERE ( parent_id=71 ) ORDER BY sort DESC  [ RunTime:0.002000s ]
SQL: SELECT * FROM `jkd_nav` WHERE ( parent_id=70 ) ORDER BY sort DESC  [ RunTime:0.002001s ]
SQL: SELECT * FROM `jkd_nav` WHERE ( parent_id=69 ) ORDER BY sort DESC  [ RunTime:0.001000s ]
SQL: SELECT * FROM `jkd_nav` WHERE ( parent_id=67 ) ORDER BY sort DESC  [ RunTime:0.001000s ]
SQL: SELECT * FROM `jkd_nav` WHERE ( parent_id=61 ) ORDER BY sort DESC  [ RunTime:0.001000s ]
SQL: SELECT * FROM `jkd_nav` WHERE ( parent_id=57 ) ORDER BY sort DESC  [ RunTime:0.001000s ]
SQL: SELECT * FROM `jkd_nav` WHERE ( parent_id=56 ) ORDER BY sort DESC  [ RunTime:0.001000s ]
INFO: Run Behavior\ParseTemplateBehavior [ RunTime:0.192011s ]
INFO: [ view_parse ] --END-- [ RunTime:0.192011s ]
INFO: [ view_filter ] --START--
INFO: Run Behavior\WriteHtmlCacheBehavior [ RunTime:0.002000s ]
INFO: [ view_filter ] --END-- [ RunTime:0.002000s ]
INFO: [ app_end ] --START--
INFO: Run Behavior\ShowPageTraceBehavior [ RunTime:0.002000s ]
INFO: [ app_end ] --END-- [ RunTime:0.002000s ]

[ 2015-09-07T16:28:26+08:00 ] 127.0.0.1 /yaheng/jkd/Public/index.html
INFO: [ app_init ] --START--
INFO: Run Behavior\BuildLiteBehavior [ RunTime:0.000000s ]
INFO: [ app_init ] --END-- [ RunTime:0.001000s ]
INFO: [ app_begin ] --START--
INFO: Run Behavior\ReadHtmlCacheBehavior [ RunTime:0.002000s ]
INFO: [ app_begin ] --END-- [ RunTime:0.002000s ]
NOTIC: [8192] mysql_connect(): The mysql extension is deprecated and will be removed in the future: use mysqli or PDO instead D:\www\yaheng\include\Library\Think\Db\Driver\Mysql.class.php 第 52 行.
SQL: SHOW COLUMNS FROM `jkd_admin` [ RunTime:0.036002s ]
SQL: SHOW COLUMNS FROM `jkd_admin` [ RunTime:0.009000s ]
SQL: SELECT COUNT(*) AS tp_count FROM `jkd_admin` WHERE ( `email`='admin@qq.com' ) LIMIT 1   [ RunTime:0.022001s ]
SQL: SELECT * FROM `jkd_admin` WHERE ( `email`='admin@qq.com' ) LIMIT 1   [ RunTime:0.001000s ]
SQL: SELECT * FROM `jkd_admin` WHERE ( `email` = 'admin@qq.com' ) LIMIT 1   [ RunTime:0.001000s ]
INFO: [ app_end ] --START--
INFO: Run Behavior\ShowPageTraceBehavior [ RunTime:0.001000s ]
INFO: [ app_end ] --END-- [ RunTime:0.003001s ]

[ 2015-09-07T16:28:29+08:00 ] 127.0.0.1 /yaheng/jkd/Index/index.html
INFO: [ app_init ] --START--
INFO: Run Behavior\BuildLiteBehavior [ RunTime:0.000000s ]
INFO: [ app_init ] --END-- [ RunTime:0.001000s ]
INFO: [ app_begin ] --START--
INFO: Run Behavior\ReadHtmlCacheBehavior [ RunTime:0.001000s ]
INFO: [ app_begin ] --END-- [ RunTime:0.001000s ]
NOTIC: [8192] mysql_connect(): The mysql extension is deprecated and will be removed in the future: use mysqli or PDO instead D:\www\yaheng\include\Library\Think\Db\Driver\Mysql.class.php 第 52 行.
SQL: SHOW COLUMNS FROM `jkd_model` [ RunTime:0.257015s ]
SQL: SELECT `tbl_name`,`menu_name` FROM `jkd_model` WHERE ( is_inner=0 )  [ RunTime:0.002000s ]
NOTIC: [2] Invalid argument supplied for foreach() D:\www\yaheng\Application\Admin\Controller\CommonController.class.php 第 122 行.
INFO: [ view_parse ] --START--
INFO: [ template_filter ] --START--
INFO: Run Behavior\ContentReplaceBehavior [ RunTime:0.001000s ]
INFO: [ template_filter ] --END-- [ RunTime:0.001000s ]
NOTIC: [8] Undefined variable: caches D:\www\yaheng\Application\Runtime\Cache\Admin\b595b808c2ebeeeb0478ffc30bb4e87a.php 第 47 行.
INFO: Run Behavior\ParseTemplateBehavior [ RunTime:0.054003s ]
INFO: [ view_parse ] --END-- [ RunTime:0.054003s ]
INFO: [ view_filter ] --START--
INFO: Run Behavior\WriteHtmlCacheBehavior [ RunTime:0.000000s ]
INFO: Run Behavior\TokenBuildBehavior [ RunTime:0.001000s ]
INFO: [ view_filter ] --END-- [ RunTime:0.002000s ]
INFO: [ app_end ] --START--
INFO: Run Behavior\ShowPageTraceBehavior [ RunTime:0.001000s ]
INFO: [ app_end ] --END-- [ RunTime:0.001000s ]

[ 2015-09-07T16:28:30+08:00 ] 127.0.0.1 /yaheng/jkd/SysData/backup.html
INFO: [ app_init ] --START--
INFO: Run Behavior\BuildLiteBehavior [ RunTime:0.000000s ]
INFO: [ app_init ] --END-- [ RunTime:0.001000s ]
INFO: [ app_begin ] --START--
INFO: Run Behavior\ReadHtmlCacheBehavior [ RunTime:0.001000s ]
INFO: [ app_begin ] --END-- [ RunTime:0.001000s ]
NOTIC: [8192] mysql_connect(): The mysql extension is deprecated and will be removed in the future: use mysqli or PDO instead D:\www\yaheng\include\Library\Think\Db\Driver\Mysql.class.php 第 52 行.
SQL: SHOW COLUMNS FROM `jkd_model` [ RunTime:0.007000s ]
SQL: SELECT `tbl_name`,`menu_name` FROM `jkd_model` WHERE ( is_inner=0 )  [ RunTime:0.001001s ]
NOTIC: [2] Invalid argument supplied for foreach() D:\www\yaheng\Application\Admin\Controller\CommonController.class.php 第 122 行.
NOTIC: [8] Undefined index: SysData D:\www\yaheng\Application\Admin\Controller\CommonController.class.php 第 131 行.
SQL: SHOW COLUMNS FROM `jkd_admin` [ RunTime:0.011000s ]
SQL: SHOW TABLE STATUS [ RunTime:0.328019s ]
SQL: SET SQL_QUOTE_SHOW_CREATE = 1 [ RunTime:0.001001s ]
NOTIC: [2] mysql_num_rows() expects parameter 1 to be resource, boolean given D:\www\yaheng\include\Library\Think\Db\Driver\Mysql.class.php 第 106 行.
NOTIC: [2] mysql_free_result() expects parameter 1 to be resource, boolean given D:\www\yaheng\include\Library\Think\Db\Driver\Mysql.class.php 第 77 行.
SQL: SHOW CREATE TABLE jkd_access [ RunTime:0.000000s ]
SQL: SHOW CREATE TABLE jkd_ad [ RunTime:0.001000s ]
SQL: SHOW CREATE TABLE jkd_admin [ RunTime:0.001000s ]
SQL: SHOW CREATE TABLE jkd_case [ RunTime:0.001000s ]
SQL: SHOW CREATE TABLE jkd_category [ RunTime:0.000000s ]
SQL: SHOW CREATE TABLE jkd_field [ RunTime:0.016001s ]
SQL: SHOW CREATE TABLE jkd_gif [ RunTime:0.002000s ]
SQL: SHOW CREATE TABLE jkd_images [ RunTime:0.001000s ]
SQL: SHOW CREATE TABLE jkd_input [ RunTime:0.001000s ]
SQL: SHOW CREATE TABLE jkd_link [ RunTime:0.000000s ]
SQL: SHOW CREATE TABLE jkd_member [ RunTime:0.000000s ]
SQL: SHOW CREATE TABLE jkd_message [ RunTime:0.000000s ]
SQL: SHOW CREATE TABLE jkd_model [ RunTime:0.000000s ]
SQL: SHOW CREATE TABLE jkd_nav [ RunTime:0.001000s ]
SQL: SHOW CREATE TABLE jkd_news [ RunTime:0.001000s ]
SQL: SHOW CREATE TABLE jkd_node [ RunTime:0.000000s ]
SQL: SHOW CREATE TABLE jkd_page [ RunTime:0.000000s ]
SQL: SHOW CREATE TABLE jkd_product [ RunTime:0.000000s ]
SQL: SHOW CREATE TABLE jkd_role [ RunTime:0.001000s ]
SQL: SHOW CREATE TABLE jkd_role_user [ RunTime:0.000000s ]
SQL: SHOW CREATE TABLE jkd_tag [ RunTime:0.000000s ]
SQL: SHOW TABLE STATUS LIKE 'jkd_access' [ RunTime:0.001000s ]
SQL: SELECT * FROM jkd_access LIMIT 0, 10000 [ RunTime:0.013001s ]
SQL: SHOW TABLE STATUS LIKE 'jkd_ad' [ RunTime:0.001000s ]
SQL: SELECT * FROM jkd_ad LIMIT 0, 10000 [ RunTime:0.001001s ]
SQL: SHOW TABLE STATUS LIKE 'jkd_admin' [ RunTime:0.002000s ]
SQL: SELECT * FROM jkd_admin LIMIT 0, 10000 [ RunTime:0.001000s ]
SQL: SHOW TABLE STATUS LIKE 'jkd_case' [ RunTime:0.001000s ]
SQL: SELECT * FROM jkd_case LIMIT 0, 10000 [ RunTime:0.000000s ]
SQL: SHOW TABLE STATUS LIKE 'jkd_category' [ RunTime:0.002000s ]
SQL: SELECT * FROM jkd_category LIMIT 0, 10000 [ RunTime:0.010001s ]
SQL: SHOW TABLE STATUS LIKE 'jkd_field' [ RunTime:0.001000s ]
SQL: SHOW TABLE STATUS LIKE 'jkd_gif' [ RunTime:0.001000s ]
SQL: SELECT * FROM jkd_gif LIMIT 0, 10000 [ RunTime:0.001000s ]
SQL: SHOW TABLE STATUS LIKE 'jkd_images' [ RunTime:0.001000s ]
SQL: SELECT * FROM jkd_images LIMIT 0, 10000 [ RunTime:0.024001s ]
SQL: SHOW TABLE STATUS LIKE 'jkd_input' [ RunTime:0.001000s ]
SQL: SHOW TABLE STATUS LIKE 'jkd_link' [ RunTime:0.001000s ]
SQL: SHOW TABLE STATUS LIKE 'jkd_member' [ RunTime:0.001000s ]
SQL: SHOW TABLE STATUS LIKE 'jkd_message' [ RunTime:0.001000s ]
SQL: SELECT * FROM jkd_message LIMIT 0, 10000 [ RunTime:0.001000s ]
SQL: SHOW TABLE STATUS LIKE 'jkd_model' [ RunTime:0.001000s ]
SQL: SHOW TABLE STATUS LIKE 'jkd_nav' [ RunTime:0.001000s ]
SQL: SELECT * FROM jkd_nav LIMIT 0, 10000 [ RunTime:0.000000s ]
SQL: SHOW TABLE STATUS LIKE 'jkd_news' [ RunTime:0.001000s ]
SQL: SELECT * FROM jkd_news LIMIT 0, 10000 [ RunTime:0.002000s ]
SQL: SHOW TABLE STATUS LIKE 'jkd_node' [ RunTime:0.001000s ]
SQL: SELECT * FROM jkd_node LIMIT 0, 10000 [ RunTime:0.001000s ]
SQL: SHOW TABLE STATUS LIKE 'jkd_page' [ RunTime:0.001000s ]
SQL: SELECT * FROM jkd_page LIMIT 0, 10000 [ RunTime:0.023001s ]
SQL: SHOW TABLE STATUS LIKE 'jkd_product' [ RunTime:0.002000s ]
SQL: SELECT * FROM jkd_product LIMIT 0, 10000 [ RunTime:0.009001s ]
SQL: SHOW TABLE STATUS LIKE 'jkd_role' [ RunTime:0.001000s ]
SQL: SELECT * FROM jkd_role LIMIT 0, 10000 [ RunTime:0.001000s ]
SQL: SHOW TABLE STATUS LIKE 'jkd_role_user' [ RunTime:0.001000s ]
SQL: SELECT * FROM jkd_role_user LIMIT 0, 10000 [ RunTime:0.001000s ]
SQL: SHOW TABLE STATUS LIKE 'jkd_tag' [ RunTime:0.001001s ]
SQL: SELECT * FROM jkd_tag LIMIT 0, 10000 [ RunTime:0.001000s ]
INFO: [ app_end ] --START--
INFO: Run Behavior\ShowPageTraceBehavior [ RunTime:0.001000s ]
INFO: [ app_end ] --END-- [ RunTime:0.001000s ]

[ 2015-09-07T16:28:34+08:00 ] 127.0.0.1 /yaheng/jkd/Siteinfo/index.html
INFO: [ app_init ] --START--
INFO: Run Behavior\BuildLiteBehavior [ RunTime:0.001000s ]
INFO: [ app_init ] --END-- [ RunTime:0.001000s ]
INFO: [ app_begin ] --START--
INFO: Run Behavior\ReadHtmlCacheBehavior [ RunTime:0.002000s ]
INFO: [ app_begin ] --END-- [ RunTime:0.002000s ]
NOTIC: [8192] mysql_connect(): The mysql extension is deprecated and will be removed in the future: use mysqli or PDO instead D:\www\yaheng\include\Library\Think\Db\Driver\Mysql.class.php 第 52 行.
SQL: SHOW COLUMNS FROM `jkd_model` [ RunTime:0.008000s ]
SQL: SELECT `tbl_name`,`menu_name` FROM `jkd_model` WHERE ( is_inner=0 )  [ RunTime:0.001000s ]
NOTIC: [2] Invalid argument supplied for foreach() D:\www\yaheng\Application\Admin\Controller\CommonController.class.php 第 122 行.
SQL: SHOW COLUMNS FROM `jkd_nav` [ RunTime:0.006000s ]
SQL: SELECT * FROM `jkd_nav`  [ RunTime:0.001000s ]
INFO: [ view_parse ] --START--
INFO: [ template_filter ] --START--
INFO: Run Behavior\ContentReplaceBehavior [ RunTime:0.000000s ]
INFO: [ template_filter ] --END-- [ RunTime:0.000000s ]
INFO: Run Behavior\ParseTemplateBehavior [ RunTime:0.075004s ]
INFO: [ view_parse ] --END-- [ RunTime:0.075004s ]
INFO: [ view_filter ] --START--
INFO: Run Behavior\WriteHtmlCacheBehavior [ RunTime:0.001000s ]
INFO: Run Behavior\TokenBuildBehavior [ RunTime:0.001000s ]
INFO: [ view_filter ] --END-- [ RunTime:0.002000s ]
INFO: [ app_end ] --START--
INFO: Run Behavior\ShowPageTraceBehavior [ RunTime:0.001000s ]
INFO: [ app_end ] --END-- [ RunTime:0.002000s ]

[ 2015-09-07T16:28:35+08:00 ] 127.0.0.1 /yaheng/jkd/Siteinfo/index.html
INFO: [ app_init ] --START--
INFO: Run Behavior\BuildLiteBehavior [ RunTime:0.000000s ]
INFO: [ app_init ] --END-- [ RunTime:0.000000s ]
INFO: [ app_begin ] --START--
INFO: Run Behavior\ReadHtmlCacheBehavior [ RunTime:0.001000s ]
INFO: [ app_begin ] --END-- [ RunTime:0.001000s ]
NOTIC: [8192] mysql_connect(): The mysql extension is deprecated and will be removed in the future: use mysqli or PDO instead D:\www\yaheng\include\Library\Think\Db\Driver\Mysql.class.php 第 52 行.
SQL: SHOW COLUMNS FROM `jkd_model` [ RunTime:0.007001s ]
SQL: SELECT `tbl_name`,`menu_name` FROM `jkd_model` WHERE ( is_inner=0 )  [ RunTime:0.000000s ]
NOTIC: [2] Invalid argument supplied for foreach() D:\www\yaheng\Application\Admin\Controller\CommonController.class.php 第 122 行.
SQL: SHOW COLUMNS FROM `jkd_nav` [ RunTime:0.007001s ]
SQL: SELECT * FROM `jkd_nav`  [ RunTime:0.001000s ]
INFO: [ view_parse ] --START--
INFO: [ template_filter ] --START--
INFO: Run Behavior\ContentReplaceBehavior [ RunTime:0.000000s ]
INFO: [ template_filter ] --END-- [ RunTime:0.000000s ]
INFO: Run Behavior\ParseTemplateBehavior [ RunTime:0.043003s ]
INFO: [ view_parse ] --END-- [ RunTime:0.043003s ]
INFO: [ view_filter ] --START--
INFO: Run Behavior\WriteHtmlCacheBehavior [ RunTime:0.001000s ]
INFO: Run Behavior\TokenBuildBehavior [ RunTime:0.001000s ]
INFO: [ view_filter ] --END-- [ RunTime:0.002000s ]
INFO: [ app_end ] --START--
INFO: Run Behavior\ShowPageTraceBehavior [ RunTime:0.001000s ]
INFO: [ app_end ] --END-- [ RunTime:0.002000s ]

[ 2015-09-07T16:28:37+08:00 ] 127.0.0.1 /yaheng/jkd/Siteinfo/add_nav.html
INFO: [ app_init ] --START--
INFO: Run Behavior\BuildLiteBehavior [ RunTime:0.000000s ]
INFO: [ app_init ] --END-- [ RunTime:0.001000s ]
INFO: [ app_begin ] --START--
INFO: Run Behavior\ReadHtmlCacheBehavior [ RunTime:0.001000s ]
INFO: [ app_begin ] --END-- [ RunTime:0.001000s ]
NOTIC: [8192] mysql_connect(): The mysql extension is deprecated and will be removed in the future: use mysqli or PDO instead D:\www\yaheng\include\Library\Think\Db\Driver\Mysql.class.php 第 52 行.
SQL: SHOW COLUMNS FROM `jkd_model` [ RunTime:0.007000s ]
SQL: SELECT `tbl_name`,`menu_name` FROM `jkd_model` WHERE ( is_inner=0 )  [ RunTime:0.001001s ]
NOTIC: [2] Invalid argument supplied for foreach() D:\www\yaheng\Application\Admin\Controller\CommonController.class.php 第 122 行.
NOTIC: [8] Undefined index: id D:\www\yaheng\Application\Admin\Controller\SiteinfoController.class.php 第 109 行.
SQL: SHOW COLUMNS FROM `jkd_nav` [ RunTime:0.007001s ]
SQL: SELECT * FROM `jkd_nav`  [ RunTime:0.000000s ]
SQL: SHOW COLUMNS FROM `jkd_category` [ RunTime:0.007000s ]
SQL: SELECT * FROM `jkd_category` WHERE ( `type` = 'p' )  [ RunTime:0.001000s ]
SQL: SELECT * FROM `jkd_category` WHERE ( `type` = 'n' )  [ RunTime:0.000000s ]
SQL: SHOW COLUMNS FROM `jkd_page` [ RunTime:0.008000s ]
SQL: SELECT * FROM `jkd_page`  [ RunTime:0.001000s ]
INFO: [ view_parse ] --START--
INFO: [ template_filter ] --START--
INFO: Run Behavior\ContentReplaceBehavior [ RunTime:0.000000s ]
INFO: [ template_filter ] --END-- [ RunTime:0.001000s ]
NOTIC: [8] Undefined variable: info D:\www\yaheng\Application\Runtime\Cache\Admin\476c5178c48c725c7d9a0ddd34613f91.php 第 54 行.
NOTIC: [8] Undefined variable: info D:\www\yaheng\Application\Runtime\Cache\Admin\476c5178c48c725c7d9a0ddd34613f91.php 第 60 行.
NOTIC: [8] Undefined variable: info D:\www\yaheng\Application\Runtime\Cache\Admin\476c5178c48c725c7d9a0ddd34613f91.php 第 60 行.
NOTIC: [8] Undefined variable: info D:\www\yaheng\Application\Runtime\Cache\Admin\476c5178c48c725c7d9a0ddd34613f91.php 第 60 行.
NOTIC: [8] Undefined variable: info D:\www\yaheng\Application\Runtime\Cache\Admin\476c5178c48c725c7d9a0ddd34613f91.php 第 60 行.
NOTIC: [8] Undefined variable: info D:\www\yaheng\Application\Runtime\Cache\Admin\476c5178c48c725c7d9a0ddd34613f91.php 第 60 行.
NOTIC: [8] Undefined variable: info D:\www\yaheng\Application\Runtime\Cache\Admin\476c5178c48c725c7d9a0ddd34613f91.php 第 60 行.
NOTIC: [8] Undefined variable: info D:\www\yaheng\Application\Runtime\Cache\Admin\476c5178c48c725c7d9a0ddd34613f91.php 第 60 行.
NOTIC: [8] Undefined variable: info D:\www\yaheng\Application\Runtime\Cache\Admin\476c5178c48c725c7d9a0ddd34613f91.php 第 68 行.
NOTIC: [8] Undefined variable: info D:\www\yaheng\Application\Runtime\Cache\Admin\476c5178c48c725c7d9a0ddd34613f91.php 第 69 行.
NOTIC: [8] Undefined variable: info D:\www\yaheng\Application\Runtime\Cache\Admin\476c5178c48c725c7d9a0ddd34613f91.php 第 71 行.
NOTIC: [8] Undefined variable: info D:\www\yaheng\Application\Runtime\Cache\Admin\476c5178c48c725c7d9a0ddd34613f91.php 第 72 行.
NOTIC: [8] Undefined variable: info D:\www\yaheng\Application\Runtime\Cache\Admin\476c5178c48c725c7d9a0ddd34613f91.php 第 74 行.
NOTIC: [8] Undefined variable: info D:\www\yaheng\Application\Runtime\Cache\Admin\476c5178c48c725c7d9a0ddd34613f91.php 第 75 行.
NOTIC: [8] Undefined variable: info D:\www\yaheng\Application\Runtime\Cache\Admin\476c5178c48c725c7d9a0ddd34613f91.php 第 75 行.
NOTIC: [8] Undefined variable: info D:\www\yaheng\Application\Runtime\Cache\Admin\476c5178c48c725c7d9a0ddd34613f91.php 第 75 行.
NOTIC: [8] Undefined variable: info D:\www\yaheng\Application\Runtime\Cache\Admin\476c5178c48c725c7d9a0ddd34613f91.php 第 75 行.
NOTIC: [8] Undefined variable: info D:\www\yaheng\Application\Runtime\Cache\Admin\476c5178c48c725c7d9a0ddd34613f91.php 第 75 行.
NOTIC: [8] Undefined variable: info D:\www\yaheng\Application\Runtime\Cache\Admin\476c5178c48c725c7d9a0ddd34613f91.php 第 75 行.
NOTIC: [8] Undefined variable: info D:\www\yaheng\Application\Runtime\Cache\Admin\476c5178c48c725c7d9a0ddd34613f91.php 第 75 行.
NOTIC: [8] Undefined variable: info D:\www\yaheng\Application\Runtime\Cache\Admin\476c5178c48c725c7d9a0ddd34613f91.php 第 75 行.
NOTIC: [8] Undefined variable: info D:\www\yaheng\Application\Runtime\Cache\Admin\476c5178c48c725c7d9a0ddd34613f91.php 第 77 行.
NOTIC: [8] Undefined variable: info D:\www\yaheng\Application\Runtime\Cache\Admin\476c5178c48c725c7d9a0ddd34613f91.php 第 77 行.
NOTIC: [8] Undefined variable: info D:\www\yaheng\Application\Runtime\Cache\Admin\476c5178c48c725c7d9a0ddd34613f91.php 第 77 行.
NOTIC: [8] Undefined variable: info D:\www\yaheng\Application\Runtime\Cache\Admin\476c5178c48c725c7d9a0ddd34613f91.php 第 77 行.
NOTIC: [8] Undefined variable: info D:\www\yaheng\Application\Runtime\Cache\Admin\476c5178c48c725c7d9a0ddd34613f91.php 第 77 行.
NOTIC: [8] Undefined variable: info D:\www\yaheng\Application\Runtime\Cache\Admin\476c5178c48c725c7d9a0ddd34613f91.php 第 77 行.
NOTIC: [8] Undefined variable: info D:\www\yaheng\Application\Runtime\Cache\Admin\476c5178c48c725c7d9a0ddd34613f91.php 第 77 行.
NOTIC: [8] Undefined variable: info D:\www\yaheng\Application\Runtime\Cache\Admin\476c5178c48c725c7d9a0ddd34613f91.php 第 85 行.
NOTIC: [8] Undefined variable: info D:\www\yaheng\Application\Runtime\Cache\Admin\476c5178c48c725c7d9a0ddd34613f91.php 第 86 行.
NOTIC: [8] Undefined variable: info D:\www\yaheng\Application\Runtime\Cache\Admin\476c5178c48c725c7d9a0ddd34613f91.php 第 87 行.
NOTIC: [8] Undefined variable: info D:\www\yaheng\Application\Runtime\Cache\Admin\476c5178c48c725c7d9a0ddd34613f91.php 第 93 行.
NOTIC: [8] Undefined variable: info D:\www\yaheng\Application\Runtime\Cache\Admin\476c5178c48c725c7d9a0ddd34613f91.php 第 94 行.
NOTIC: [8] Undefined variable: info D:\www\yaheng\Application\Runtime\Cache\Admin\476c5178c48c725c7d9a0ddd34613f91.php 第 99 行.
NOTIC: [8] Undefined variable: info D:\www\yaheng\Application\Runtime\Cache\Admin\476c5178c48c725c7d9a0ddd34613f91.php 第 103 行.
NOTIC: [8] Undefined variable: info D:\www\yaheng\Application\Runtime\Cache\Admin\476c5178c48c725c7d9a0ddd34613f91.php 第 107 行.
NOTIC: [8] Undefined variable: info D:\www\yaheng\Application\Runtime\Cache\Admin\476c5178c48c725c7d9a0ddd34613f91.php 第 111 行.
NOTIC: [8] Undefined variable: info D:\www\yaheng\Application\Runtime\Cache\Admin\476c5178c48c725c7d9a0ddd34613f91.php 第 115 行.
NOTIC: [8] Undefined variable: info D:\www\yaheng\Application\Runtime\Cache\Admin\476c5178c48c725c7d9a0ddd34613f91.php 第 118 行.
INFO: Run Behavior\ParseTemplateBehavior [ RunTime:0.066003s ]
INFO: [ view_parse ] --END-- [ RunTime:0.066003s ]
INFO: [ view_filter ] --START--
INFO: Run Behavior\WriteHtmlCacheBehavior [ RunTime:0.001000s ]
INFO: Run Behavior\TokenBuildBehavior [ RunTime:0.000000s ]
INFO: [ view_filter ] --END-- [ RunTime:0.003000s ]
INFO: [ app_end ] --START--
INFO: Run Behavior\ShowPageTraceBehavior [ RunTime:0.001001s ]
INFO: [ app_end ] --END-- [ RunTime:0.002001s ]

