[ 2015-09-06T08:55:09+08:00 ] 127.0.0.1 /yaheng/
INFO: [ app_init ] --START--
INFO: Run Behavior\BuildLiteBehavior [ RunTime:0.000000s ]
INFO: [ app_init ] --END-- [ RunTime:0.019001s ]
INFO: [ app_begin ] --START--
INFO: Run Behavior\ReadHtmlCacheBehavior [ RunTime:0.011001s ]
INFO: Run Behavior\CheckLangBehavior [ RunTime:0.004000s ]
INFO: [ app_begin ] --END-- [ RunTime:0.015001s ]
NOTIC: [8192] mysql_connect(): The mysql extension is deprecated and will be removed in the future: use mysqli or PDO instead D:\www\yaheng\include\Library\Think\Db\Driver\Mysql.class.php 第 52 行.
SQL: SHOW COLUMNS FROM `jkd_company` [ RunTime:0.020001s ]
ERR: 1146:Table 'yaheng.jkd_company' doesn't exist
 [ SQL语句 ] : SHOW COLUMNS FROM `jkd_company`
SQL: SELECT * FROM `jkd_company`  [ RunTime:0.003000s ]
ERR: 1146:Table 'yaheng.jkd_company' doesn't exist
 [ SQL语句 ] : SELECT * FROM `jkd_company` 
SQL: SHOW COLUMNS FROM `jkd_nav` [ RunTime:0.017001s ]
SQL: SELECT `nav_name` FROM `jkd_nav` WHERE ( action='index' ) LIMIT 1   [ RunTime:0.001000s ]
SQL: SHOW COLUMNS FROM `jkd_ad` [ RunTime:0.026002s ]
SQL: SELECT * FROM `jkd_ad` WHERE ( `lang` = 'zh-cn' ) AND ( `position` = 'wxqr' ) ORDER BY sort DESC  [ RunTime:0.002000s ]
SQL: SELECT * FROM `jkd_ad` WHERE ( `lang` = 'zh-cn' ) AND ( `position` = 'index' ) ORDER BY sort DESC  [ RunTime:0.000000s ]
SQL: SELECT * FROM `jkd_ad` WHERE ( `lang` = 'zh-cn' ) AND ( `position` = 'bottom' ) ORDER BY sort DESC  [ RunTime:0.000000s ]
SQL: SHOW COLUMNS FROM `jkd_news` [ RunTime:0.011001s ]
SQL: SELECT * FROM `jkd_news` WHERE ( status=1 ) ORDER BY id desc LIMIT 8   [ RunTime:0.034002s ]
SQL: SHOW COLUMNS FROM `jkd_gif` [ RunTime:0.038002s ]
SQL: SELECT `image_id` FROM `jkd_gif` WHERE ( id=1 ) LIMIT 1   [ RunTime:0.001000s ]
SQL: SHOW COLUMNS FROM `jkd_images` [ RunTime:0.028002s ]
SQL: SELECT `savepath` FROM `jkd_images` WHERE ( `id` IN ('321','322','323','324','325','326','327','328') )  [ RunTime:0.020001s ]
INFO: [ view_parse ] --START--
NOTIC: [2] explode() expects parameter 2 to be string, array given D:\www\yaheng\include\Library\Think\Template.class.php 第 169 行.
NOTIC: [2] Invalid argument supplied for foreach() D:\www\yaheng\include\Library\Think\Template.class.php 第 170 行.
NOTIC: [2] explode() expects parameter 2 to be string, array given D:\www\yaheng\include\Library\Think\Template.class.php 第 169 行.
NOTIC: [2] Invalid argument supplied for foreach() D:\www\yaheng\include\Library\Think\Template.class.php 第 170 行.
NOTIC: [2] explode() expects parameter 2 to be string, array given D:\www\yaheng\include\Library\Think\Template.class.php 第 169 行.
NOTIC: [2] Invalid argument supplied for foreach() D:\www\yaheng\include\Library\Think\Template.class.php 第 170 行.
NOTIC: [8] Undefined index: limit D:\www\yaheng\include\Library\Think\Template\TagLib\Weblock.class.php 第 88 行.
INFO: [ template_filter ] --START--
INFO: Run Behavior\ContentReplaceBehavior [ RunTime:0.001000s ]
INFO: [ template_filter ] --END-- [ RunTime:0.002000s ]
NOTIC: [8] Undefined variable: info D:\www\yaheng\Application\Runtime\Cache\Home\4c169d1beb682410761268f13d1beb68.php 第 16 行.
NOTIC: [8] Undefined variable: info D:\www\yaheng\Application\Runtime\Cache\Home\4c169d1beb682410761268f13d1beb68.php 第 17 行.
SQL: SHOW COLUMNS FROM `jkd_nav` [ RunTime:0.007001s ]
SQL: SELECT * FROM `jkd_nav` WHERE ( lang='zh-cn'  AND type='top' AND parent_id=0 ) ORDER BY sort DESC  [ RunTime:0.001000s ]
SQL: SELECT * FROM `jkd_nav` WHERE ( parent_id=71 ) ORDER BY sort DESC  [ RunTime:0.000000s ]
SQL: SELECT * FROM `jkd_nav` WHERE ( parent_id=70 ) ORDER BY sort DESC  [ RunTime:0.001000s ]
SQL: SELECT * FROM `jkd_nav` WHERE ( parent_id=69 ) ORDER BY sort DESC  [ RunTime:0.000000s ]
SQL: SELECT * FROM `jkd_nav` WHERE ( parent_id=67 ) ORDER BY sort DESC  [ RunTime:0.000000s ]
SQL: SELECT * FROM `jkd_nav` WHERE ( parent_id=61 ) ORDER BY sort DESC  [ RunTime:0.001000s ]
SQL: SELECT * FROM `jkd_nav` WHERE ( parent_id=57 ) ORDER BY sort DESC  [ RunTime:0.000000s ]
SQL: SELECT * FROM `jkd_nav` WHERE ( parent_id=56 ) ORDER BY sort DESC  [ RunTime:0.001000s ]
INFO: Run Behavior\ParseTemplateBehavior [ RunTime:0.172009s ]
INFO: [ view_parse ] --END-- [ RunTime:0.172009s ]
INFO: [ view_filter ] --START--
INFO: Run Behavior\WriteHtmlCacheBehavior [ RunTime:0.007001s ]
INFO: [ view_filter ] --END-- [ RunTime:0.007001s ]
INFO: [ app_end ] --START--
INFO: Run Behavior\ShowPageTraceBehavior [ RunTime:0.008000s ]
INFO: [ app_end ] --END-- [ RunTime:0.008000s ]

[ 2015-09-06T08:55:12+08:00 ] 127.0.0.1 /yaheng/favicon.ico
INFO: [ app_init ] --START--
INFO: Run Behavior\BuildLiteBehavior [ RunTime:0.000000s ]
INFO: [ app_init ] --END-- [ RunTime:0.001000s ]
INFO: [ app_begin ] --START--
INFO: Run Behavior\ReadHtmlCacheBehavior [ RunTime:0.001000s ]
INFO: Run Behavior\CheckLangBehavior [ RunTime:0.003000s ]
INFO: [ app_begin ] --END-- [ RunTime:0.004000s ]
NOTIC: [8192] mysql_connect(): The mysql extension is deprecated and will be removed in the future: use mysqli or PDO instead D:\www\yaheng\include\Library\Think\Db\Driver\Mysql.class.php 第 52 行.
SQL: SHOW COLUMNS FROM `jkd_company` [ RunTime:0.009000s ]
ERR: 1146:Table 'yaheng.jkd_company' doesn't exist
 [ SQL语句 ] : SHOW COLUMNS FROM `jkd_company`
SQL: SELECT * FROM `jkd_company`  [ RunTime:0.002000s ]
ERR: 1146:Table 'yaheng.jkd_company' doesn't exist
 [ SQL语句 ] : SELECT * FROM `jkd_company` 
SQL: SHOW COLUMNS FROM `jkd_nav` [ RunTime:0.010000s ]
SQL: SELECT `nav_name` FROM `jkd_nav` WHERE ( action='favicon.ico' ) LIMIT 1   [ RunTime:0.001000s ]
SQL: SHOW COLUMNS FROM `jkd_ad` [ RunTime:0.010001s ]
SQL: SELECT * FROM `jkd_ad` WHERE ( `lang` = 'zh-cn' ) AND ( `position` = 'wxqr' ) ORDER BY sort DESC  [ RunTime:0.001000s ]
INFO: [ view_parse ] --START--
NOTIC: [2] explode() expects parameter 2 to be string, array given D:\www\yaheng\include\Library\Think\Template.class.php 第 169 行.
NOTIC: [2] Invalid argument supplied for foreach() D:\www\yaheng\include\Library\Think\Template.class.php 第 170 行.
INFO: [ template_filter ] --START--
INFO: Run Behavior\ContentReplaceBehavior [ RunTime:0.000000s ]
INFO: [ template_filter ] --END-- [ RunTime:0.000000s ]
INFO: Run Behavior\ParseTemplateBehavior [ RunTime:0.174010s ]
INFO: [ view_parse ] --END-- [ RunTime:0.174010s ]
INFO: [ view_filter ] --START--
INFO: Run Behavior\WriteHtmlCacheBehavior [ RunTime:0.001000s ]
INFO: [ view_filter ] --END-- [ RunTime:0.001000s ]
INFO: [ app_end ] --START--
INFO: Run Behavior\ShowPageTraceBehavior [ RunTime:0.001000s ]
INFO: [ app_end ] --END-- [ RunTime:0.001000s ]

[ 2015-09-06T15:10:34+08:00 ] 127.0.0.1 /yaheng/
INFO: [ app_init ] --START--
INFO: Run Behavior\BuildLiteBehavior [ RunTime:0.000000s ]
INFO: [ app_init ] --END-- [ RunTime:0.001000s ]
INFO: [ app_begin ] --START--
INFO: Run Behavior\ReadHtmlCacheBehavior [ RunTime:0.002001s ]
INFO: Run Behavior\CheckLangBehavior [ RunTime:0.003000s ]
INFO: [ app_begin ] --END-- [ RunTime:0.005001s ]
NOTIC: [8192] mysql_connect(): The mysql extension is deprecated and will be removed in the future: use mysqli or PDO instead D:\www\yaheng\include\Library\Think\Db\Driver\Mysql.class.php 第 52 行.
SQL: SHOW COLUMNS FROM `jkd_company` [ RunTime:0.008000s ]
ERR: 1146:Table 'yaheng.jkd_company' doesn't exist
 [ SQL语句 ] : SHOW COLUMNS FROM `jkd_company`
SQL: SELECT * FROM `jkd_company`  [ RunTime:0.001000s ]
ERR: 1146:Table 'yaheng.jkd_company' doesn't exist
 [ SQL语句 ] : SELECT * FROM `jkd_company` 
SQL: SHOW COLUMNS FROM `jkd_nav` [ RunTime:0.008001s ]
SQL: SELECT `nav_name` FROM `jkd_nav` WHERE ( action='index' ) LIMIT 1   [ RunTime:0.001000s ]
SQL: SHOW COLUMNS FROM `jkd_ad` [ RunTime:0.009001s ]
SQL: SELECT * FROM `jkd_ad` WHERE ( `lang` = 'zh-cn' ) AND ( `position` = 'wxqr' ) ORDER BY sort DESC  [ RunTime:0.000000s ]
SQL: SELECT * FROM `jkd_ad` WHERE ( `lang` = 'zh-cn' ) AND ( `position` = 'index' ) ORDER BY sort DESC  [ RunTime:0.000000s ]
SQL: SELECT * FROM `jkd_ad` WHERE ( `lang` = 'zh-cn' ) AND ( `position` = 'bottom' ) ORDER BY sort DESC  [ RunTime:0.000000s ]
SQL: SHOW COLUMNS FROM `jkd_news` [ RunTime:0.008000s ]
SQL: SELECT * FROM `jkd_news` WHERE ( status=1 ) ORDER BY id desc LIMIT 8   [ RunTime:0.001001s ]
SQL: SHOW COLUMNS FROM `jkd_gif` [ RunTime:0.009000s ]
SQL: SELECT `image_id` FROM `jkd_gif` WHERE ( id=1 ) LIMIT 1   [ RunTime:0.001000s ]
SQL: SHOW COLUMNS FROM `jkd_images` [ RunTime:0.009001s ]
SQL: SELECT `savepath` FROM `jkd_images` WHERE ( `id` IN ('321','322','323','324','325','326','327','328') )  [ RunTime:0.001000s ]
INFO: [ view_parse ] --START--
NOTIC: [2] explode() expects parameter 2 to be string, array given D:\www\yaheng\include\Library\Think\Template.class.php 第 169 行.
NOTIC: [2] Invalid argument supplied for foreach() D:\www\yaheng\include\Library\Think\Template.class.php 第 170 行.
NOTIC: [2] explode() expects parameter 2 to be string, array given D:\www\yaheng\include\Library\Think\Template.class.php 第 169 行.
NOTIC: [2] Invalid argument supplied for foreach() D:\www\yaheng\include\Library\Think\Template.class.php 第 170 行.
NOTIC: [2] explode() expects parameter 2 to be string, array given D:\www\yaheng\include\Library\Think\Template.class.php 第 169 行.
NOTIC: [2] Invalid argument supplied for foreach() D:\www\yaheng\include\Library\Think\Template.class.php 第 170 行.
NOTIC: [8] Undefined index: limit D:\www\yaheng\include\Library\Think\Template\TagLib\Weblock.class.php 第 88 行.
INFO: [ template_filter ] --START--
INFO: Run Behavior\ContentReplaceBehavior [ RunTime:0.000000s ]
INFO: [ template_filter ] --END-- [ RunTime:0.002000s ]
NOTIC: [8] Undefined variable: info D:\www\yaheng\Application\Runtime\Cache\Home\4c169d1beb682410761268f13d1beb68.php 第 16 行.
NOTIC: [8] Undefined variable: info D:\www\yaheng\Application\Runtime\Cache\Home\4c169d1beb682410761268f13d1beb68.php 第 17 行.
SQL: SHOW COLUMNS FROM `jkd_nav` [ RunTime:0.010000s ]
SQL: SELECT * FROM `jkd_nav` WHERE ( lang='zh-cn'  AND type='top' AND parent_id=0 ) ORDER BY sort DESC  [ RunTime:0.001000s ]
SQL: SELECT * FROM `jkd_nav` WHERE ( parent_id=71 ) ORDER BY sort DESC  [ RunTime:0.001000s ]
SQL: SELECT * FROM `jkd_nav` WHERE ( parent_id=70 ) ORDER BY sort DESC  [ RunTime:0.000000s ]
SQL: SELECT * FROM `jkd_nav` WHERE ( parent_id=69 ) ORDER BY sort DESC  [ RunTime:0.000000s ]
SQL: SELECT * FROM `jkd_nav` WHERE ( parent_id=67 ) ORDER BY sort DESC  [ RunTime:0.001000s ]
SQL: SELECT * FROM `jkd_nav` WHERE ( parent_id=61 ) ORDER BY sort DESC  [ RunTime:0.001000s ]
SQL: SELECT * FROM `jkd_nav` WHERE ( parent_id=57 ) ORDER BY sort DESC  [ RunTime:0.000000s ]
SQL: SELECT * FROM `jkd_nav` WHERE ( parent_id=56 ) ORDER BY sort DESC  [ RunTime:0.001000s ]
INFO: Run Behavior\ParseTemplateBehavior [ RunTime:0.076004s ]
INFO: [ view_parse ] --END-- [ RunTime:0.076004s ]
INFO: [ view_filter ] --START--
INFO: Run Behavior\WriteHtmlCacheBehavior [ RunTime:0.002000s ]
INFO: [ view_filter ] --END-- [ RunTime:0.002000s ]
INFO: [ app_end ] --START--
INFO: Run Behavior\ShowPageTraceBehavior [ RunTime:0.001001s ]
INFO: [ app_end ] --END-- [ RunTime:0.001001s ]

[ 2015-09-06T15:10:35+08:00 ] 127.0.0.1 /yaheng/favicon.ico
INFO: [ app_init ] --START--
INFO: Run Behavior\BuildLiteBehavior [ RunTime:0.000000s ]
INFO: [ app_init ] --END-- [ RunTime:0.001000s ]
INFO: [ app_begin ] --START--
INFO: Run Behavior\ReadHtmlCacheBehavior [ RunTime:0.002000s ]
INFO: Run Behavior\CheckLangBehavior [ RunTime:0.002001s ]
INFO: [ app_begin ] --END-- [ RunTime:0.005001s ]
NOTIC: [8192] mysql_connect(): The mysql extension is deprecated and will be removed in the future: use mysqli or PDO instead D:\www\yaheng\include\Library\Think\Db\Driver\Mysql.class.php 第 52 行.
SQL: SHOW COLUMNS FROM `jkd_company` [ RunTime:0.008001s ]
ERR: 1146:Table 'yaheng.jkd_company' doesn't exist
 [ SQL语句 ] : SHOW COLUMNS FROM `jkd_company`
SQL: SELECT * FROM `jkd_company`  [ RunTime:0.001000s ]
ERR: 1146:Table 'yaheng.jkd_company' doesn't exist
 [ SQL语句 ] : SELECT * FROM `jkd_company` 
SQL: SHOW COLUMNS FROM `jkd_nav` [ RunTime:0.011001s ]
SQL: SELECT `nav_name` FROM `jkd_nav` WHERE ( action='favicon.ico' ) LIMIT 1   [ RunTime:0.000000s ]
SQL: SHOW COLUMNS FROM `jkd_ad` [ RunTime:0.010000s ]
SQL: SELECT * FROM `jkd_ad` WHERE ( `lang` = 'zh-cn' ) AND ( `position` = 'wxqr' ) ORDER BY sort DESC  [ RunTime:0.001001s ]
INFO: [ view_parse ] --START--
NOTIC: [2] explode() expects parameter 2 to be string, array given D:\www\yaheng\include\Library\Think\Template.class.php 第 169 行.
NOTIC: [2] Invalid argument supplied for foreach() D:\www\yaheng\include\Library\Think\Template.class.php 第 170 行.
INFO: [ template_filter ] --START--
INFO: Run Behavior\ContentReplaceBehavior [ RunTime:0.000000s ]
INFO: [ template_filter ] --END-- [ RunTime:0.000000s ]
INFO: Run Behavior\ParseTemplateBehavior [ RunTime:0.018001s ]
INFO: [ view_parse ] --END-- [ RunTime:0.019001s ]
INFO: [ view_filter ] --START--
INFO: Run Behavior\WriteHtmlCacheBehavior [ RunTime:0.001000s ]
INFO: [ view_filter ] --END-- [ RunTime:0.001000s ]
INFO: [ app_end ] --START--
INFO: Run Behavior\ShowPageTraceBehavior [ RunTime:0.001000s ]
INFO: [ app_end ] --END-- [ RunTime:0.002000s ]

[ 2015-09-06T15:10:38+08:00 ] 127.0.0.1 /yaheng/news.html
INFO: [ app_init ] --START--
INFO: Run Behavior\BuildLiteBehavior [ RunTime:0.000000s ]
INFO: [ app_init ] --END-- [ RunTime:0.001000s ]
INFO: [ app_begin ] --START--
INFO: Run Behavior\ReadHtmlCacheBehavior [ RunTime:0.001000s ]
INFO: Run Behavior\CheckLangBehavior [ RunTime:0.002000s ]
INFO: [ app_begin ] --END-- [ RunTime:0.004000s ]
NOTIC: [8192] mysql_connect(): The mysql extension is deprecated and will be removed in the future: use mysqli or PDO instead D:\www\yaheng\include\Library\Think\Db\Driver\Mysql.class.php 第 52 行.
SQL: SHOW COLUMNS FROM `jkd_company` [ RunTime:0.009001s ]
ERR: 1146:Table 'yaheng.jkd_company' doesn't exist
 [ SQL语句 ] : SHOW COLUMNS FROM `jkd_company`
SQL: SELECT * FROM `jkd_company`  [ RunTime:0.001000s ]
ERR: 1146:Table 'yaheng.jkd_company' doesn't exist
 [ SQL语句 ] : SELECT * FROM `jkd_company` 
SQL: SHOW COLUMNS FROM `jkd_nav` [ RunTime:0.009000s ]
SQL: SELECT `nav_name` FROM `jkd_nav` WHERE ( action='news' ) LIMIT 1   [ RunTime:0.001001s ]
SQL: SHOW COLUMNS FROM `jkd_ad` [ RunTime:0.009000s ]
SQL: SELECT * FROM `jkd_ad` WHERE ( `lang` = 'zh-cn' ) AND ( `position` = 'wxqr' ) ORDER BY sort DESC  [ RunTime:0.001000s ]
SQL: SHOW COLUMNS FROM `jkd_news` [ RunTime:0.009001s ]
SQL: SHOW COLUMNS FROM `jkd_category` [ RunTime:0.054003s ]
SQL: SHOW COLUMNS FROM `jkd_news` [ RunTime:0.010001s ]
SQL: SELECT COUNT(*) AS tp_count FROM jkd_news n INNER JOIN jkd_category c on c.cid=n.cid  WHERE ( n.cid = 1 ) AND ( n.status = 1 ) AND ( n.lang = 'zh-cn' ) LIMIT 1   [ RunTime:0.022001s ]
NOTIC: [8] Undefined index: m D:\www\yaheng\include\Common\functions.php 第 885 行.
NOTIC: [8] Undefined index: header D:\www\yaheng\include\Library\Think\Page.class.php 第 140 行.
SQL: SHOW COLUMNS FROM `jkd_news` [ RunTime:0.010001s ]
SQL: SELECT n.id,n.cid,n.title,n.summary,n.update_time,n.click,n.image_id,c.name as cname,n.published FROM jkd_news n INNER JOIN jkd_category c on c.cid=n.cid  WHERE ( n.cid = 1 ) AND ( n.status = 1 ) AND ( n.lang = 'zh-cn' ) ORDER BY id desc LIMIT 0, 4   [ RunTime:0.014001s ]
SQL: SELECT * FROM `jkd_ad` WHERE ( `lang` = 'zh-cn' ) AND ( `position` = 'bottom' ) ORDER BY sort DESC  [ RunTime:0.000000s ]
SQL: SELECT * FROM `jkd_ad` WHERE ( `lang` = 'zh-cn' ) AND ( `position` = 'news' ) ORDER BY sort DESC  [ RunTime:0.000000s ]
SQL: SELECT COUNT(*) AS tp_count FROM `jkd_news` WHERE ( status=1 and cid =1 ) LIMIT 1   [ RunTime:0.001000s ]
INFO: [ view_parse ] --START--
NOTIC: [2] explode() expects parameter 2 to be string, array given D:\www\yaheng\include\Library\Think\Template.class.php 第 169 行.
NOTIC: [2] Invalid argument supplied for foreach() D:\www\yaheng\include\Library\Think\Template.class.php 第 170 行.
NOTIC: [2] explode() expects parameter 2 to be string, array given D:\www\yaheng\include\Library\Think\Template.class.php 第 169 行.
NOTIC: [2] Invalid argument supplied for foreach() D:\www\yaheng\include\Library\Think\Template.class.php 第 170 行.
NOTIC: [8] Undefined index: limit D:\www\yaheng\include\Library\Think\Template\TagLib\Weblock.class.php 第 88 行.
INFO: [ template_filter ] --START--
INFO: Run Behavior\ContentReplaceBehavior [ RunTime:0.000000s ]
INFO: [ template_filter ] --END-- [ RunTime:0.001000s ]
NOTIC: [8] Undefined variable: info D:\www\yaheng\Application\Runtime\Cache\Home\23ac2c7778029f2e8a3b1e897a5ab127.php 第 15 行.
NOTIC: [8] Undefined variable: info D:\www\yaheng\Application\Runtime\Cache\Home\23ac2c7778029f2e8a3b1e897a5ab127.php 第 16 行.
SQL: SHOW COLUMNS FROM `jkd_nav` [ RunTime:0.010000s ]
SQL: SELECT * FROM `jkd_nav` WHERE ( lang='zh-cn'  AND type='top' AND parent_id=0 ) ORDER BY sort DESC  [ RunTime:0.001000s ]
SQL: SELECT * FROM `jkd_nav` WHERE ( parent_id=71 ) ORDER BY sort DESC  [ RunTime:0.000000s ]
SQL: SELECT * FROM `jkd_nav` WHERE ( parent_id=70 ) ORDER BY sort DESC  [ RunTime:0.001001s ]
SQL: SELECT * FROM `jkd_nav` WHERE ( parent_id=69 ) ORDER BY sort DESC  [ RunTime:0.001000s ]
SQL: SELECT * FROM `jkd_nav` WHERE ( parent_id=67 ) ORDER BY sort DESC  [ RunTime:0.000000s ]
SQL: SELECT * FROM `jkd_nav` WHERE ( parent_id=61 ) ORDER BY sort DESC  [ RunTime:0.001000s ]
SQL: SELECT * FROM `jkd_nav` WHERE ( parent_id=57 ) ORDER BY sort DESC  [ RunTime:0.000000s ]
SQL: SELECT * FROM `jkd_nav` WHERE ( parent_id=56 ) ORDER BY sort DESC  [ RunTime:0.000000s ]
NOTIC: [8] Undefined variable: details D:\www\yaheng\Application\Runtime\Cache\Home\23ac2c7778029f2e8a3b1e897a5ab127.php 第 51 行.
NOTIC: [8] Undefined index: m D:\www\yaheng\include\Common\functions.php 第 885 行.
SQL: SHOW COLUMNS FROM `jkd_images` [ RunTime:0.009001s ]
SQL: SELECT `savepath` FROM `jkd_images` WHERE ( `id` = 96 ) LIMIT 1   [ RunTime:0.014001s ]
NOTIC: [8] Undefined index: m D:\www\yaheng\include\Common\functions.php 第 885 行.
NOTIC: [8] Undefined index: m D:\www\yaheng\include\Common\functions.php 第 885 行.
NOTIC: [8] Undefined index: m D:\www\yaheng\include\Common\functions.php 第 885 行.
SQL: SELECT `savepath` FROM `jkd_images` WHERE ( `id` = 96 ) LIMIT 1   [ RunTime:0.001000s ]
NOTIC: [8] Undefined index: m D:\www\yaheng\include\Common\functions.php 第 885 行.
NOTIC: [8] Undefined index: m D:\www\yaheng\include\Common\functions.php 第 885 行.
NOTIC: [8] Undefined index: m D:\www\yaheng\include\Common\functions.php 第 885 行.
SQL: SELECT `savepath` FROM `jkd_images` WHERE ( `id` = 204 ) LIMIT 1   [ RunTime:0.001000s ]
NOTIC: [8] Undefined index: m D:\www\yaheng\include\Common\functions.php 第 885 行.
NOTIC: [8] Undefined index: m D:\www\yaheng\include\Common\functions.php 第 885 行.
NOTIC: [8] Undefined index: m D:\www\yaheng\include\Common\functions.php 第 885 行.
SQL: SELECT `savepath` FROM `jkd_images` WHERE ( `id` = 174 ) LIMIT 1   [ RunTime:0.000000s ]
NOTIC: [8] Undefined index: m D:\www\yaheng\include\Common\functions.php 第 885 行.
NOTIC: [8] Undefined index: m D:\www\yaheng\include\Common\functions.php 第 885 行.
INFO: Run Behavior\ParseTemplateBehavior [ RunTime:0.111006s ]
INFO: [ view_parse ] --END-- [ RunTime:0.111006s ]
INFO: [ view_filter ] --START--
INFO: Run Behavior\WriteHtmlCacheBehavior [ RunTime:0.001000s ]
INFO: [ view_filter ] --END-- [ RunTime:0.001000s ]
INFO: [ app_end ] --START--
INFO: Run Behavior\ShowPageTraceBehavior [ RunTime:0.002000s ]
INFO: [ app_end ] --END-- [ RunTime:0.002000s ]

[ 2015-09-06T15:10:38+08:00 ] 127.0.0.1 /yaheng/favicon.ico
INFO: [ app_init ] --START--
INFO: Run Behavior\BuildLiteBehavior [ RunTime:0.001000s ]
INFO: [ app_init ] --END-- [ RunTime:0.001000s ]
INFO: [ app_begin ] --START--
INFO: Run Behavior\ReadHtmlCacheBehavior [ RunTime:0.001000s ]
INFO: Run Behavior\CheckLangBehavior [ RunTime:0.002000s ]
INFO: [ app_begin ] --END-- [ RunTime:0.004001s ]
NOTIC: [8192] mysql_connect(): The mysql extension is deprecated and will be removed in the future: use mysqli or PDO instead D:\www\yaheng\include\Library\Think\Db\Driver\Mysql.class.php 第 52 行.
SQL: SHOW COLUMNS FROM `jkd_company` [ RunTime:0.010000s ]
ERR: 1146:Table 'yaheng.jkd_company' doesn't exist
 [ SQL语句 ] : SHOW COLUMNS FROM `jkd_company`
SQL: SELECT * FROM `jkd_company`  [ RunTime:0.001000s ]
ERR: 1146:Table 'yaheng.jkd_company' doesn't exist
 [ SQL语句 ] : SELECT * FROM `jkd_company` 
SQL: SHOW COLUMNS FROM `jkd_nav` [ RunTime:0.009001s ]
SQL: SELECT `nav_name` FROM `jkd_nav` WHERE ( action='favicon.ico' ) LIMIT 1   [ RunTime:0.001000s ]
SQL: SHOW COLUMNS FROM `jkd_ad` [ RunTime:0.011001s ]
SQL: SELECT * FROM `jkd_ad` WHERE ( `lang` = 'zh-cn' ) AND ( `position` = 'wxqr' ) ORDER BY sort DESC  [ RunTime:0.001000s ]
INFO: [ view_parse ] --START--
NOTIC: [2] explode() expects parameter 2 to be string, array given D:\www\yaheng\include\Library\Think\Template.class.php 第 169 行.
NOTIC: [2] Invalid argument supplied for foreach() D:\www\yaheng\include\Library\Think\Template.class.php 第 170 行.
INFO: [ template_filter ] --START--
INFO: Run Behavior\ContentReplaceBehavior [ RunTime:0.000000s ]
INFO: [ template_filter ] --END-- [ RunTime:0.001000s ]
INFO: Run Behavior\ParseTemplateBehavior [ RunTime:0.016001s ]
INFO: [ view_parse ] --END-- [ RunTime:0.017001s ]
INFO: [ view_filter ] --START--
INFO: Run Behavior\WriteHtmlCacheBehavior [ RunTime:0.001000s ]
INFO: [ view_filter ] --END-- [ RunTime:0.001000s ]
INFO: [ app_end ] --START--
INFO: Run Behavior\ShowPageTraceBehavior [ RunTime:0.001000s ]
INFO: [ app_end ] --END-- [ RunTime:0.001000s ]

[ 2015-09-06T15:10:51+08:00 ] 127.0.0.1 /yaheng/news/ajax?page=1
INFO: [ app_init ] --START--
INFO: Run Behavior\BuildLiteBehavior [ RunTime:0.000000s ]
INFO: [ app_init ] --END-- [ RunTime:0.001000s ]
INFO: [ app_begin ] --START--
INFO: Run Behavior\ReadHtmlCacheBehavior [ RunTime:0.000000s ]
INFO: Run Behavior\CheckLangBehavior [ RunTime:0.001000s ]
INFO: [ app_begin ] --END-- [ RunTime:0.003000s ]
NOTIC: [8192] mysql_connect(): The mysql extension is deprecated and will be removed in the future: use mysqli or PDO instead D:\www\yaheng\include\Library\Think\Db\Driver\Mysql.class.php 第 52 行.
SQL: SHOW COLUMNS FROM `jkd_company` [ RunTime:0.008000s ]
ERR: 1146:Table 'yaheng.jkd_company' doesn't exist
 [ SQL语句 ] : SHOW COLUMNS FROM `jkd_company`
SQL: SELECT * FROM `jkd_company`  [ RunTime:0.001000s ]
ERR: 1146:Table 'yaheng.jkd_company' doesn't exist
 [ SQL语句 ] : SELECT * FROM `jkd_company` 
SQL: SHOW COLUMNS FROM `jkd_nav` [ RunTime:0.009001s ]
SQL: SELECT `nav_name` FROM `jkd_nav` WHERE ( action='news' ) LIMIT 1   [ RunTime:0.001000s ]
SQL: SHOW COLUMNS FROM `jkd_ad` [ RunTime:0.008001s ]
SQL: SELECT * FROM `jkd_ad` WHERE ( `lang` = 'zh-cn' ) AND ( `position` = 'wxqr' ) ORDER BY sort DESC  [ RunTime:0.001000s ]
SQL: SHOW COLUMNS FROM `jkd_news` [ RunTime:0.008000s ]
SQL: SELECT * FROM `jkd_news` WHERE ( `cid` = 1 ) AND ( `status` = 1 ) ORDER BY id desc LIMIT 4,4   [ RunTime:0.001000s ]
SQL: SELECT COUNT(*) AS tp_count FROM `jkd_news` WHERE ( `cid` = 1 ) AND ( `status` = 1 ) LIMIT 1   [ RunTime:0.000000s ]
SQL: SHOW COLUMNS FROM `jkd_images` [ RunTime:0.008000s ]
SQL: SELECT `savepath` FROM `jkd_images` WHERE ( `id` = 173 ) LIMIT 1   [ RunTime:0.000000s ]
SQL: SELECT `savepath` FROM `jkd_images` WHERE ( `id` = 172 ) LIMIT 1   [ RunTime:0.001000s ]
SQL: SELECT `savepath` FROM `jkd_images` WHERE ( `id` = 96 ) LIMIT 1   [ RunTime:0.000000s ]

[ 2015-09-06T17:34:48+08:00 ] 127.0.0.1 /yaheng/news.html
INFO: [ app_init ] --START--
INFO: Run Behavior\BuildLiteBehavior [ RunTime:0.000000s ]
INFO: [ app_init ] --END-- [ RunTime:0.030001s ]
INFO: [ app_begin ] --START--
INFO: Run Behavior\ReadHtmlCacheBehavior [ RunTime:0.031002s ]
INFO: Run Behavior\CheckLangBehavior [ RunTime:0.019001s ]
INFO: [ app_begin ] --END-- [ RunTime:0.051003s ]
NOTIC: [8192] mysql_connect(): The mysql extension is deprecated and will be removed in the future: use mysqli or PDO instead D:\www\yaheng\include\Library\Think\Db\Driver\Mysql.class.php 第 52 行.
SQL: SHOW COLUMNS FROM `jkd_company` [ RunTime:0.271016s ]
ERR: 1146:Table 'yaheng.jkd_company' doesn't exist
 [ SQL语句 ] : SHOW COLUMNS FROM `jkd_company`
SQL: SELECT * FROM `jkd_company`  [ RunTime:0.003000s ]
ERR: 1146:Table 'yaheng.jkd_company' doesn't exist
 [ SQL语句 ] : SELECT * FROM `jkd_company` 
SQL: SHOW COLUMNS FROM `jkd_nav` [ RunTime:0.075004s ]
SQL: SELECT `nav_name` FROM `jkd_nav` WHERE ( action='news' ) LIMIT 1   [ RunTime:0.009001s ]
SQL: SHOW COLUMNS FROM `jkd_ad` [ RunTime:0.113006s ]
SQL: SELECT * FROM `jkd_ad` WHERE ( `lang` = 'zh-cn' ) AND ( `position` = 'wxqr' ) ORDER BY sort DESC  [ RunTime:0.010000s ]
SQL: SHOW COLUMNS FROM `jkd_news` [ RunTime:0.029001s ]
SQL: SHOW COLUMNS FROM `jkd_category` [ RunTime:0.195012s ]
SQL: SHOW COLUMNS FROM `jkd_news` [ RunTime:0.009000s ]
SQL: SELECT COUNT(*) AS tp_count FROM jkd_news n INNER JOIN jkd_category c on c.cid=n.cid  WHERE ( n.cid = 1 ) AND ( n.status = 1 ) AND ( n.lang = 'zh-cn' ) LIMIT 1   [ RunTime:0.053003s ]
NOTIC: [8] Undefined index: m D:\www\yaheng\include\Common\functions.php 第 885 行.
NOTIC: [8] Undefined index: header D:\www\yaheng\include\Library\Think\Page.class.php 第 140 行.
SQL: SHOW COLUMNS FROM `jkd_news` [ RunTime:0.009001s ]
SQL: SELECT n.id,n.cid,n.title,n.summary,n.update_time,n.click,n.image_id,c.name as cname,n.published FROM jkd_news n INNER JOIN jkd_category c on c.cid=n.cid  WHERE ( n.cid = 1 ) AND ( n.status = 1 ) AND ( n.lang = 'zh-cn' ) ORDER BY id desc LIMIT 0, 4   [ RunTime:0.171010s ]
SQL: SELECT * FROM `jkd_ad` WHERE ( `lang` = 'zh-cn' ) AND ( `position` = 'bottom' ) ORDER BY sort DESC  [ RunTime:0.000000s ]
SQL: SELECT * FROM `jkd_ad` WHERE ( `lang` = 'zh-cn' ) AND ( `position` = 'news' ) ORDER BY sort DESC  [ RunTime:0.001000s ]
SQL: SELECT COUNT(*) AS tp_count FROM `jkd_news` WHERE ( status=1 and cid =1 ) LIMIT 1   [ RunTime:0.001000s ]
INFO: [ view_parse ] --START--
NOTIC: [2] explode() expects parameter 2 to be string, array given D:\www\yaheng\include\Library\Think\Template.class.php 第 169 行.
NOTIC: [2] Invalid argument supplied for foreach() D:\www\yaheng\include\Library\Think\Template.class.php 第 170 行.
NOTIC: [2] explode() expects parameter 2 to be string, array given D:\www\yaheng\include\Library\Think\Template.class.php 第 169 行.
NOTIC: [2] Invalid argument supplied for foreach() D:\www\yaheng\include\Library\Think\Template.class.php 第 170 行.
NOTIC: [8] Undefined index: limit D:\www\yaheng\include\Library\Think\Template\TagLib\Weblock.class.php 第 88 行.
INFO: [ template_filter ] --START--
INFO: Run Behavior\ContentReplaceBehavior [ RunTime:0.000000s ]
INFO: [ template_filter ] --END-- [ RunTime:0.001000s ]
NOTIC: [8] Undefined variable: info D:\www\yaheng\Application\Runtime\Cache\Home\23ac2c7778029f2e8a3b1e897a5ab127.php 第 15 行.
NOTIC: [8] Undefined variable: info D:\www\yaheng\Application\Runtime\Cache\Home\23ac2c7778029f2e8a3b1e897a5ab127.php 第 16 行.
SQL: SHOW COLUMNS FROM `jkd_nav` [ RunTime:0.009001s ]
SQL: SELECT * FROM `jkd_nav` WHERE ( lang='zh-cn'  AND type='top' AND parent_id=0 ) ORDER BY sort DESC  [ RunTime:0.001000s ]
SQL: SELECT * FROM `jkd_nav` WHERE ( parent_id=71 ) ORDER BY sort DESC  [ RunTime:0.000000s ]
SQL: SELECT * FROM `jkd_nav` WHERE ( parent_id=70 ) ORDER BY sort DESC  [ RunTime:0.001000s ]
SQL: SELECT * FROM `jkd_nav` WHERE ( parent_id=69 ) ORDER BY sort DESC  [ RunTime:0.001000s ]
SQL: SELECT * FROM `jkd_nav` WHERE ( parent_id=67 ) ORDER BY sort DESC  [ RunTime:0.000000s ]
SQL: SELECT * FROM `jkd_nav` WHERE ( parent_id=61 ) ORDER BY sort DESC  [ RunTime:0.000000s ]
SQL: SELECT * FROM `jkd_nav` WHERE ( parent_id=57 ) ORDER BY sort DESC  [ RunTime:0.001000s ]
SQL: SELECT * FROM `jkd_nav` WHERE ( parent_id=56 ) ORDER BY sort DESC  [ RunTime:0.001000s ]
NOTIC: [8] Undefined variable: details D:\www\yaheng\Application\Runtime\Cache\Home\23ac2c7778029f2e8a3b1e897a5ab127.php 第 51 行.
NOTIC: [8] Undefined index: m D:\www\yaheng\include\Common\functions.php 第 885 行.
SQL: SHOW COLUMNS FROM `jkd_images` [ RunTime:0.130008s ]
SQL: SELECT `savepath` FROM `jkd_images` WHERE ( `id` = 96 ) LIMIT 1   [ RunTime:0.027001s ]
NOTIC: [8] Undefined index: m D:\www\yaheng\include\Common\functions.php 第 885 行.
NOTIC: [8] Undefined index: m D:\www\yaheng\include\Common\functions.php 第 885 行.
NOTIC: [8] Undefined index: m D:\www\yaheng\include\Common\functions.php 第 885 行.
SQL: SELECT `savepath` FROM `jkd_images` WHERE ( `id` = 96 ) LIMIT 1   [ RunTime:0.001000s ]
NOTIC: [8] Undefined index: m D:\www\yaheng\include\Common\functions.php 第 885 行.
NOTIC: [8] Undefined index: m D:\www\yaheng\include\Common\functions.php 第 885 行.
NOTIC: [8] Undefined index: m D:\www\yaheng\include\Common\functions.php 第 885 行.
SQL: SELECT `savepath` FROM `jkd_images` WHERE ( `id` = 204 ) LIMIT 1   [ RunTime:0.009001s ]
NOTIC: [8] Undefined index: m D:\www\yaheng\include\Common\functions.php 第 885 行.
NOTIC: [8] Undefined index: m D:\www\yaheng\include\Common\functions.php 第 885 行.
NOTIC: [8] Undefined index: m D:\www\yaheng\include\Common\functions.php 第 885 行.
SQL: SELECT `savepath` FROM `jkd_images` WHERE ( `id` = 174 ) LIMIT 1   [ RunTime:0.005000s ]
NOTIC: [8] Undefined index: m D:\www\yaheng\include\Common\functions.php 第 885 行.
NOTIC: [8] Undefined index: m D:\www\yaheng\include\Common\functions.php 第 885 行.
INFO: Run Behavior\ParseTemplateBehavior [ RunTime:0.944054s ]
INFO: [ view_parse ] --END-- [ RunTime:0.946054s ]
INFO: [ view_filter ] --START--
INFO: Run Behavior\WriteHtmlCacheBehavior [ RunTime:0.065003s ]
INFO: [ view_filter ] --END-- [ RunTime:0.065003s ]
INFO: [ app_end ] --START--
INFO: Run Behavior\ShowPageTraceBehavior [ RunTime:0.241014s ]
INFO: [ app_end ] --END-- [ RunTime:0.241014s ]

[ 2015-09-06T17:34:55+08:00 ] 127.0.0.1 /yaheng/favicon.ico
INFO: [ app_init ] --START--
INFO: Run Behavior\BuildLiteBehavior [ RunTime:0.000000s ]
INFO: [ app_init ] --END-- [ RunTime:0.002000s ]
INFO: [ app_begin ] --START--
INFO: Run Behavior\ReadHtmlCacheBehavior [ RunTime:0.001000s ]
INFO: Run Behavior\CheckLangBehavior [ RunTime:0.004001s ]
INFO: [ app_begin ] --END-- [ RunTime:0.006001s ]
NOTIC: [8192] mysql_connect(): The mysql extension is deprecated and will be removed in the future: use mysqli or PDO instead D:\www\yaheng\include\Library\Think\Db\Driver\Mysql.class.php 第 52 行.
SQL: SHOW COLUMNS FROM `jkd_company` [ RunTime:0.008001s ]
ERR: 1146:Table 'yaheng.jkd_company' doesn't exist
 [ SQL语句 ] : SHOW COLUMNS FROM `jkd_company`
SQL: SELECT * FROM `jkd_company`  [ RunTime:0.001000s ]
ERR: 1146:Table 'yaheng.jkd_company' doesn't exist
 [ SQL语句 ] : SELECT * FROM `jkd_company` 
SQL: SHOW COLUMNS FROM `jkd_nav` [ RunTime:0.009001s ]
SQL: SELECT `nav_name` FROM `jkd_nav` WHERE ( action='favicon.ico' ) LIMIT 1   [ RunTime:0.001000s ]
SQL: SHOW COLUMNS FROM `jkd_ad` [ RunTime:0.010000s ]
SQL: SELECT * FROM `jkd_ad` WHERE ( `lang` = 'zh-cn' ) AND ( `position` = 'wxqr' ) ORDER BY sort DESC  [ RunTime:0.001000s ]
INFO: [ view_parse ] --START--
NOTIC: [2] explode() expects parameter 2 to be string, array given D:\www\yaheng\include\Library\Think\Template.class.php 第 169 行.
NOTIC: [2] Invalid argument supplied for foreach() D:\www\yaheng\include\Library\Think\Template.class.php 第 170 行.
INFO: [ template_filter ] --START--
INFO: Run Behavior\ContentReplaceBehavior [ RunTime:0.000000s ]
INFO: [ template_filter ] --END-- [ RunTime:0.001000s ]
INFO: Run Behavior\ParseTemplateBehavior [ RunTime:0.131008s ]
INFO: [ view_parse ] --END-- [ RunTime:0.132008s ]
INFO: [ view_filter ] --START--
INFO: Run Behavior\WriteHtmlCacheBehavior [ RunTime:0.002000s ]
INFO: [ view_filter ] --END-- [ RunTime:0.002000s ]
INFO: [ app_end ] --START--
INFO: Run Behavior\ShowPageTraceBehavior [ RunTime:0.001000s ]
INFO: [ app_end ] --END-- [ RunTime:0.001000s ]

[ 2015-09-06T17:45:54+08:00 ] 127.0.0.1 /yaheng/
INFO: [ app_init ] --START--
INFO: Run Behavior\BuildLiteBehavior [ RunTime:0.000000s ]
INFO: [ app_init ] --END-- [ RunTime:0.001000s ]
INFO: [ app_begin ] --START--
INFO: Run Behavior\ReadHtmlCacheBehavior [ RunTime:0.001000s ]
INFO: Run Behavior\CheckLangBehavior [ RunTime:0.002000s ]
INFO: [ app_begin ] --END-- [ RunTime:0.004000s ]
NOTIC: [8192] mysql_connect(): The mysql extension is deprecated and will be removed in the future: use mysqli or PDO instead D:\www\yaheng\include\Library\Think\Db\Driver\Mysql.class.php 第 52 行.
SQL: SHOW COLUMNS FROM `jkd_company` [ RunTime:0.007001s ]
ERR: 1146:Table 'yaheng.jkd_company' doesn't exist
 [ SQL语句 ] : SHOW COLUMNS FROM `jkd_company`
SQL: SELECT * FROM `jkd_company`  [ RunTime:0.000000s ]
ERR: 1146:Table 'yaheng.jkd_company' doesn't exist
 [ SQL语句 ] : SELECT * FROM `jkd_company` 
SQL: SHOW COLUMNS FROM `jkd_nav` [ RunTime:0.008000s ]
SQL: SELECT `nav_name` FROM `jkd_nav` WHERE ( action='index' ) LIMIT 1   [ RunTime:0.001000s ]
SQL: SHOW COLUMNS FROM `jkd_ad` [ RunTime:0.008001s ]
SQL: SELECT * FROM `jkd_ad` WHERE ( `lang` = 'zh-cn' ) AND ( `position` = 'wxqr' ) ORDER BY sort DESC  [ RunTime:0.001000s ]
SQL: SELECT * FROM `jkd_ad` WHERE ( `lang` = 'zh-cn' ) AND ( `position` = 'index' ) ORDER BY sort DESC  [ RunTime:0.001000s ]
SQL: SELECT * FROM `jkd_ad` WHERE ( `lang` = 'zh-cn' ) AND ( `position` = 'bottom' ) ORDER BY sort DESC  [ RunTime:0.001000s ]
SQL: SHOW COLUMNS FROM `jkd_news` [ RunTime:0.008001s ]
SQL: SELECT * FROM `jkd_news` WHERE ( status=1 ) ORDER BY id desc LIMIT 8   [ RunTime:0.002000s ]
SQL: SHOW COLUMNS FROM `jkd_gif` [ RunTime:0.043002s ]
SQL: SELECT `image_id` FROM `jkd_gif` WHERE ( id=1 ) LIMIT 1   [ RunTime:0.001000s ]
SQL: SHOW COLUMNS FROM `jkd_images` [ RunTime:0.008000s ]
SQL: SELECT `savepath` FROM `jkd_images` WHERE ( `id` IN ('321','322','323','324','325','326','327','328') )  [ RunTime:0.031002s ]
INFO: [ view_parse ] --START--
NOTIC: [2] explode() expects parameter 2 to be string, array given D:\www\yaheng\include\Library\Think\Template.class.php 第 169 行.
NOTIC: [2] Invalid argument supplied for foreach() D:\www\yaheng\include\Library\Think\Template.class.php 第 170 行.
NOTIC: [2] explode() expects parameter 2 to be string, array given D:\www\yaheng\include\Library\Think\Template.class.php 第 169 行.
NOTIC: [2] Invalid argument supplied for foreach() D:\www\yaheng\include\Library\Think\Template.class.php 第 170 行.
NOTIC: [2] explode() expects parameter 2 to be string, array given D:\www\yaheng\include\Library\Think\Template.class.php 第 169 行.
NOTIC: [2] Invalid argument supplied for foreach() D:\www\yaheng\include\Library\Think\Template.class.php 第 170 行.
NOTIC: [8] Undefined index: limit D:\www\yaheng\include\Library\Think\Template\TagLib\Weblock.class.php 第 88 行.
INFO: [ template_filter ] --START--
INFO: Run Behavior\ContentReplaceBehavior [ RunTime:0.001000s ]
INFO: [ template_filter ] --END-- [ RunTime:0.001000s ]
NOTIC: [8] Undefined variable: info D:\www\yaheng\Application\Runtime\Cache\Home\4c169d1beb682410761268f13d1beb68.php 第 16 行.
NOTIC: [8] Undefined variable: info D:\www\yaheng\Application\Runtime\Cache\Home\4c169d1beb682410761268f13d1beb68.php 第 17 行.
SQL: SHOW COLUMNS FROM `jkd_nav` [ RunTime:0.009001s ]
SQL: SELECT * FROM `jkd_nav` WHERE ( lang='zh-cn'  AND type='top' AND parent_id=0 ) ORDER BY sort DESC  [ RunTime:0.001000s ]
SQL: SELECT * FROM `jkd_nav` WHERE ( parent_id=71 ) ORDER BY sort DESC  [ RunTime:0.001000s ]
SQL: SELECT * FROM `jkd_nav` WHERE ( parent_id=70 ) ORDER BY sort DESC  [ RunTime:0.001000s ]
SQL: SELECT * FROM `jkd_nav` WHERE ( parent_id=69 ) ORDER BY sort DESC  [ RunTime:0.001000s ]
SQL: SELECT * FROM `jkd_nav` WHERE ( parent_id=67 ) ORDER BY sort DESC  [ RunTime:0.001000s ]
SQL: SELECT * FROM `jkd_nav` WHERE ( parent_id=61 ) ORDER BY sort DESC  [ RunTime:0.001000s ]
SQL: SELECT * FROM `jkd_nav` WHERE ( parent_id=57 ) ORDER BY sort DESC  [ RunTime:0.001000s ]
SQL: SELECT * FROM `jkd_nav` WHERE ( parent_id=56 ) ORDER BY sort DESC  [ RunTime:0.000000s ]
INFO: Run Behavior\ParseTemplateBehavior [ RunTime:0.083005s ]
INFO: [ view_parse ] --END-- [ RunTime:0.083005s ]
INFO: [ view_filter ] --START--
INFO: Run Behavior\WriteHtmlCacheBehavior [ RunTime:0.001000s ]
INFO: [ view_filter ] --END-- [ RunTime:0.001000s ]
INFO: [ app_end ] --START--
INFO: Run Behavior\ShowPageTraceBehavior [ RunTime:0.001000s ]
INFO: [ app_end ] --END-- [ RunTime:0.002000s ]

[ 2015-09-06T17:45:56+08:00 ] 127.0.0.1 /yaheng/favicon.ico
INFO: [ app_init ] --START--
INFO: Run Behavior\BuildLiteBehavior [ RunTime:0.000000s ]
INFO: [ app_init ] --END-- [ RunTime:0.001000s ]
INFO: [ app_begin ] --START--
INFO: Run Behavior\ReadHtmlCacheBehavior [ RunTime:0.001000s ]
INFO: Run Behavior\CheckLangBehavior [ RunTime:0.003000s ]
INFO: [ app_begin ] --END-- [ RunTime:0.004000s ]
NOTIC: [8192] mysql_connect(): The mysql extension is deprecated and will be removed in the future: use mysqli or PDO instead D:\www\yaheng\include\Library\Think\Db\Driver\Mysql.class.php 第 52 行.
SQL: SHOW COLUMNS FROM `jkd_company` [ RunTime:0.010001s ]
ERR: 1146:Table 'yaheng.jkd_company' doesn't exist
 [ SQL语句 ] : SHOW COLUMNS FROM `jkd_company`
SQL: SELECT * FROM `jkd_company`  [ RunTime:0.000000s ]
ERR: 1146:Table 'yaheng.jkd_company' doesn't exist
 [ SQL语句 ] : SELECT * FROM `jkd_company` 
SQL: SHOW COLUMNS FROM `jkd_nav` [ RunTime:0.016001s ]
SQL: SELECT `nav_name` FROM `jkd_nav` WHERE ( action='favicon.ico' ) LIMIT 1   [ RunTime:0.001000s ]
SQL: SHOW COLUMNS FROM `jkd_ad` [ RunTime:0.010000s ]
SQL: SELECT * FROM `jkd_ad` WHERE ( `lang` = 'zh-cn' ) AND ( `position` = 'wxqr' ) ORDER BY sort DESC  [ RunTime:0.001000s ]
INFO: [ view_parse ] --START--
NOTIC: [2] explode() expects parameter 2 to be string, array given D:\www\yaheng\include\Library\Think\Template.class.php 第 169 行.
NOTIC: [2] Invalid argument supplied for foreach() D:\www\yaheng\include\Library\Think\Template.class.php 第 170 行.
INFO: [ template_filter ] --START--
INFO: Run Behavior\ContentReplaceBehavior [ RunTime:0.001000s ]
INFO: [ template_filter ] --END-- [ RunTime:0.001000s ]
INFO: Run Behavior\ParseTemplateBehavior [ RunTime:0.029001s ]
INFO: [ view_parse ] --END-- [ RunTime:0.029001s ]
INFO: [ view_filter ] --START--
INFO: Run Behavior\WriteHtmlCacheBehavior [ RunTime:0.001000s ]
INFO: [ view_filter ] --END-- [ RunTime:0.001000s ]
INFO: [ app_end ] --START--
INFO: Run Behavior\ShowPageTraceBehavior [ RunTime:0.001000s ]
INFO: [ app_end ] --END-- [ RunTime:0.001000s ]

[ 2015-09-06T17:46:17+08:00 ] 127.0.0.1 /yaheng/news.html
INFO: [ app_init ] --START--
INFO: Run Behavior\BuildLiteBehavior [ RunTime:0.000000s ]
INFO: [ app_init ] --END-- [ RunTime:0.001001s ]
INFO: [ app_begin ] --START--
INFO: Run Behavior\ReadHtmlCacheBehavior [ RunTime:0.002000s ]
INFO: Run Behavior\CheckLangBehavior [ RunTime:0.002000s ]
INFO: [ app_begin ] --END-- [ RunTime:0.006000s ]
NOTIC: [8192] mysql_connect(): The mysql extension is deprecated and will be removed in the future: use mysqli or PDO instead D:\www\yaheng\include\Library\Think\Db\Driver\Mysql.class.php 第 52 行.
SQL: SHOW COLUMNS FROM `jkd_company` [ RunTime:0.007001s ]
ERR: 1146:Table 'yaheng.jkd_company' doesn't exist
 [ SQL语句 ] : SHOW COLUMNS FROM `jkd_company`
SQL: SELECT * FROM `jkd_company`  [ RunTime:0.001000s ]
ERR: 1146:Table 'yaheng.jkd_company' doesn't exist
 [ SQL语句 ] : SELECT * FROM `jkd_company` 
SQL: SHOW COLUMNS FROM `jkd_nav` [ RunTime:0.008000s ]
SQL: SELECT `nav_name` FROM `jkd_nav` WHERE ( action='news' ) LIMIT 1   [ RunTime:0.001000s ]
SQL: SHOW COLUMNS FROM `jkd_ad` [ RunTime:0.007001s ]
SQL: SELECT * FROM `jkd_ad` WHERE ( `lang` = 'zh-cn' ) AND ( `position` = 'wxqr' ) ORDER BY sort DESC  [ RunTime:0.001000s ]
SQL: SHOW COLUMNS FROM `jkd_news` [ RunTime:0.008001s ]
SQL: SHOW COLUMNS FROM `jkd_category` [ RunTime:0.009000s ]
SQL: SHOW COLUMNS FROM `jkd_news` [ RunTime:0.009001s ]
SQL: SELECT COUNT(*) AS tp_count FROM jkd_news n INNER JOIN jkd_category c on c.cid=n.cid  WHERE ( n.cid = 1 ) AND ( n.status = 1 ) AND ( n.lang = 'zh-cn' ) LIMIT 1   [ RunTime:0.000000s ]
NOTIC: [8] Undefined index: m D:\www\yaheng\include\Common\functions.php 第 885 行.
NOTIC: [8] Undefined index: header D:\www\yaheng\include\Library\Think\Page.class.php 第 140 行.
SQL: SHOW COLUMNS FROM `jkd_news` [ RunTime:0.008000s ]
SQL: SELECT n.id,n.cid,n.title,n.summary,n.update_time,n.click,n.image_id,c.name as cname,n.published FROM jkd_news n INNER JOIN jkd_category c on c.cid=n.cid  WHERE ( n.cid = 1 ) AND ( n.status = 1 ) AND ( n.lang = 'zh-cn' ) ORDER BY id desc LIMIT 0, 4   [ RunTime:0.001000s ]
SQL: SELECT * FROM `jkd_ad` WHERE ( `lang` = 'zh-cn' ) AND ( `position` = 'bottom' ) ORDER BY sort DESC  [ RunTime:0.000000s ]
SQL: SELECT * FROM `jkd_ad` WHERE ( `lang` = 'zh-cn' ) AND ( `position` = 'news' ) ORDER BY sort DESC  [ RunTime:0.000000s ]
SQL: SELECT COUNT(*) AS tp_count FROM `jkd_news` WHERE ( status=1 and cid =1 ) LIMIT 1   [ RunTime:0.001000s ]
INFO: [ view_parse ] --START--
NOTIC: [2] explode() expects parameter 2 to be string, array given D:\www\yaheng\include\Library\Think\Template.class.php 第 169 行.
NOTIC: [2] Invalid argument supplied for foreach() D:\www\yaheng\include\Library\Think\Template.class.php 第 170 行.
NOTIC: [2] explode() expects parameter 2 to be string, array given D:\www\yaheng\include\Library\Think\Template.class.php 第 169 行.
NOTIC: [2] Invalid argument supplied for foreach() D:\www\yaheng\include\Library\Think\Template.class.php 第 170 行.
NOTIC: [8] Undefined index: limit D:\www\yaheng\include\Library\Think\Template\TagLib\Weblock.class.php 第 88 行.
INFO: [ template_filter ] --START--
INFO: Run Behavior\ContentReplaceBehavior [ RunTime:0.000000s ]
INFO: [ template_filter ] --END-- [ RunTime:0.000000s ]
NOTIC: [8] Undefined variable: info D:\www\yaheng\Application\Runtime\Cache\Home\23ac2c7778029f2e8a3b1e897a5ab127.php 第 15 行.
NOTIC: [8] Undefined variable: info D:\www\yaheng\Application\Runtime\Cache\Home\23ac2c7778029f2e8a3b1e897a5ab127.php 第 16 行.
SQL: SHOW COLUMNS FROM `jkd_nav` [ RunTime:0.008001s ]
SQL: SELECT * FROM `jkd_nav` WHERE ( lang='zh-cn'  AND type='top' AND parent_id=0 ) ORDER BY sort DESC  [ RunTime:0.001000s ]
SQL: SELECT * FROM `jkd_nav` WHERE ( parent_id=71 ) ORDER BY sort DESC  [ RunTime:0.001000s ]
SQL: SELECT * FROM `jkd_nav` WHERE ( parent_id=70 ) ORDER BY sort DESC  [ RunTime:0.001000s ]
SQL: SELECT * FROM `jkd_nav` WHERE ( parent_id=69 ) ORDER BY sort DESC  [ RunTime:0.001000s ]
SQL: SELECT * FROM `jkd_nav` WHERE ( parent_id=67 ) ORDER BY sort DESC  [ RunTime:0.000000s ]
SQL: SELECT * FROM `jkd_nav` WHERE ( parent_id=61 ) ORDER BY sort DESC  [ RunTime:0.001000s ]
SQL: SELECT * FROM `jkd_nav` WHERE ( parent_id=57 ) ORDER BY sort DESC  [ RunTime:0.000000s ]
SQL: SELECT * FROM `jkd_nav` WHERE ( parent_id=56 ) ORDER BY sort DESC  [ RunTime:0.000000s ]
NOTIC: [8] Undefined variable: details D:\www\yaheng\Application\Runtime\Cache\Home\23ac2c7778029f2e8a3b1e897a5ab127.php 第 51 行.
NOTIC: [8] Undefined index: m D:\www\yaheng\include\Common\functions.php 第 885 行.
SQL: SHOW COLUMNS FROM `jkd_images` [ RunTime:0.008000s ]
SQL: SELECT `savepath` FROM `jkd_images` WHERE ( `id` = 96 ) LIMIT 1   [ RunTime:0.001000s ]
NOTIC: [8] Undefined index: m D:\www\yaheng\include\Common\functions.php 第 885 行.
NOTIC: [8] Undefined index: m D:\www\yaheng\include\Common\functions.php 第 885 行.
NOTIC: [8] Undefined index: m D:\www\yaheng\include\Common\functions.php 第 885 行.
SQL: SELECT `savepath` FROM `jkd_images` WHERE ( `id` = 96 ) LIMIT 1   [ RunTime:0.000000s ]
NOTIC: [8] Undefined index: m D:\www\yaheng\include\Common\functions.php 第 885 行.
NOTIC: [8] Undefined index: m D:\www\yaheng\include\Common\functions.php 第 885 行.
NOTIC: [8] Undefined index: m D:\www\yaheng\include\Common\functions.php 第 885 行.
SQL: SELECT `savepath` FROM `jkd_images` WHERE ( `id` = 204 ) LIMIT 1   [ RunTime:0.001000s ]
NOTIC: [8] Undefined index: m D:\www\yaheng\include\Common\functions.php 第 885 行.
NOTIC: [8] Undefined index: m D:\www\yaheng\include\Common\functions.php 第 885 行.
NOTIC: [8] Undefined index: m D:\www\yaheng\include\Common\functions.php 第 885 行.
SQL: SELECT `savepath` FROM `jkd_images` WHERE ( `id` = 174 ) LIMIT 1   [ RunTime:0.001000s ]
NOTIC: [8] Undefined index: m D:\www\yaheng\include\Common\functions.php 第 885 行.
NOTIC: [8] Undefined index: m D:\www\yaheng\include\Common\functions.php 第 885 行.
INFO: Run Behavior\ParseTemplateBehavior [ RunTime:0.092005s ]
INFO: [ view_parse ] --END-- [ RunTime:0.092005s ]
INFO: [ view_filter ] --START--
INFO: Run Behavior\WriteHtmlCacheBehavior [ RunTime:0.001000s ]
INFO: [ view_filter ] --END-- [ RunTime:0.001000s ]
INFO: [ app_end ] --START--
INFO: Run Behavior\ShowPageTraceBehavior [ RunTime:0.001000s ]
INFO: [ app_end ] --END-- [ RunTime:0.001000s ]

[ 2015-09-06T17:46:17+08:00 ] 127.0.0.1 /yaheng/favicon.ico
INFO: [ app_init ] --START--
INFO: Run Behavior\BuildLiteBehavior [ RunTime:0.000000s ]
INFO: [ app_init ] --END-- [ RunTime:0.001000s ]
INFO: [ app_begin ] --START--
INFO: Run Behavior\ReadHtmlCacheBehavior [ RunTime:0.001000s ]
INFO: Run Behavior\CheckLangBehavior [ RunTime:0.002000s ]
INFO: [ app_begin ] --END-- [ RunTime:0.005000s ]
NOTIC: [8192] mysql_connect(): The mysql extension is deprecated and will be removed in the future: use mysqli or PDO instead D:\www\yaheng\include\Library\Think\Db\Driver\Mysql.class.php 第 52 行.
SQL: SHOW COLUMNS FROM `jkd_company` [ RunTime:0.007000s ]
ERR: 1146:Table 'yaheng.jkd_company' doesn't exist
 [ SQL语句 ] : SHOW COLUMNS FROM `jkd_company`
SQL: SELECT * FROM `jkd_company`  [ RunTime:0.001000s ]
ERR: 1146:Table 'yaheng.jkd_company' doesn't exist
 [ SQL语句 ] : SELECT * FROM `jkd_company` 
SQL: SHOW COLUMNS FROM `jkd_nav` [ RunTime:0.012001s ]
SQL: SELECT `nav_name` FROM `jkd_nav` WHERE ( action='favicon.ico' ) LIMIT 1   [ RunTime:0.001000s ]
SQL: SHOW COLUMNS FROM `jkd_ad` [ RunTime:0.009001s ]
SQL: SELECT * FROM `jkd_ad` WHERE ( `lang` = 'zh-cn' ) AND ( `position` = 'wxqr' ) ORDER BY sort DESC  [ RunTime:0.001000s ]
INFO: [ view_parse ] --START--
NOTIC: [2] explode() expects parameter 2 to be string, array given D:\www\yaheng\include\Library\Think\Template.class.php 第 169 行.
NOTIC: [2] Invalid argument supplied for foreach() D:\www\yaheng\include\Library\Think\Template.class.php 第 170 行.
INFO: [ template_filter ] --START--
INFO: Run Behavior\ContentReplaceBehavior [ RunTime:0.000000s ]
INFO: [ template_filter ] --END-- [ RunTime:0.001000s ]
INFO: Run Behavior\ParseTemplateBehavior [ RunTime:0.021001s ]
INFO: [ view_parse ] --END-- [ RunTime:0.021001s ]
INFO: [ view_filter ] --START--
INFO: Run Behavior\WriteHtmlCacheBehavior [ RunTime:0.001000s ]
INFO: [ view_filter ] --END-- [ RunTime:0.001000s ]
INFO: [ app_end ] --START--
INFO: Run Behavior\ShowPageTraceBehavior [ RunTime:0.001000s ]
INFO: [ app_end ] --END-- [ RunTime:0.001000s ]

[ 2015-09-06T17:48:48+08:00 ] 127.0.0.1 /yaheng/news/ajax?page=1
INFO: [ app_init ] --START--
INFO: Run Behavior\BuildLiteBehavior [ RunTime:0.001000s ]
INFO: [ app_init ] --END-- [ RunTime:0.001000s ]
INFO: [ app_begin ] --START--
INFO: Run Behavior\ReadHtmlCacheBehavior [ RunTime:0.001000s ]
INFO: Run Behavior\CheckLangBehavior [ RunTime:0.003000s ]
INFO: [ app_begin ] --END-- [ RunTime:0.005000s ]
NOTIC: [8192] mysql_connect(): The mysql extension is deprecated and will be removed in the future: use mysqli or PDO instead D:\www\yaheng\include\Library\Think\Db\Driver\Mysql.class.php 第 52 行.
SQL: SHOW COLUMNS FROM `jkd_company` [ RunTime:0.010001s ]
ERR: 1146:Table 'yaheng.jkd_company' doesn't exist
 [ SQL语句 ] : SHOW COLUMNS FROM `jkd_company`
SQL: SELECT * FROM `jkd_company`  [ RunTime:0.001000s ]
ERR: 1146:Table 'yaheng.jkd_company' doesn't exist
 [ SQL语句 ] : SELECT * FROM `jkd_company` 
SQL: SHOW COLUMNS FROM `jkd_nav` [ RunTime:0.008000s ]
SQL: SELECT `nav_name` FROM `jkd_nav` WHERE ( action='news' ) LIMIT 1   [ RunTime:0.001000s ]
SQL: SHOW COLUMNS FROM `jkd_ad` [ RunTime:0.010001s ]
SQL: SELECT * FROM `jkd_ad` WHERE ( `lang` = 'zh-cn' ) AND ( `position` = 'wxqr' ) ORDER BY sort DESC  [ RunTime:0.001000s ]
SQL: SHOW COLUMNS FROM `jkd_news` [ RunTime:0.009001s ]
SQL: SELECT * FROM `jkd_news` WHERE ( `cid` = 1 ) AND ( `status` = 1 ) ORDER BY id desc LIMIT 4,4   [ RunTime:0.001000s ]
SQL: SELECT COUNT(*) AS tp_count FROM `jkd_news` WHERE ( `cid` = 1 ) AND ( `status` = 1 ) LIMIT 1   [ RunTime:0.000000s ]
SQL: SHOW COLUMNS FROM `jkd_images` [ RunTime:0.009001s ]
SQL: SELECT `savepath` FROM `jkd_images` WHERE ( `id` = 173 ) LIMIT 1   [ RunTime:0.001000s ]
SQL: SELECT `savepath` FROM `jkd_images` WHERE ( `id` = 172 ) LIMIT 1   [ RunTime:0.000000s ]
SQL: SELECT `savepath` FROM `jkd_images` WHERE ( `id` = 96 ) LIMIT 1   [ RunTime:0.001000s ]

