[ 2015-09-01T09:13:51+08:00 ] 127.0.0.1 /yaheng/
INFO: [ app_init ] --START--
INFO: Run Behavior\BuildLiteBehavior [ RunTime:0.000000s ]
INFO: [ app_init ] --END-- [ RunTime:0.015001s ]
INFO: [ app_begin ] --START--
INFO: Run Behavior\ReadHtmlCacheBehavior [ RunTime:0.009001s ]
INFO: Run Behavior\CheckLangBehavior [ RunTime:0.003000s ]
INFO: [ app_begin ] --END-- [ RunTime:0.013001s ]
NOTIC: [8192] mysql_connect(): The mysql extension is deprecated and will be removed in the future: use mysqli or PDO instead D:\www\yaheng\include\Library\Think\Db\Driver\Mysql.class.php 第 52 行.
SQL: SHOW COLUMNS FROM `jkd_company` [ RunTime:0.011001s ]
ERR: 1146:Table 'yaheng.jkd_company' doesn't exist
 [ SQL语句 ] : SHOW COLUMNS FROM `jkd_company`
SQL: SELECT * FROM `jkd_company`  [ RunTime:0.001000s ]
ERR: 1146:Table 'yaheng.jkd_company' doesn't exist
 [ SQL语句 ] : SELECT * FROM `jkd_company` 
SQL: SHOW COLUMNS FROM `jkd_nav` [ RunTime:0.017001s ]
SQL: SELECT `nav_name` FROM `jkd_nav` WHERE ( action='index' ) LIMIT 1   [ RunTime:0.002000s ]
SQL: SHOW COLUMNS FROM `jkd_ad` [ RunTime:0.026001s ]
SQL: SELECT * FROM `jkd_ad` WHERE ( `lang` = 'zh-cn' ) AND ( `position` = 'wxqr' ) ORDER BY sort DESC  [ RunTime:0.002001s ]
SQL: SELECT * FROM `jkd_ad` WHERE ( `lang` = 'zh-cn' ) AND ( `position` = 'index' ) ORDER BY sort DESC  [ RunTime:0.001000s ]
SQL: SELECT * FROM `jkd_ad` WHERE ( `lang` = 'zh-cn' ) AND ( `position` = 'bottom' ) ORDER BY sort DESC  [ RunTime:0.001000s ]
SQL: SHOW COLUMNS FROM `jkd_news` [ RunTime:0.008000s ]
SQL: SELECT * FROM `jkd_news` WHERE ( status=1 ) ORDER BY id desc LIMIT 8   [ RunTime:0.029002s ]
SQL: SHOW COLUMNS FROM `jkd_gif` [ RunTime:0.052003s ]
SQL: SELECT `image_id` FROM `jkd_gif` WHERE ( id=1 ) LIMIT 1   [ RunTime:0.001000s ]
SQL: SHOW COLUMNS FROM `jkd_images` [ RunTime:0.046003s ]
SQL: SELECT `savepath` FROM `jkd_images` WHERE ( `id` IN ('321','322','323','324','325','326','327','328') )  [ RunTime:0.027001s ]
INFO: [ view_parse ] --START--
NOTIC: [2] explode() expects parameter 2 to be string, array given D:\www\yaheng\include\Library\Think\Template.class.php 第 169 行.
NOTIC: [2] Invalid argument supplied for foreach() D:\www\yaheng\include\Library\Think\Template.class.php 第 170 行.
NOTIC: [2] explode() expects parameter 2 to be string, array given D:\www\yaheng\include\Library\Think\Template.class.php 第 169 行.
NOTIC: [2] Invalid argument supplied for foreach() D:\www\yaheng\include\Library\Think\Template.class.php 第 170 行.
NOTIC: [2] explode() expects parameter 2 to be string, array given D:\www\yaheng\include\Library\Think\Template.class.php 第 169 行.
NOTIC: [2] Invalid argument supplied for foreach() D:\www\yaheng\include\Library\Think\Template.class.php 第 170 行.
NOTIC: [8] Undefined index: limit D:\www\yaheng\include\Library\Think\Template\TagLib\Weblock.class.php 第 88 行.
INFO: [ template_filter ] --START--
INFO: Run Behavior\ContentReplaceBehavior [ RunTime:0.001000s ]
INFO: [ template_filter ] --END-- [ RunTime:0.002000s ]
NOTIC: [8] Undefined variable: info D:\www\yaheng\Application\Runtime\Cache\Home\4c169d1beb682410761268f13d1beb68.php 第 16 行.
NOTIC: [8] Undefined variable: info D:\www\yaheng\Application\Runtime\Cache\Home\4c169d1beb682410761268f13d1beb68.php 第 17 行.
SQL: SHOW COLUMNS FROM `jkd_nav` [ RunTime:0.007000s ]
SQL: SELECT * FROM `jkd_nav` WHERE ( lang='zh-cn'  AND type='top' AND parent_id=0 ) ORDER BY sort DESC  [ RunTime:0.001000s ]
SQL: SELECT * FROM `jkd_nav` WHERE ( parent_id=71 ) ORDER BY sort DESC  [ RunTime:0.001000s ]
SQL: SELECT * FROM `jkd_nav` WHERE ( parent_id=70 ) ORDER BY sort DESC  [ RunTime:0.001000s ]
SQL: SELECT * FROM `jkd_nav` WHERE ( parent_id=69 ) ORDER BY sort DESC  [ RunTime:0.000000s ]
SQL: SELECT * FROM `jkd_nav` WHERE ( parent_id=67 ) ORDER BY sort DESC  [ RunTime:0.001001s ]
SQL: SELECT * FROM `jkd_nav` WHERE ( parent_id=61 ) ORDER BY sort DESC  [ RunTime:0.000000s ]
SQL: SELECT * FROM `jkd_nav` WHERE ( parent_id=57 ) ORDER BY sort DESC  [ RunTime:0.001000s ]
SQL: SELECT * FROM `jkd_nav` WHERE ( parent_id=56 ) ORDER BY sort DESC  [ RunTime:0.000000s ]
INFO: Run Behavior\ParseTemplateBehavior [ RunTime:0.166010s ]
INFO: [ view_parse ] --END-- [ RunTime:0.167010s ]
INFO: [ view_filter ] --START--
INFO: Run Behavior\WriteHtmlCacheBehavior [ RunTime:0.014001s ]
INFO: [ view_filter ] --END-- [ RunTime:0.014001s ]
INFO: [ app_end ] --START--
INFO: Run Behavior\ShowPageTraceBehavior [ RunTime:0.002000s ]
INFO: [ app_end ] --END-- [ RunTime:0.003000s ]

[ 2015-09-01T09:13:53+08:00 ] 127.0.0.1 /yaheng/favicon.ico
INFO: [ app_init ] --START--
INFO: Run Behavior\BuildLiteBehavior [ RunTime:0.000000s ]
INFO: [ app_init ] --END-- [ RunTime:0.002000s ]
INFO: [ app_begin ] --START--
INFO: Run Behavior\ReadHtmlCacheBehavior [ RunTime:0.001000s ]
INFO: Run Behavior\CheckLangBehavior [ RunTime:0.003000s ]
INFO: [ app_begin ] --END-- [ RunTime:0.004000s ]
NOTIC: [8192] mysql_connect(): The mysql extension is deprecated and will be removed in the future: use mysqli or PDO instead D:\www\yaheng\include\Library\Think\Db\Driver\Mysql.class.php 第 52 行.
SQL: SHOW COLUMNS FROM `jkd_company` [ RunTime:0.005000s ]
ERR: 1146:Table 'yaheng.jkd_company' doesn't exist
 [ SQL语句 ] : SHOW COLUMNS FROM `jkd_company`
SQL: SELECT * FROM `jkd_company`  [ RunTime:0.001000s ]
ERR: 1146:Table 'yaheng.jkd_company' doesn't exist
 [ SQL语句 ] : SELECT * FROM `jkd_company` 
SQL: SHOW COLUMNS FROM `jkd_nav` [ RunTime:0.006000s ]
SQL: SELECT `nav_name` FROM `jkd_nav` WHERE ( action='favicon.ico' ) LIMIT 1   [ RunTime:0.001000s ]
SQL: SHOW COLUMNS FROM `jkd_ad` [ RunTime:0.006001s ]
SQL: SELECT * FROM `jkd_ad` WHERE ( `lang` = 'zh-cn' ) AND ( `position` = 'wxqr' ) ORDER BY sort DESC  [ RunTime:0.001000s ]
INFO: [ view_parse ] --START--
NOTIC: [2] explode() expects parameter 2 to be string, array given D:\www\yaheng\include\Library\Think\Template.class.php 第 169 行.
NOTIC: [2] Invalid argument supplied for foreach() D:\www\yaheng\include\Library\Think\Template.class.php 第 170 行.
INFO: [ template_filter ] --START--
INFO: Run Behavior\ContentReplaceBehavior [ RunTime:0.000000s ]
INFO: [ template_filter ] --END-- [ RunTime:0.000000s ]
INFO: Run Behavior\ParseTemplateBehavior [ RunTime:0.021001s ]
INFO: [ view_parse ] --END-- [ RunTime:0.021001s ]
INFO: [ view_filter ] --START--
INFO: Run Behavior\WriteHtmlCacheBehavior [ RunTime:0.001000s ]
INFO: [ view_filter ] --END-- [ RunTime:0.002000s ]
INFO: [ app_end ] --START--
INFO: Run Behavior\ShowPageTraceBehavior [ RunTime:0.001000s ]
INFO: [ app_end ] --END-- [ RunTime:0.002000s ]

[ 2015-09-01T09:14:04+08:00 ] 127.0.0.1 /yaheng/
INFO: [ app_init ] --START--
INFO: Run Behavior\BuildLiteBehavior [ RunTime:0.000000s ]
INFO: [ app_init ] --END-- [ RunTime:0.001000s ]
INFO: [ app_begin ] --START--
INFO: Run Behavior\ReadHtmlCacheBehavior [ RunTime:0.001000s ]
INFO: Run Behavior\CheckLangBehavior [ RunTime:0.002000s ]
INFO: [ app_begin ] --END-- [ RunTime:0.003000s ]
NOTIC: [8192] mysql_connect(): The mysql extension is deprecated and will be removed in the future: use mysqli or PDO instead D:\www\yaheng\include\Library\Think\Db\Driver\Mysql.class.php 第 52 行.
SQL: SHOW COLUMNS FROM `jkd_company` [ RunTime:0.005000s ]
ERR: 1146:Table 'yaheng.jkd_company' doesn't exist
 [ SQL语句 ] : SHOW COLUMNS FROM `jkd_company`
SQL: SELECT * FROM `jkd_company`  [ RunTime:0.001000s ]
ERR: 1146:Table 'yaheng.jkd_company' doesn't exist
 [ SQL语句 ] : SELECT * FROM `jkd_company` 
SQL: SHOW COLUMNS FROM `jkd_nav` [ RunTime:0.006000s ]
SQL: SELECT `nav_name` FROM `jkd_nav` WHERE ( action='index' ) LIMIT 1   [ RunTime:0.001000s ]
SQL: SHOW COLUMNS FROM `jkd_ad` [ RunTime:0.006001s ]
SQL: SELECT * FROM `jkd_ad` WHERE ( `lang` = 'zh-cn' ) AND ( `position` = 'wxqr' ) ORDER BY sort DESC  [ RunTime:0.001000s ]
SQL: SELECT * FROM `jkd_ad` WHERE ( `lang` = 'zh-cn' ) AND ( `position` = 'index' ) ORDER BY sort DESC  [ RunTime:0.000000s ]
SQL: SELECT * FROM `jkd_ad` WHERE ( `lang` = 'zh-cn' ) AND ( `position` = 'bottom' ) ORDER BY sort DESC  [ RunTime:0.001000s ]
SQL: SHOW COLUMNS FROM `jkd_news` [ RunTime:0.007001s ]
SQL: SELECT * FROM `jkd_news` WHERE ( status=1 ) ORDER BY id desc LIMIT 8   [ RunTime:0.002000s ]
SQL: SHOW COLUMNS FROM `jkd_gif` [ RunTime:0.006000s ]
SQL: SELECT `image_id` FROM `jkd_gif` WHERE ( id=1 ) LIMIT 1   [ RunTime:0.001000s ]
SQL: SHOW COLUMNS FROM `jkd_images` [ RunTime:0.006001s ]
SQL: SELECT `savepath` FROM `jkd_images` WHERE ( `id` IN ('321','322','323','324','325','326','327','328') )  [ RunTime:0.000000s ]
INFO: [ view_parse ] --START--
NOTIC: [2] explode() expects parameter 2 to be string, array given D:\www\yaheng\include\Library\Think\Template.class.php 第 169 行.
NOTIC: [2] Invalid argument supplied for foreach() D:\www\yaheng\include\Library\Think\Template.class.php 第 170 行.
NOTIC: [2] explode() expects parameter 2 to be string, array given D:\www\yaheng\include\Library\Think\Template.class.php 第 169 行.
NOTIC: [2] Invalid argument supplied for foreach() D:\www\yaheng\include\Library\Think\Template.class.php 第 170 行.
NOTIC: [2] explode() expects parameter 2 to be string, array given D:\www\yaheng\include\Library\Think\Template.class.php 第 169 行.
NOTIC: [2] Invalid argument supplied for foreach() D:\www\yaheng\include\Library\Think\Template.class.php 第 170 行.
NOTIC: [8] Undefined index: limit D:\www\yaheng\include\Library\Think\Template\TagLib\Weblock.class.php 第 88 行.
INFO: [ template_filter ] --START--
INFO: Run Behavior\ContentReplaceBehavior [ RunTime:0.000000s ]
INFO: [ template_filter ] --END-- [ RunTime:0.000000s ]
NOTIC: [8] Undefined variable: info D:\www\yaheng\Application\Runtime\Cache\Home\4c169d1beb682410761268f13d1beb68.php 第 16 行.
NOTIC: [8] Undefined variable: info D:\www\yaheng\Application\Runtime\Cache\Home\4c169d1beb682410761268f13d1beb68.php 第 17 行.
SQL: SHOW COLUMNS FROM `jkd_nav` [ RunTime:0.006000s ]
SQL: SELECT * FROM `jkd_nav` WHERE ( lang='zh-cn'  AND type='top' AND parent_id=0 ) ORDER BY sort DESC  [ RunTime:0.001000s ]
SQL: SELECT * FROM `jkd_nav` WHERE ( parent_id=71 ) ORDER BY sort DESC  [ RunTime:0.000000s ]
SQL: SELECT * FROM `jkd_nav` WHERE ( parent_id=70 ) ORDER BY sort DESC  [ RunTime:0.000000s ]
SQL: SELECT * FROM `jkd_nav` WHERE ( parent_id=69 ) ORDER BY sort DESC  [ RunTime:0.000000s ]
SQL: SELECT * FROM `jkd_nav` WHERE ( parent_id=67 ) ORDER BY sort DESC  [ RunTime:0.000000s ]
SQL: SELECT * FROM `jkd_nav` WHERE ( parent_id=61 ) ORDER BY sort DESC  [ RunTime:0.001000s ]
SQL: SELECT * FROM `jkd_nav` WHERE ( parent_id=57 ) ORDER BY sort DESC  [ RunTime:0.000000s ]
SQL: SELECT * FROM `jkd_nav` WHERE ( parent_id=56 ) ORDER BY sort DESC  [ RunTime:0.001000s ]
INFO: Run Behavior\ParseTemplateBehavior [ RunTime:0.061003s ]
INFO: [ view_parse ] --END-- [ RunTime:0.062003s ]
INFO: [ view_filter ] --START--
INFO: Run Behavior\WriteHtmlCacheBehavior [ RunTime:0.001000s ]
INFO: [ view_filter ] --END-- [ RunTime:0.001000s ]
INFO: [ app_end ] --START--
INFO: Run Behavior\ShowPageTraceBehavior [ RunTime:0.001001s ]
INFO: [ app_end ] --END-- [ RunTime:0.002001s ]

[ 2015-09-01T09:14:05+08:00 ] 127.0.0.1 /yaheng/favicon.ico
INFO: [ app_init ] --START--
INFO: Run Behavior\BuildLiteBehavior [ RunTime:0.000000s ]
INFO: [ app_init ] --END-- [ RunTime:0.002000s ]
INFO: [ app_begin ] --START--
INFO: Run Behavior\ReadHtmlCacheBehavior [ RunTime:0.001001s ]
INFO: Run Behavior\CheckLangBehavior [ RunTime:0.002000s ]
INFO: [ app_begin ] --END-- [ RunTime:0.005001s ]
NOTIC: [8192] mysql_connect(): The mysql extension is deprecated and will be removed in the future: use mysqli or PDO instead D:\www\yaheng\include\Library\Think\Db\Driver\Mysql.class.php 第 52 行.
SQL: SHOW COLUMNS FROM `jkd_company` [ RunTime:0.005001s ]
ERR: 1146:Table 'yaheng.jkd_company' doesn't exist
 [ SQL语句 ] : SHOW COLUMNS FROM `jkd_company`
SQL: SELECT * FROM `jkd_company`  [ RunTime:0.001000s ]
ERR: 1146:Table 'yaheng.jkd_company' doesn't exist
 [ SQL语句 ] : SELECT * FROM `jkd_company` 
SQL: SHOW COLUMNS FROM `jkd_nav` [ RunTime:0.008000s ]
SQL: SELECT `nav_name` FROM `jkd_nav` WHERE ( action='favicon.ico' ) LIMIT 1   [ RunTime:0.000000s ]
SQL: SHOW COLUMNS FROM `jkd_ad` [ RunTime:0.008000s ]
SQL: SELECT * FROM `jkd_ad` WHERE ( `lang` = 'zh-cn' ) AND ( `position` = 'wxqr' ) ORDER BY sort DESC  [ RunTime:0.001000s ]
INFO: [ view_parse ] --START--
NOTIC: [2] explode() expects parameter 2 to be string, array given D:\www\yaheng\include\Library\Think\Template.class.php 第 169 行.
NOTIC: [2] Invalid argument supplied for foreach() D:\www\yaheng\include\Library\Think\Template.class.php 第 170 行.
INFO: [ template_filter ] --START--
INFO: Run Behavior\ContentReplaceBehavior [ RunTime:0.000000s ]
INFO: [ template_filter ] --END-- [ RunTime:0.000000s ]
INFO: Run Behavior\ParseTemplateBehavior [ RunTime:0.018001s ]
INFO: [ view_parse ] --END-- [ RunTime:0.018001s ]
INFO: [ view_filter ] --START--
INFO: Run Behavior\WriteHtmlCacheBehavior [ RunTime:0.001000s ]
INFO: [ view_filter ] --END-- [ RunTime:0.001000s ]
INFO: [ app_end ] --START--
INFO: Run Behavior\ShowPageTraceBehavior [ RunTime:0.001000s ]
INFO: [ app_end ] --END-- [ RunTime:0.002000s ]

[ 2015-09-01T09:14:29+08:00 ] 127.0.0.1 /yaheng/
INFO: [ app_init ] --START--
INFO: Run Behavior\BuildLiteBehavior [ RunTime:0.000000s ]
INFO: [ app_init ] --END-- [ RunTime:0.001000s ]
INFO: [ app_begin ] --START--
INFO: Run Behavior\ReadHtmlCacheBehavior [ RunTime:0.001000s ]
INFO: Run Behavior\CheckLangBehavior [ RunTime:0.002000s ]
INFO: [ app_begin ] --END-- [ RunTime:0.005000s ]
NOTIC: [8192] mysql_connect(): The mysql extension is deprecated and will be removed in the future: use mysqli or PDO instead D:\www\yaheng\include\Library\Think\Db\Driver\Mysql.class.php 第 52 行.
SQL: SHOW COLUMNS FROM `jkd_company` [ RunTime:0.007001s ]
ERR: 1146:Table 'yaheng.jkd_company' doesn't exist
 [ SQL语句 ] : SHOW COLUMNS FROM `jkd_company`
SQL: SELECT * FROM `jkd_company`  [ RunTime:0.000000s ]
ERR: 1146:Table 'yaheng.jkd_company' doesn't exist
 [ SQL语句 ] : SELECT * FROM `jkd_company` 
SQL: SHOW COLUMNS FROM `jkd_nav` [ RunTime:0.007000s ]
SQL: SELECT `nav_name` FROM `jkd_nav` WHERE ( action='index' ) LIMIT 1   [ RunTime:0.000000s ]
SQL: SHOW COLUMNS FROM `jkd_ad` [ RunTime:0.008001s ]
SQL: SELECT * FROM `jkd_ad` WHERE ( `lang` = 'zh-cn' ) AND ( `position` = 'wxqr' ) ORDER BY sort DESC  [ RunTime:0.001000s ]
SQL: SELECT * FROM `jkd_ad` WHERE ( `lang` = 'zh-cn' ) AND ( `position` = 'index' ) ORDER BY sort DESC  [ RunTime:0.001000s ]
SQL: SELECT * FROM `jkd_ad` WHERE ( `lang` = 'zh-cn' ) AND ( `position` = 'bottom' ) ORDER BY sort DESC  [ RunTime:0.001000s ]
SQL: SHOW COLUMNS FROM `jkd_news` [ RunTime:0.008001s ]
SQL: SELECT * FROM `jkd_news` WHERE ( status=1 ) ORDER BY id desc LIMIT 8   [ RunTime:0.002000s ]
SQL: SHOW COLUMNS FROM `jkd_gif` [ RunTime:0.007000s ]
SQL: SELECT `image_id` FROM `jkd_gif` WHERE ( id=1 ) LIMIT 1   [ RunTime:0.001000s ]
SQL: SHOW COLUMNS FROM `jkd_images` [ RunTime:0.007000s ]
SQL: SELECT `savepath` FROM `jkd_images` WHERE ( `id` IN ('321','322','323','324','325','326','327','328') )  [ RunTime:0.001000s ]
INFO: [ view_parse ] --START--
NOTIC: [2] explode() expects parameter 2 to be string, array given D:\www\yaheng\include\Library\Think\Template.class.php 第 169 行.
NOTIC: [2] Invalid argument supplied for foreach() D:\www\yaheng\include\Library\Think\Template.class.php 第 170 行.
NOTIC: [2] explode() expects parameter 2 to be string, array given D:\www\yaheng\include\Library\Think\Template.class.php 第 169 行.
NOTIC: [2] Invalid argument supplied for foreach() D:\www\yaheng\include\Library\Think\Template.class.php 第 170 行.
NOTIC: [2] explode() expects parameter 2 to be string, array given D:\www\yaheng\include\Library\Think\Template.class.php 第 169 行.
NOTIC: [2] Invalid argument supplied for foreach() D:\www\yaheng\include\Library\Think\Template.class.php 第 170 行.
NOTIC: [8] Undefined index: limit D:\www\yaheng\include\Library\Think\Template\TagLib\Weblock.class.php 第 88 行.
INFO: [ template_filter ] --START--
INFO: Run Behavior\ContentReplaceBehavior [ RunTime:0.001000s ]
INFO: [ template_filter ] --END-- [ RunTime:0.001000s ]
NOTIC: [8] Undefined variable: info D:\www\yaheng\Application\Runtime\Cache\Home\4c169d1beb682410761268f13d1beb68.php 第 16 行.
NOTIC: [8] Undefined variable: info D:\www\yaheng\Application\Runtime\Cache\Home\4c169d1beb682410761268f13d1beb68.php 第 17 行.
SQL: SHOW COLUMNS FROM `jkd_nav` [ RunTime:0.009000s ]
SQL: SELECT * FROM `jkd_nav` WHERE ( lang='zh-cn'  AND type='top' AND parent_id=0 ) ORDER BY sort DESC  [ RunTime:0.001000s ]
SQL: SELECT * FROM `jkd_nav` WHERE ( parent_id=71 ) ORDER BY sort DESC  [ RunTime:0.000000s ]
SQL: SELECT * FROM `jkd_nav` WHERE ( parent_id=70 ) ORDER BY sort DESC  [ RunTime:0.001000s ]
SQL: SELECT * FROM `jkd_nav` WHERE ( parent_id=69 ) ORDER BY sort DESC  [ RunTime:0.000000s ]
SQL: SELECT * FROM `jkd_nav` WHERE ( parent_id=67 ) ORDER BY sort DESC  [ RunTime:0.001000s ]
SQL: SELECT * FROM `jkd_nav` WHERE ( parent_id=61 ) ORDER BY sort DESC  [ RunTime:0.001000s ]
SQL: SELECT * FROM `jkd_nav` WHERE ( parent_id=57 ) ORDER BY sort DESC  [ RunTime:0.001000s ]
SQL: SELECT * FROM `jkd_nav` WHERE ( parent_id=56 ) ORDER BY sort DESC  [ RunTime:0.001000s ]
INFO: Run Behavior\ParseTemplateBehavior [ RunTime:0.068004s ]
INFO: [ view_parse ] --END-- [ RunTime:0.068004s ]
INFO: [ view_filter ] --START--
INFO: Run Behavior\WriteHtmlCacheBehavior [ RunTime:0.001000s ]
INFO: [ view_filter ] --END-- [ RunTime:0.001000s ]
INFO: [ app_end ] --START--
INFO: Run Behavior\ShowPageTraceBehavior [ RunTime:0.001000s ]
INFO: [ app_end ] --END-- [ RunTime:0.001000s ]

[ 2015-09-01T09:14:30+08:00 ] 127.0.0.1 /yaheng/favicon.ico
INFO: [ app_init ] --START--
INFO: Run Behavior\BuildLiteBehavior [ RunTime:0.000000s ]
INFO: [ app_init ] --END-- [ RunTime:0.000000s ]
INFO: [ app_begin ] --START--
INFO: Run Behavior\ReadHtmlCacheBehavior [ RunTime:0.001000s ]
INFO: Run Behavior\CheckLangBehavior [ RunTime:0.003000s ]
INFO: [ app_begin ] --END-- [ RunTime:0.004000s ]
NOTIC: [8192] mysql_connect(): The mysql extension is deprecated and will be removed in the future: use mysqli or PDO instead D:\www\yaheng\include\Library\Think\Db\Driver\Mysql.class.php 第 52 行.
SQL: SHOW COLUMNS FROM `jkd_company` [ RunTime:0.006000s ]
ERR: 1146:Table 'yaheng.jkd_company' doesn't exist
 [ SQL语句 ] : SHOW COLUMNS FROM `jkd_company`
SQL: SELECT * FROM `jkd_company`  [ RunTime:0.000000s ]
ERR: 1146:Table 'yaheng.jkd_company' doesn't exist
 [ SQL语句 ] : SELECT * FROM `jkd_company` 
SQL: SHOW COLUMNS FROM `jkd_nav` [ RunTime:0.006001s ]
SQL: SELECT `nav_name` FROM `jkd_nav` WHERE ( action='favicon.ico' ) LIMIT 1   [ RunTime:0.000000s ]
SQL: SHOW COLUMNS FROM `jkd_ad` [ RunTime:0.007000s ]
SQL: SELECT * FROM `jkd_ad` WHERE ( `lang` = 'zh-cn' ) AND ( `position` = 'wxqr' ) ORDER BY sort DESC  [ RunTime:0.000000s ]
INFO: [ view_parse ] --START--
NOTIC: [2] explode() expects parameter 2 to be string, array given D:\www\yaheng\include\Library\Think\Template.class.php 第 169 行.
NOTIC: [2] Invalid argument supplied for foreach() D:\www\yaheng\include\Library\Think\Template.class.php 第 170 行.
INFO: [ template_filter ] --START--
INFO: Run Behavior\ContentReplaceBehavior [ RunTime:0.001000s ]
INFO: [ template_filter ] --END-- [ RunTime:0.001000s ]
INFO: Run Behavior\ParseTemplateBehavior [ RunTime:0.014000s ]
INFO: [ view_parse ] --END-- [ RunTime:0.014000s ]
INFO: [ view_filter ] --START--
INFO: Run Behavior\WriteHtmlCacheBehavior [ RunTime:0.001000s ]
INFO: [ view_filter ] --END-- [ RunTime:0.002000s ]
INFO: [ app_end ] --START--
INFO: Run Behavior\ShowPageTraceBehavior [ RunTime:0.001000s ]
INFO: [ app_end ] --END-- [ RunTime:0.001000s ]

[ 2015-09-01T09:47:38+08:00 ] 127.0.0.1 /yaheng/
INFO: [ app_init ] --START--
INFO: Run Behavior\BuildLiteBehavior [ RunTime:0.000000s ]
INFO: [ app_init ] --END-- [ RunTime:0.001000s ]
INFO: [ app_begin ] --START--
INFO: Run Behavior\ReadHtmlCacheBehavior [ RunTime:0.001000s ]
INFO: Run Behavior\CheckLangBehavior [ RunTime:0.003000s ]
INFO: [ app_begin ] --END-- [ RunTime:0.005000s ]
NOTIC: [8192] mysql_connect(): The mysql extension is deprecated and will be removed in the future: use mysqli or PDO instead D:\www\yaheng\include\Library\Think\Db\Driver\Mysql.class.php 第 52 行.
SQL: SHOW COLUMNS FROM `jkd_company` [ RunTime:0.007000s ]
ERR: 1146:Table 'yaheng.jkd_company' doesn't exist
 [ SQL语句 ] : SHOW COLUMNS FROM `jkd_company`
SQL: SELECT * FROM `jkd_company`  [ RunTime:0.001000s ]
ERR: 1146:Table 'yaheng.jkd_company' doesn't exist
 [ SQL语句 ] : SELECT * FROM `jkd_company` 
SQL: SHOW COLUMNS FROM `jkd_nav` [ RunTime:0.008001s ]
SQL: SELECT `nav_name` FROM `jkd_nav` WHERE ( action='index' ) LIMIT 1   [ RunTime:0.000000s ]
SQL: SHOW COLUMNS FROM `jkd_ad` [ RunTime:0.008001s ]
SQL: SELECT * FROM `jkd_ad` WHERE ( `lang` = 'zh-cn' ) AND ( `position` = 'wxqr' ) ORDER BY sort DESC  [ RunTime:0.001000s ]
SQL: SELECT * FROM `jkd_ad` WHERE ( `lang` = 'zh-cn' ) AND ( `position` = 'index' ) ORDER BY sort DESC  [ RunTime:0.001000s ]
SQL: SELECT * FROM `jkd_ad` WHERE ( `lang` = 'zh-cn' ) AND ( `position` = 'bottom' ) ORDER BY sort DESC  [ RunTime:0.001000s ]
SQL: SHOW COLUMNS FROM `jkd_news` [ RunTime:0.010001s ]
SQL: SELECT * FROM `jkd_news` WHERE ( status=1 ) ORDER BY id desc LIMIT 8   [ RunTime:0.002000s ]
SQL: SHOW COLUMNS FROM `jkd_gif` [ RunTime:0.009000s ]
SQL: SELECT `image_id` FROM `jkd_gif` WHERE ( id=1 ) LIMIT 1   [ RunTime:0.000000s ]
SQL: SHOW COLUMNS FROM `jkd_images` [ RunTime:0.008001s ]
SQL: SELECT `savepath` FROM `jkd_images` WHERE ( `id` IN ('321','322','323','324','325','326','327','328') )  [ RunTime:0.001000s ]
INFO: [ view_parse ] --START--
NOTIC: [2] explode() expects parameter 2 to be string, array given D:\www\yaheng\include\Library\Think\Template.class.php 第 169 行.
NOTIC: [2] Invalid argument supplied for foreach() D:\www\yaheng\include\Library\Think\Template.class.php 第 170 行.
NOTIC: [2] explode() expects parameter 2 to be string, array given D:\www\yaheng\include\Library\Think\Template.class.php 第 169 行.
NOTIC: [2] Invalid argument supplied for foreach() D:\www\yaheng\include\Library\Think\Template.class.php 第 170 行.
NOTIC: [2] explode() expects parameter 2 to be string, array given D:\www\yaheng\include\Library\Think\Template.class.php 第 169 行.
NOTIC: [2] Invalid argument supplied for foreach() D:\www\yaheng\include\Library\Think\Template.class.php 第 170 行.
NOTIC: [8] Undefined index: limit D:\www\yaheng\include\Library\Think\Template\TagLib\Weblock.class.php 第 88 行.
INFO: [ template_filter ] --START--
INFO: Run Behavior\ContentReplaceBehavior [ RunTime:0.000000s ]
INFO: [ template_filter ] --END-- [ RunTime:0.001000s ]
NOTIC: [8] Undefined variable: info D:\www\yaheng\Application\Runtime\Cache\Home\4c169d1beb682410761268f13d1beb68.php 第 16 行.
NOTIC: [8] Undefined variable: info D:\www\yaheng\Application\Runtime\Cache\Home\4c169d1beb682410761268f13d1beb68.php 第 17 行.
SQL: SHOW COLUMNS FROM `jkd_nav` [ RunTime:0.010000s ]
SQL: SELECT * FROM `jkd_nav` WHERE ( lang='zh-cn'  AND type='top' AND parent_id=0 ) ORDER BY sort DESC  [ RunTime:0.001000s ]
SQL: SELECT * FROM `jkd_nav` WHERE ( parent_id=71 ) ORDER BY sort DESC  [ RunTime:0.000000s ]
SQL: SELECT * FROM `jkd_nav` WHERE ( parent_id=70 ) ORDER BY sort DESC  [ RunTime:0.001000s ]
SQL: SELECT * FROM `jkd_nav` WHERE ( parent_id=69 ) ORDER BY sort DESC  [ RunTime:0.000000s ]
SQL: SELECT * FROM `jkd_nav` WHERE ( parent_id=67 ) ORDER BY sort DESC  [ RunTime:0.001000s ]
SQL: SELECT * FROM `jkd_nav` WHERE ( parent_id=61 ) ORDER BY sort DESC  [ RunTime:0.001000s ]
SQL: SELECT * FROM `jkd_nav` WHERE ( parent_id=57 ) ORDER BY sort DESC  [ RunTime:0.001000s ]
SQL: SELECT * FROM `jkd_nav` WHERE ( parent_id=56 ) ORDER BY sort DESC  [ RunTime:0.000000s ]
INFO: Run Behavior\ParseTemplateBehavior [ RunTime:0.073004s ]
INFO: [ view_parse ] --END-- [ RunTime:0.074004s ]
INFO: [ view_filter ] --START--
INFO: Run Behavior\WriteHtmlCacheBehavior [ RunTime:0.001000s ]
INFO: [ view_filter ] --END-- [ RunTime:0.001000s ]
INFO: [ app_end ] --START--
INFO: Run Behavior\ShowPageTraceBehavior [ RunTime:0.001001s ]
INFO: [ app_end ] --END-- [ RunTime:0.001001s ]

[ 2015-09-01T09:47:40+08:00 ] 127.0.0.1 /yaheng/favicon.ico
INFO: [ app_init ] --START--
INFO: Run Behavior\BuildLiteBehavior [ RunTime:0.000000s ]
INFO: [ app_init ] --END-- [ RunTime:0.001000s ]
INFO: [ app_begin ] --START--
INFO: Run Behavior\ReadHtmlCacheBehavior [ RunTime:0.002001s ]
INFO: Run Behavior\CheckLangBehavior [ RunTime:0.003000s ]
INFO: [ app_begin ] --END-- [ RunTime:0.005001s ]
NOTIC: [8192] mysql_connect(): The mysql extension is deprecated and will be removed in the future: use mysqli or PDO instead D:\www\yaheng\include\Library\Think\Db\Driver\Mysql.class.php 第 52 行.
SQL: SHOW COLUMNS FROM `jkd_company` [ RunTime:0.009000s ]
ERR: 1146:Table 'yaheng.jkd_company' doesn't exist
 [ SQL语句 ] : SHOW COLUMNS FROM `jkd_company`
SQL: SELECT * FROM `jkd_company`  [ RunTime:0.001001s ]
ERR: 1146:Table 'yaheng.jkd_company' doesn't exist
 [ SQL语句 ] : SELECT * FROM `jkd_company` 
SQL: SHOW COLUMNS FROM `jkd_nav` [ RunTime:0.010000s ]
SQL: SELECT `nav_name` FROM `jkd_nav` WHERE ( action='favicon.ico' ) LIMIT 1   [ RunTime:0.001000s ]
SQL: SHOW COLUMNS FROM `jkd_ad` [ RunTime:0.010001s ]
SQL: SELECT * FROM `jkd_ad` WHERE ( `lang` = 'zh-cn' ) AND ( `position` = 'wxqr' ) ORDER BY sort DESC  [ RunTime:0.001000s ]
INFO: [ view_parse ] --START--
NOTIC: [2] explode() expects parameter 2 to be string, array given D:\www\yaheng\include\Library\Think\Template.class.php 第 169 行.
NOTIC: [2] Invalid argument supplied for foreach() D:\www\yaheng\include\Library\Think\Template.class.php 第 170 行.
INFO: [ template_filter ] --START--
INFO: Run Behavior\ContentReplaceBehavior [ RunTime:0.000000s ]
INFO: [ template_filter ] --END-- [ RunTime:0.000000s ]
INFO: Run Behavior\ParseTemplateBehavior [ RunTime:0.020001s ]
INFO: [ view_parse ] --END-- [ RunTime:0.021001s ]
INFO: [ view_filter ] --START--
INFO: Run Behavior\WriteHtmlCacheBehavior [ RunTime:0.001000s ]
INFO: [ view_filter ] --END-- [ RunTime:0.002000s ]
INFO: [ app_end ] --START--
INFO: Run Behavior\ShowPageTraceBehavior [ RunTime:0.001001s ]
INFO: [ app_end ] --END-- [ RunTime:0.002001s ]

